{"uuid":"2a3844db-5e01-4031-a83b-498cb988c575","historyId":"cc03b2d87831a86fd1333c123d5bfb4f","fullName":"tests.Admin.UserManagement.UserManagementTest.createUser","labels":[{"name":"package","value":"tests.Admin.UserManagement.UserManagementTest"},{"name":"testClass","value":"tests.Admin.UserManagement.UserManagementTest"},{"name":"testMethod","value":"createUser"},{"name":"parentSuite","value":"Default Suite"},{"name":"suite","value":"OrangeHRM_Automation"},{"name":"subSuite","value":"tests.Admin.UserManagement.UserManagementTest"},{"name":"host","value":"AMALITECH-PC10166"},{"name":"thread","value":"20944@AMALITECH-PC10166.main(1)"},{"name":"framework","value":"testng"},{"name":"language","value":"java"}],"links":[],"name":"createUser","status":"failed","statusDetails":{"known":false,"muted":false,"flaky":false,"message":"Invalid element state [By.xpath: //div[contains(@class, 'oxd-select-wrapper')][1]]: element click intercepted: Element <div data-v-13cf171c=\"\" class=\"oxd-select-wrapper\">...</div> is not clickable at point (540, 347). Other element would receive the click: <div data-v-d130bb63=\"\" data-v-13cf171c=\"\" role=\"option\" class=\"oxd-select-option --selected\">...</div>\r\nScreenshot: file:/C:/Users/TahiruYussif/Projects/OrangeHRM_Automation/build/reports/tests/1726098654898.0.png\r\nPage source: file:/C:/Users/TahiruYussif/Projects/OrangeHRM_Automation/build/reports/tests/1726098654898.0.html\r\nTimeout: 10 s.\r\nCaused by: ElementClickInterceptedException: element click intercepted: Element <div data-v-13cf171c=\"\" class=\"oxd-select-wrapper\">...</div> is not clickable at point (540, 347). Other element would receive the click: <div data-v-d130bb63=\"\" data-v-13cf171c=\"\" role=\"option\" class=\"oxd-select-option --selected\">...</div>","trace":"Invalid element state [By.xpath: //div[contains(@class, 'oxd-select-wrapper')][1]]: element click intercepted: Element <div data-v-13cf171c=\"\" class=\"oxd-select-wrapper\">...</div> is not clickable at point (540, 347). Other element would receive the click: <div data-v-d130bb63=\"\" data-v-13cf171c=\"\" role=\"option\" class=\"oxd-select-option --selected\">...</div>\r\nScreenshot: file:/C:/Users/TahiruYussif/Projects/OrangeHRM_Automation/build/reports/tests/1726098654898.0.png\r\nPage source: file:/C:/Users/TahiruYussif/Projects/OrangeHRM_Automation/build/reports/tests/1726098654898.0.html\r\nTimeout: 10 s.\r\nCaused by: ElementClickInterceptedException: element click intercepted: Element <div data-v-13cf171c=\"\" class=\"oxd-select-wrapper\">...</div> is not clickable at point (540, 347). Other element would receive the click: <div data-v-d130bb63=\"\" data-v-13cf171c=\"\" role=\"option\" class=\"oxd-select-option --selected\">...</div>\r\n\tat com.codeborne.selenide.impl.ExceptionWrapper.wrap(ExceptionWrapper.java:26)\r\n\tat com.codeborne.selenide.impl.SelenideElementProxy.dispatchAndRetry(SelenideElementProxy.java:156)\r\n\tat com.codeborne.selenide.impl.SelenideElementProxy.invoke(SelenideElementProxy.java:86)\r\n\tat jdk.proxy2/jdk.proxy2.$Proxy25.click(Unknown Source)\r\n\tat OrangeHrmProject.pages.AdminPage.userManagementPage.selectStatus(userManagementPage.java:37)\r\n\tat tests.Admin.UserManagement.UserManagementTest.createUser(UserManagementTest.java:61)\r\n\tat java.base/jdk.internal.reflect.DirectMethodHandleAccessor.invoke(DirectMethodHandleAccessor.java:103)\r\n\tat java.base/java.lang.reflect.Method.invoke(Method.java:580)\r\n\tat org.testng.internal.invokers.MethodInvocationHelper.invokeMethod(MethodInvocationHelper.java:141)\r\n\tat org.testng.internal.invokers.TestInvoker.invokeMethod(TestInvoker.java:686)\r\n\tat org.testng.internal.invokers.TestInvoker.invokeTestMethod(TestInvoker.java:230)\r\n\tat org.testng.internal.invokers.MethodRunner.runInSequence(MethodRunner.java:63)\r\n\tat org.testng.internal.invokers.TestInvoker$MethodInvocationAgent.invoke(TestInvoker.java:992)\r\n\tat org.testng.internal.invokers.TestInvoker.invokeTestMethods(TestInvoker.java:203)\r\n\tat org.testng.internal.invokers.TestMethodWorker.invokeTestMethods(TestMethodWorker.java:154)\r\n\tat org.testng.internal.invokers.TestMethodWorker.run(TestMethodWorker.java:134)\r\n\tat java.base/java.util.ArrayList.forEach(ArrayList.java:1597)\r\n\tat org.testng.TestRunner.privateRun(TestRunner.java:739)\r\n\tat org.testng.TestRunner.run(TestRunner.java:614)\r\n\tat org.testng.SuiteRunner.runTest(SuiteRunner.java:421)\r\n\tat org.testng.SuiteRunner.runSequentially(SuiteRunner.java:413)\r\n\tat org.testng.SuiteRunner.privateRun(SuiteRunner.java:373)\r\n\tat org.testng.SuiteRunner.run(SuiteRunner.java:312)\r\n\tat org.testng.SuiteRunnerWorker.runSuite(SuiteRunnerWorker.java:52)\r\n\tat org.testng.SuiteRunnerWorker.run(SuiteRunnerWorker.java:95)\r\n\tat org.testng.TestNG.runSuitesSequentially(TestNG.java:1274)\r\n\tat org.testng.TestNG.runSuitesLocally(TestNG.java:1208)\r\n\tat org.testng.TestNG.runSuites(TestNG.java:1112)\r\n\tat org.testng.TestNG.run(TestNG.java:1079)\r\n\tat com.intellij.rt.testng.IDEARemoteTestNG.run(IDEARemoteTestNG.java:65)\r\n\tat com.intellij.rt.testng.RemoteTestNGStarter.main(RemoteTestNGStarter.java:105)\r\nCaused by: org.openqa.selenium.ElementClickInterceptedException: element click intercepted: Element <div data-v-13cf171c=\"\" class=\"oxd-select-wrapper\">...</div> is not clickable at point (540, 347). Other element would receive the click: <div data-v-d130bb63=\"\" data-v-13cf171c=\"\" role=\"option\" class=\"oxd-select-option --selected\">...</div>\n  (Session info: chrome=128.0.6613.137)\nBuild info: version: '4.19.1', revision: 'abe0ee07dc'\nSystem info: os.name: 'Windows 11', os.arch: 'amd64', os.version: '10.0', java.version: '22.0.1'\nDriver info: org.openqa.selenium.chrome.ChromeDriver\nCommand: [b33bb61e9d3e962f572d4733384c70e1, clickElement {id=f.85467B7BE83DEC98C2819EC34337E5A5.d.A9EBF77168D7A241676A09236BA02337.e.89}]\nCapabilities {acceptInsecureCerts: true, browserName: chrome, browserVersion: 128.0.6613.137, chrome: {chromedriverVersion: 128.0.6613.137 (fe621c5aa2d..., userDataDir: C:\\Users\\TAHIRU~1\\AppData\\L...}, fedcm:accounts: true, goog:chromeOptions: {debuggerAddress: localhost:55663}, networkConnectionEnabled: false, pageLoadStrategy: normal, platformName: windows, proxy: Proxy(), se:cdp: ws://localhost:55663/devtoo..., se:cdpVersion: 128.0.6613.137, setWindowRect: true, strictFileInteractability: false, timeouts: {implicit: 0, pageLoad: 300000, script: 30000}, unhandledPromptBehavior: accept, webauthn:extension:credBlob: true, webauthn:extension:largeBlob: true, webauthn:extension:minPinLength: true, webauthn:extension:prf: true, webauthn:virtualAuthenticators: true}\nElement: [[ChromeDriver: chrome on windows (b33bb61e9d3e962f572d4733384c70e1)] -> xpath: //div[contains(@class, 'oxd-select-wrapper')]]\nSession ID: b33bb61e9d3e962f572d4733384c70e1\r\n\tat java.base/jdk.internal.reflect.DirectConstructorHandleAccessor.newInstance(DirectConstructorHandleAccessor.java:62)\r\n\tat java.base/java.lang.reflect.Constructor.newInstanceWithCaller(Constructor.java:502)\r\n\tat java.base/java.lang.reflect.Constructor.newInstance(Constructor.java:486)\r\n\tat org.openqa.selenium.remote.ErrorCodec.decode(ErrorCodec.java:167)\r\n\tat org.openqa.selenium.remote.codec.w3c.W3CHttpResponseCodec.decode(W3CHttpResponseCodec.java:138)\r\n\tat org.openqa.selenium.remote.codec.w3c.W3CHttpResponseCodec.decode(W3CHttpResponseCodec.java:50)\r\n\tat org.openqa.selenium.remote.HttpCommandExecutor.execute(HttpCommandExecutor.java:190)\r\n\tat org.openqa.selenium.remote.service.DriverCommandExecutor.invokeExecute(DriverCommandExecutor.java:216)\r\n\tat org.openqa.selenium.remote.service.DriverCommandExecutor.execute(DriverCommandExecutor.java:174)\r\n\tat org.openqa.selenium.remote.RemoteWebDriver.execute(RemoteWebDriver.java:518)\r\n\tat org.openqa.selenium.remote.RemoteWebElement.execute(RemoteWebElement.java:223)\r\n\tat org.openqa.selenium.remote.RemoteWebElement.click(RemoteWebElement.java:76)\r\n\tat com.codeborne.selenide.commands.Click.defaultClick(Click.java:106)\r\n\tat com.codeborne.selenide.commands.Click.doClick(Click.java:83)\r\n\tat com.codeborne.selenide.commands.Click.click(Click.java:59)\r\n\tat com.codeborne.selenide.commands.Click.execute(Click.java:34)\r\n\tat com.codeborne.selenide.commands.Click.execute(Click.java:26)\r\n\tat com.codeborne.selenide.commands.Commands.execute(Commands.java:162)\r\n\tat com.codeborne.selenide.impl.SelenideElementProxy.dispatchAndRetry(SelenideElementProxy.java:134)\r\n\t... 29 more\r\n"},"stage":"finished","steps":[],"attachments":[],"parameters":[],"start":1726098643585,"stop":1726098655091}