{"uuid":"668583e7-feb3-40b1-bc12-768fba696e14","historyId":"a6c6280c06a7095967095cf04ad2c10e","fullName":"tests.Admin.Job.JobTitle.JobTitleTest.createJobTitle","labels":[{"name":"package","value":"tests.Admin.Job.JobTitle.JobTitleTest"},{"name":"testClass","value":"tests.Admin.Job.JobTitle.JobTitleTest"},{"name":"testMethod","value":"createJobTitle"},{"name":"parentSuite","value":"Default Suite"},{"name":"suite","value":"OrangeHRM_Automation"},{"name":"subSuite","value":"tests.Admin.Job.JobTitle.JobTitleTest"},{"name":"host","value":"AMALITECH-PC10166"},{"name":"thread","value":"20384@AMALITECH-PC10166.main(1)"},{"name":"framework","value":"testng"},{"name":"language","value":"java"}],"links":[],"name":"createJobTitle","status":"failed","statusDetails":{"known":false,"muted":false,"flaky":false,"message":"Element not found {.oxd-input.oxd-input--active[1]}\r\nExpected: visible\r\nScreenshot: file:/C:/Users/TahiruYussif/Projects/OrangeHRM_Automation/build/reports/tests/1734388874882.0.png\r\nPage source: file:/C:/Users/TahiruYussif/Projects/OrangeHRM_Automation/build/reports/tests/1734388874882.0.html\r\nTimeout: 10 s.\r\nCaused by: java.lang.IndexOutOfBoundsException: Index 1 out of bounds for length 1","trace":"Element not found {.oxd-input.oxd-input--active[1]}\r\nExpected: visible\r\nScreenshot: file:/C:/Users/TahiruYussif/Projects/OrangeHRM_Automation/build/reports/tests/1734388874882.0.png\r\nPage source: file:/C:/Users/TahiruYussif/Projects/OrangeHRM_Automation/build/reports/tests/1734388874882.0.html\r\nTimeout: 10 s.\r\nCaused by: java.lang.IndexOutOfBoundsException: Index 1 out of bounds for length 1\r\n\tat com.codeborne.selenide.impl.WebElementSource.createElementNotFoundError(WebElementSource.java:90)\r\n\tat com.codeborne.selenide.impl.CollectionElement.createElementNotFoundError(CollectionElement.java:76)\r\n\tat com.codeborne.selenide.impl.WebElementSource.handleError(WebElementSource.java:142)\r\n\tat com.codeborne.selenide.impl.WebElementSource.checkConditionAndReturnElement(WebElementSource.java:126)\r\n\tat com.codeborne.selenide.impl.WebElementSource.checkCondition(WebElementSource.java:103)\r\n\tat com.codeborne.selenide.commands.Should.execute(Should.java:30)\r\n\tat com.codeborne.selenide.commands.Should.execute(Should.java:14)\r\n\tat com.codeborne.selenide.commands.Commands.execute(Commands.java:162)\r\n\tat com.codeborne.selenide.impl.SelenideElementProxy.dispatchAndRetry(SelenideElementProxy.java:134)\r\n\tat com.codeborne.selenide.impl.SelenideElementProxy.invoke(SelenideElementProxy.java:86)\r\n\tat jdk.proxy2/jdk.proxy2.$Proxy25.shouldBe(Unknown Source)\r\n\tat OrangeHrmProject.pages.JobPage.JobTitlePage.enterJobDescription(JobTitlePage.java:38)\r\n\tat tests.Admin.Job.JobTitle.JobTitleTest.createJobTitle(JobTitleTest.java:56)\r\n\tat java.base/jdk.internal.reflect.DirectMethodHandleAccessor.invoke(DirectMethodHandleAccessor.java:103)\r\n\tat java.base/java.lang.reflect.Method.invoke(Method.java:580)\r\n\tat org.testng.internal.invokers.MethodInvocationHelper.invokeMethod(MethodInvocationHelper.java:141)\r\n\tat org.testng.internal.invokers.TestInvoker.invokeMethod(TestInvoker.java:686)\r\n\tat org.testng.internal.invokers.TestInvoker.invokeTestMethod(TestInvoker.java:230)\r\n\tat org.testng.internal.invokers.MethodRunner.runInSequence(MethodRunner.java:63)\r\n\tat org.testng.internal.invokers.TestInvoker$MethodInvocationAgent.invoke(TestInvoker.java:992)\r\n\tat org.testng.internal.invokers.TestInvoker.invokeTestMethods(TestInvoker.java:203)\r\n\tat org.testng.internal.invokers.TestMethodWorker.invokeTestMethods(TestMethodWorker.java:154)\r\n\tat org.testng.internal.invokers.TestMethodWorker.run(TestMethodWorker.java:134)\r\n\tat java.base/java.util.ArrayList.forEach(ArrayList.java:1597)\r\n\tat org.testng.TestRunner.privateRun(TestRunner.java:739)\r\n\tat org.testng.TestRunner.run(TestRunner.java:614)\r\n\tat org.testng.SuiteRunner.runTest(SuiteRunner.java:421)\r\n\tat org.testng.SuiteRunner.runSequentially(SuiteRunner.java:413)\r\n\tat org.testng.SuiteRunner.privateRun(SuiteRunner.java:373)\r\n\tat org.testng.SuiteRunner.run(SuiteRunner.java:312)\r\n\tat org.testng.SuiteRunnerWorker.runSuite(SuiteRunnerWorker.java:52)\r\n\tat org.testng.SuiteRunnerWorker.run(SuiteRunnerWorker.java:95)\r\n\tat org.testng.TestNG.runSuitesSequentially(TestNG.java:1274)\r\n\tat org.testng.TestNG.runSuitesLocally(TestNG.java:1208)\r\n\tat org.testng.TestNG.runSuites(TestNG.java:1112)\r\n\tat org.testng.TestNG.run(TestNG.java:1079)\r\n\tat com.intellij.rt.testng.IDEARemoteTestNG.run(IDEARemoteTestNG.java:65)\r\n\tat com.intellij.rt.testng.RemoteTestNGStarter.main(RemoteTestNGStarter.java:105)\r\nCaused by: java.lang.IndexOutOfBoundsException: Index 1 out of bounds for length 1\r\n\tat java.base/jdk.internal.util.Preconditions.outOfBounds(Preconditions.java:100)\r\n\tat java.base/jdk.internal.util.Preconditions.outOfBoundsCheckIndex(Preconditions.java:106)\r\n\tat java.base/jdk.internal.util.Preconditions.checkIndex(Preconditions.java:302)\r\n\tat java.base/java.util.Objects.checkIndex(Objects.java:365)\r\n\tat java.base/java.util.ArrayList.get(ArrayList.java:428)\r\n\tat com.codeborne.selenide.impl.WebElementSelector.findElement(WebElementSelector.java:36)\r\n\tat com.codeborne.selenide.impl.BySelectorCollection.getElement(BySelectorCollection.java:47)\r\n\tat com.codeborne.selenide.impl.CollectionElement.getWebElement(CollectionElement.java:53)\r\n\tat com.codeborne.selenide.impl.WebElementSource.checkConditionAndReturnElement(WebElementSource.java:115)\r\n\t... 34 more\r\n"},"stage":"finished","steps":[],"attachments":[],"parameters":[],"start":1734388863197,"stop":1734388875065}