{"uuid":"7edecb1e-1173-4da9-bb2b-a1f79fcc5492","historyId":"6d1819c2d295ca806d5325738642dba","fullName":"tests.Leaves.Settings.LeavesType.performAddLeaveTypeTest","labels":[{"name":"package","value":"tests.Leaves.Settings.LeavesType"},{"name":"testClass","value":"tests.Leaves.Settings.LeavesType"},{"name":"testMethod","value":"performAddLeaveTypeTest"},{"name":"parentSuite","value":"Default Suite"},{"name":"suite","value":"ARMS_SELENIUM_AUTOMATION"},{"name":"subSuite","value":"tests.Leaves.Settings.LeavesType"},{"name":"host","value":"AMALITECH-PC10166"},{"name":"thread","value":"31764@AMALITECH-PC10166.main(1)"},{"name":"framework","value":"testng"},{"name":"language","value":"java"}],"links":[],"name":"test description","status":"failed","statusDetails":{"known":false,"muted":false,"flaky":false,"message":"Element not found {[data-cy='dropDownList'][3]}\r\nExpected: clickable: interactable and enabled\r\nScreenshot: file:/C:/Users/TahiruYussif/Projects/ARMS_SELENIUM_AUTOMATION/build/reports/tests/1724284022012.0.png\r\nPage source: file:/C:/Users/TahiruYussif/Projects/ARMS_SELENIUM_AUTOMATION/build/reports/tests/1724284022012.0.html\r\nTimeout: 10 s.\r\nCaused by: java.lang.IndexOutOfBoundsException: Index 3 out of bounds for length 2","trace":"Element not found {[data-cy='dropDownList'][3]}\r\nExpected: clickable: interactable and enabled\r\nScreenshot: file:/C:/Users/TahiruYussif/Projects/ARMS_SELENIUM_AUTOMATION/build/reports/tests/1724284022012.0.png\r\nPage source: file:/C:/Users/TahiruYussif/Projects/ARMS_SELENIUM_AUTOMATION/build/reports/tests/1724284022012.0.html\r\nTimeout: 10 s.\r\nCaused by: java.lang.IndexOutOfBoundsException: Index 3 out of bounds for length 2\r\n\tat com.codeborne.selenide.impl.WebElementSource.createElementNotFoundError(WebElementSource.java:90)\r\n\tat com.codeborne.selenide.impl.CollectionElement.createElementNotFoundError(CollectionElement.java:76)\r\n\tat com.codeborne.selenide.impl.WebElementSource.handleError(WebElementSource.java:142)\r\n\tat com.codeborne.selenide.impl.WebElementSource.checkConditionAndReturnElement(WebElementSource.java:126)\r\n\tat com.codeborne.selenide.impl.WebElementSource.findAndAssertElementIsClickable(WebElementSource.java:178)\r\n\tat com.codeborne.selenide.commands.Click.findElement(Click.java:53)\r\n\tat com.codeborne.selenide.commands.Click.execute(Click.java:34)\r\n\tat com.codeborne.selenide.commands.Click.execute(Click.java:26)\r\n\tat com.codeborne.selenide.commands.Commands.execute(Commands.java:162)\r\n\tat com.codeborne.selenide.impl.SelenideElementProxy.dispatchAndRetry(SelenideElementProxy.java:134)\r\n\tat com.codeborne.selenide.impl.SelenideElementProxy.invoke(SelenideElementProxy.java:86)\r\n\tat jdk.proxy2/jdk.proxy2.$Proxy9.click(Unknown Source)\r\n\tat ArmsProject.pages.Leaves.LeaveTypePage.selectOrganisation(LeaveTypePage.java:44)\r\n\tat tests.Leaves.Settings.LeavesType.performAddLeaveTypeTest(LeavesType.java:40)\r\n\tat java.base/jdk.internal.reflect.DirectMethodHandleAccessor.invoke(DirectMethodHandleAccessor.java:103)\r\n\tat java.base/java.lang.reflect.Method.invoke(Method.java:580)\r\n\tat org.testng.internal.invokers.MethodInvocationHelper.invokeMethod(MethodInvocationHelper.java:141)\r\n\tat org.testng.internal.invokers.TestInvoker.invokeMethod(TestInvoker.java:686)\r\n\tat org.testng.internal.invokers.TestInvoker.invokeTestMethod(TestInvoker.java:230)\r\n\tat org.testng.internal.invokers.MethodRunner.runInSequence(MethodRunner.java:63)\r\n\tat org.testng.internal.invokers.TestInvoker$MethodInvocationAgent.invoke(TestInvoker.java:992)\r\n\tat org.testng.internal.invokers.TestInvoker.invokeTestMethods(TestInvoker.java:203)\r\n\tat org.testng.internal.invokers.TestMethodWorker.invokeTestMethods(TestMethodWorker.java:154)\r\n\tat org.testng.internal.invokers.TestMethodWorker.run(TestMethodWorker.java:134)\r\n\tat java.base/java.util.ArrayList.forEach(ArrayList.java:1597)\r\n\tat org.testng.TestRunner.privateRun(TestRunner.java:739)\r\n\tat org.testng.TestRunner.run(TestRunner.java:614)\r\n\tat org.testng.SuiteRunner.runTest(SuiteRunner.java:421)\r\n\tat org.testng.SuiteRunner.runSequentially(SuiteRunner.java:413)\r\n\tat org.testng.SuiteRunner.privateRun(SuiteRunner.java:373)\r\n\tat org.testng.SuiteRunner.run(SuiteRunner.java:312)\r\n\tat org.testng.SuiteRunnerWorker.runSuite(SuiteRunnerWorker.java:52)\r\n\tat org.testng.SuiteRunnerWorker.run(SuiteRunnerWorker.java:95)\r\n\tat org.testng.TestNG.runSuitesSequentially(TestNG.java:1274)\r\n\tat org.testng.TestNG.runSuitesLocally(TestNG.java:1208)\r\n\tat org.testng.TestNG.runSuites(TestNG.java:1112)\r\n\tat org.testng.TestNG.run(TestNG.java:1079)\r\n\tat com.intellij.rt.testng.IDEARemoteTestNG.run(IDEARemoteTestNG.java:65)\r\n\tat com.intellij.rt.testng.RemoteTestNGStarter.main(RemoteTestNGStarter.java:105)\r\nCaused by: java.lang.IndexOutOfBoundsException: Index 3 out of bounds for length 2\r\n\tat java.base/jdk.internal.util.Preconditions.outOfBounds(Preconditions.java:100)\r\n\tat java.base/jdk.internal.util.Preconditions.outOfBoundsCheckIndex(Preconditions.java:106)\r\n\tat java.base/jdk.internal.util.Preconditions.checkIndex(Preconditions.java:302)\r\n\tat java.base/java.util.Objects.checkIndex(Objects.java:365)\r\n\tat java.base/java.util.ArrayList.get(ArrayList.java:428)\r\n\tat com.codeborne.selenide.impl.WebElementSelector.findElement(WebElementSelector.java:36)\r\n\tat com.codeborne.selenide.impl.BySelectorCollection.getElement(BySelectorCollection.java:47)\r\n\tat com.codeborne.selenide.impl.CollectionElement.getWebElement(CollectionElement.java:53)\r\n\tat com.codeborne.selenide.impl.WebElementSource.checkConditionAndReturnElement(WebElementSource.java:115)\r\n\t... 35 more\r\n"},"stage":"finished","steps":[],"attachments":[],"parameters":[],"start":1724284009479,"stop":1724284022193}