{"uid":"117cfa72ca6c4149","name":"test description","fullName":"tests.Leaves.Settings.LeavesType.performAddLeaveTypeTest","historyId":"6d1819c2d295ca806d5325738642dba","time":{"start":1722938257781,"stop":1722938268947,"duration":11166},"status":"failed","statusMessage":"Invalid element state [[data-cy='addLeaveType']]: element click intercepted: Element <button data-v-975a6d76=\"\" class=\"button primary  shadow-md flex items-center justify-center gap-1\" data-cy=\"addLeaveType\">...</button> is not clickable at point (1156, 314). Other element would receive the click: <div class=\"flex flex-col justify-center items-center absolute right-0 left-0 top-0 bottom-0 bg-opacity-95 bg-white z-30 rounded-md\">...</div>\r\nScreenshot: file:/C:/Users/TahiruYussif/Projects/ARMS_SELENIUM_AUTOMATION/build/reports/tests/1722938268804.0.png\r\nPage source: file:/C:/Users/TahiruYussif/Projects/ARMS_SELENIUM_AUTOMATION/build/reports/tests/1722938268804.0.html\r\nTimeout: 10 s.\r\nCaused by: ElementClickInterceptedException: element click intercepted: Element <button data-v-975a6d76=\"\" class=\"button primary  shadow-md flex items-center justify-center gap-1\" data-cy=\"addLeaveType\">...</button> is not clickable at point (1156, 314). Other element would receive the click: <div class=\"flex flex-col justify-center items-center absolute right-0 left-0 top-0 bottom-0 bg-opacity-95 bg-white z-30 rounded-md\">...</div>","statusTrace":"Invalid element state [[data-cy='addLeaveType']]: element click intercepted: Element <button data-v-975a6d76=\"\" class=\"button primary  shadow-md flex items-center justify-center gap-1\" data-cy=\"addLeaveType\">...</button> is not clickable at point (1156, 314). Other element would receive the click: <div class=\"flex flex-col justify-center items-center absolute right-0 left-0 top-0 bottom-0 bg-opacity-95 bg-white z-30 rounded-md\">...</div>\r\nScreenshot: file:/C:/Users/TahiruYussif/Projects/ARMS_SELENIUM_AUTOMATION/build/reports/tests/1722938268804.0.png\r\nPage source: file:/C:/Users/TahiruYussif/Projects/ARMS_SELENIUM_AUTOMATION/build/reports/tests/1722938268804.0.html\r\nTimeout: 10 s.\r\nCaused by: ElementClickInterceptedException: element click intercepted: Element <button data-v-975a6d76=\"\" class=\"button primary  shadow-md flex items-center justify-center gap-1\" data-cy=\"addLeaveType\">...</button> is not clickable at point (1156, 314). Other element would receive the click: <div class=\"flex flex-col justify-center items-center absolute right-0 left-0 top-0 bottom-0 bg-opacity-95 bg-white z-30 rounded-md\">...</div>\r\n\tat com.codeborne.selenide.impl.ExceptionWrapper.wrap(ExceptionWrapper.java:26)\r\n\tat com.codeborne.selenide.impl.SelenideElementProxy.dispatchAndRetry(SelenideElementProxy.java:156)\r\n\tat com.codeborne.selenide.impl.SelenideElementProxy.invoke(SelenideElementProxy.java:86)\r\n\tat jdk.proxy2/jdk.proxy2.$Proxy9.click(Unknown Source)\r\n\tat ArmsProject.pages.Leaves.LeaveType.clickAddLeaveTypeButton(LeaveType.java:17)\r\n\tat tests.Leaves.Settings.LeavesType.performAddLeaveTypeTest(LeavesType.java:31)\r\n\tat java.base/jdk.internal.reflect.DirectMethodHandleAccessor.invoke(DirectMethodHandleAccessor.java:103)\r\n\tat java.base/java.lang.reflect.Method.invoke(Method.java:580)\r\n\tat org.testng.internal.invokers.MethodInvocationHelper.invokeMethod(MethodInvocationHelper.java:141)\r\n\tat org.testng.internal.invokers.TestInvoker.invokeMethod(TestInvoker.java:686)\r\n\tat org.testng.internal.invokers.TestInvoker.invokeTestMethod(TestInvoker.java:230)\r\n\tat org.testng.internal.invokers.MethodRunner.runInSequence(MethodRunner.java:63)\r\n\tat org.testng.internal.invokers.TestInvoker$MethodInvocationAgent.invoke(TestInvoker.java:992)\r\n\tat org.testng.internal.invokers.TestInvoker.invokeTestMethods(TestInvoker.java:203)\r\n\tat org.testng.internal.invokers.TestMethodWorker.invokeTestMethods(TestMethodWorker.java:154)\r\n\tat org.testng.internal.invokers.TestMethodWorker.run(TestMethodWorker.java:134)\r\n\tat java.base/java.util.ArrayList.forEach(ArrayList.java:1597)\r\n\tat org.testng.TestRunner.privateRun(TestRunner.java:739)\r\n\tat org.testng.TestRunner.run(TestRunner.java:614)\r\n\tat org.testng.SuiteRunner.runTest(SuiteRunner.java:421)\r\n\tat org.testng.SuiteRunner.runSequentially(SuiteRunner.java:413)\r\n\tat org.testng.SuiteRunner.privateRun(SuiteRunner.java:373)\r\n\tat org.testng.SuiteRunner.run(SuiteRunner.java:312)\r\n\tat org.testng.SuiteRunnerWorker.runSuite(SuiteRunnerWorker.java:52)\r\n\tat org.testng.SuiteRunnerWorker.run(SuiteRunnerWorker.java:95)\r\n\tat org.testng.TestNG.runSuitesSequentially(TestNG.java:1274)\r\n\tat org.testng.TestNG.runSuitesLocally(TestNG.java:1208)\r\n\tat org.testng.TestNG.runSuites(TestNG.java:1112)\r\n\tat org.testng.TestNG.run(TestNG.java:1079)\r\n\tat com.intellij.rt.testng.IDEARemoteTestNG.run(IDEARemoteTestNG.java:65)\r\n\tat com.intellij.rt.testng.RemoteTestNGStarter.main(RemoteTestNGStarter.java:105)\r\nCaused by: org.openqa.selenium.ElementClickInterceptedException: element click intercepted: Element <button data-v-975a6d76=\"\" class=\"button primary  shadow-md flex items-center justify-center gap-1\" data-cy=\"addLeaveType\">...</button> is not clickable at point (1156, 314). Other element would receive the click: <div class=\"flex flex-col justify-center items-center absolute right-0 left-0 top-0 bottom-0 bg-opacity-95 bg-white z-30 rounded-md\">...</div>\n  (Session info: chrome=127.0.6533.89)\nBuild info: version: '4.19.1', revision: 'abe0ee07dc'\nSystem info: os.name: 'Windows 11', os.arch: 'amd64', os.version: '10.0', java.version: '22.0.1'\nDriver info: org.openqa.selenium.chrome.ChromeDriver\nCommand: [17ebdbcb4bb91e01a0451efb5bb0ad54, clickElement {id=f.F2B7A2A8D698BFC9892423C7893D6515.d.EE5CE7087F85295BC403591100D542F0.e.46}]\nCapabilities {acceptInsecureCerts: true, browserName: chrome, browserVersion: 127.0.6533.89, chrome: {chromedriverVersion: 127.0.6533.88 (a2d0cb026721..., userDataDir: C:\\Users\\TAHIRU~1\\AppData\\L...}, fedcm:accounts: true, goog:chromeOptions: {debuggerAddress: localhost:51517}, networkConnectionEnabled: false, pageLoadStrategy: normal, platformName: windows, proxy: Proxy(), se:cdp: ws://localhost:51517/devtoo..., se:cdpVersion: 127.0.6533.89, setWindowRect: true, strictFileInteractability: false, timeouts: {implicit: 0, pageLoad: 300000, script: 30000}, unhandledPromptBehavior: accept, webauthn:extension:credBlob: true, webauthn:extension:largeBlob: true, webauthn:extension:minPinLength: true, webauthn:extension:prf: true, webauthn:virtualAuthenticators: true}\nElement: [[ChromeDriver: chrome on windows (17ebdbcb4bb91e01a0451efb5bb0ad54)] -> css selector: [data-cy='addLeaveType']]\nSession ID: 17ebdbcb4bb91e01a0451efb5bb0ad54\r\n\tat java.base/jdk.internal.reflect.DirectConstructorHandleAccessor.newInstance(DirectConstructorHandleAccessor.java:62)\r\n\tat java.base/java.lang.reflect.Constructor.newInstanceWithCaller(Constructor.java:502)\r\n\tat java.base/java.lang.reflect.Constructor.newInstance(Constructor.java:486)\r\n\tat org.openqa.selenium.remote.ErrorCodec.decode(ErrorCodec.java:167)\r\n\tat org.openqa.selenium.remote.codec.w3c.W3CHttpResponseCodec.decode(W3CHttpResponseCodec.java:138)\r\n\tat org.openqa.selenium.remote.codec.w3c.W3CHttpResponseCodec.decode(W3CHttpResponseCodec.java:50)\r\n\tat org.openqa.selenium.remote.HttpCommandExecutor.execute(HttpCommandExecutor.java:190)\r\n\tat org.openqa.selenium.remote.service.DriverCommandExecutor.invokeExecute(DriverCommandExecutor.java:216)\r\n\tat org.openqa.selenium.remote.service.DriverCommandExecutor.execute(DriverCommandExecutor.java:174)\r\n\tat org.openqa.selenium.remote.RemoteWebDriver.execute(RemoteWebDriver.java:518)\r\n\tat org.openqa.selenium.remote.RemoteWebElement.execute(RemoteWebElement.java:223)\r\n\tat org.openqa.selenium.remote.RemoteWebElement.click(RemoteWebElement.java:76)\r\n\tat com.codeborne.selenide.commands.Click.defaultClick(Click.java:106)\r\n\tat com.codeborne.selenide.commands.Click.doClick(Click.java:83)\r\n\tat com.codeborne.selenide.commands.Click.click(Click.java:59)\r\n\tat com.codeborne.selenide.commands.Click.execute(Click.java:34)\r\n\tat com.codeborne.selenide.commands.Click.execute(Click.java:26)\r\n\tat com.codeborne.selenide.commands.Commands.execute(Commands.java:162)\r\n\tat com.codeborne.selenide.impl.SelenideElementProxy.dispatchAndRetry(SelenideElementProxy.java:134)\r\n\t... 29 more\r\n","flaky":false,"newFailed":false,"newBroken":false,"newPassed":false,"retriesCount":0,"retriesStatusChange":false,"beforeStages":[{"name":"setUp","time":{"start":1722938171448,"stop":1722938257697,"duration":86249},"description":"","status":"passed","steps":[],"attachments":[],"parameters":[],"attachmentStep":false,"stepsCount":0,"shouldDisplayMessage":false,"attachmentsCount":0,"hasContent":false}],"afterStages":[],"labels":[{"name":"package","value":"tests.Leaves.Settings.LeavesType"},{"name":"testClass","value":"tests.Leaves.Settings.LeavesType"},{"name":"testMethod","value":"performAddLeaveTypeTest"},{"name":"parentSuite","value":"Default Suite"},{"name":"suite","value":"ARMS_SELENIUM_AUTOMATION"},{"name":"subSuite","value":"tests.Leaves.Settings.LeavesType"},{"name":"host","value":"AMALITECH-PC10166"},{"name":"thread","value":"11504@AMALITECH-PC10166.main(1)"},{"name":"framework","value":"testng"},{"name":"language","value":"java"},{"name":"resultFormat","value":"allure2"}],"parameters":[],"links":[],"hidden":true,"retry":true,"extra":{"categories":[],"tags":[]},"source":"117cfa72ca6c4149.json","parameterValues":[]}