{"uid":"4248a18f0aa14880","name":"test description","fullName":"tests.Leaves.Settings.LeavesType.performAddLeaveTypeTest","historyId":"6d1819c2d295ca806d5325738642dba","time":{"start":1724287407015,"stop":1724287407017,"duration":2},"status":"skipped","statusMessage":"TimeoutException: timeout: Timed out receiving message from renderer: 30.000\r\nScreenshot: file:/C:/Users/TahiruYussif/Projects/ARMS_SELENIUM_AUTOMATION/build/reports/tests/1724287406426.0.png\r\nPage source: file:/C:/Users/TahiruYussif/Projects/ARMS_SELENIUM_AUTOMATION/build/reports/tests/1724287406426.0.html\r\nTimeout: 10 s.\r\nCaused by: TimeoutException: timeout: Timed out receiving message from renderer: 30.000","statusTrace":"TimeoutException: timeout: Timed out receiving message from renderer: 30.000\r\nScreenshot: file:/C:/Users/TahiruYussif/Projects/ARMS_SELENIUM_AUTOMATION/build/reports/tests/1724287406426.0.png\r\nPage source: file:/C:/Users/TahiruYussif/Projects/ARMS_SELENIUM_AUTOMATION/build/reports/tests/1724287406426.0.html\r\nTimeout: 10 s.\r\nCaused by: TimeoutException: timeout: Timed out receiving message from renderer: 30.000\r\n\tat com.codeborne.selenide.ex.UIAssertionError.wrapToUIAssertionError(UIAssertionError.java:131)\r\n\tat com.codeborne.selenide.ex.UIAssertionError.wrapThrowable(UIAssertionError.java:114)\r\n\tat com.codeborne.selenide.ex.UIAssertionError.wrap(UIAssertionError.java:108)\r\n\tat com.codeborne.selenide.impl.SelenideElementProxy.invoke(SelenideElementProxy.java:96)\r\n\tat jdk.proxy2/jdk.proxy2.$Proxy9.click(Unknown Source)\r\n\tat ArmsProject.pages.LoginPage.clickSignInButton(LoginPage.java:28)\r\n\tat ArmsProject.util.LoginBase.logIn(LoginBase.java:20)\r\n\tat ArmsProject.util.leaveBase.performLeaveHomePageTest(leaveBase.java:12)\r\n\tat tests.Leaves.Settings.LeavesType.setUp(LeavesType.java:19)\r\n\tat java.base/jdk.internal.reflect.DirectMethodHandleAccessor.invoke(DirectMethodHandleAccessor.java:103)\r\n\tat java.base/java.lang.reflect.Method.invoke(Method.java:580)\r\n\tat org.testng.internal.invokers.MethodInvocationHelper.invokeMethod(MethodInvocationHelper.java:141)\r\n\tat org.testng.internal.invokers.MethodInvocationHelper.invokeMethodConsideringTimeout(MethodInvocationHelper.java:71)\r\n\tat org.testng.internal.invokers.ConfigInvoker.invokeConfigurationMethod(ConfigInvoker.java:400)\r\n\tat org.testng.internal.invokers.ConfigInvoker.invokeConfigurations(ConfigInvoker.java:333)\r\n\tat org.testng.internal.invokers.TestInvoker.runConfigMethods(TestInvoker.java:833)\r\n\tat org.testng.internal.invokers.TestInvoker.invokeMethod(TestInvoker.java:600)\r\n\tat org.testng.internal.invokers.TestInvoker.invokeTestMethod(TestInvoker.java:230)\r\n\tat org.testng.internal.invokers.MethodRunner.runInSequence(MethodRunner.java:63)\r\n\tat org.testng.internal.invokers.TestInvoker$MethodInvocationAgent.invoke(TestInvoker.java:992)\r\n\tat org.testng.internal.invokers.TestInvoker.invokeTestMethods(TestInvoker.java:203)\r\n\tat org.testng.internal.invokers.TestMethodWorker.invokeTestMethods(TestMethodWorker.java:154)\r\n\tat org.testng.internal.invokers.TestMethodWorker.run(TestMethodWorker.java:134)\r\n\tat java.base/java.util.ArrayList.forEach(ArrayList.java:1597)\r\n\tat org.testng.TestRunner.privateRun(TestRunner.java:739)\r\n\tat org.testng.TestRunner.run(TestRunner.java:614)\r\n\tat org.testng.SuiteRunner.runTest(SuiteRunner.java:421)\r\n\tat org.testng.SuiteRunner.runSequentially(SuiteRunner.java:413)\r\n\tat org.testng.SuiteRunner.privateRun(SuiteRunner.java:373)\r\n\tat org.testng.SuiteRunner.run(SuiteRunner.java:312)\r\n\tat org.testng.SuiteRunnerWorker.runSuite(SuiteRunnerWorker.java:52)\r\n\tat org.testng.SuiteRunnerWorker.run(SuiteRunnerWorker.java:95)\r\n\tat org.testng.TestNG.runSuitesSequentially(TestNG.java:1274)\r\n\tat org.testng.TestNG.runSuitesLocally(TestNG.java:1208)\r\n\tat org.testng.TestNG.runSuites(TestNG.java:1112)\r\n\tat org.testng.TestNG.run(TestNG.java:1079)\r\n\tat com.intellij.rt.testng.IDEARemoteTestNG.run(IDEARemoteTestNG.java:65)\r\n\tat com.intellij.rt.testng.RemoteTestNGStarter.main(RemoteTestNGStarter.java:105)\r\nCaused by: org.openqa.selenium.TimeoutException: timeout: Timed out receiving message from renderer: 30.000\n  (Session info: chrome=127.0.6533.120)\nBuild info: version: '4.19.1', revision: 'abe0ee07dc'\nSystem info: os.name: 'Windows 11', os.arch: 'amd64', os.version: '10.0', java.version: '22.0.1'\nDriver info: org.openqa.selenium.chrome.ChromeDriver\nCommand: [fa3f120d8eca002a855a81df2c770e12, clickElement {id=f.8F2796B455FD628B148361766EA2A828.d.C925349F9E13B2B6890777BD3B581D29.e.6}]\nCapabilities {acceptInsecureCerts: true, browserName: chrome, browserVersion: 127.0.6533.120, chrome: {chromedriverVersion: 127.0.6533.119 (bdef6783a05..., userDataDir: C:\\Users\\TAHIRU~1\\AppData\\L...}, fedcm:accounts: true, goog:chromeOptions: {debuggerAddress: localhost:51184}, networkConnectionEnabled: false, pageLoadStrategy: normal, platformName: windows, proxy: Proxy(), se:cdp: ws://localhost:51184/devtoo..., se:cdpVersion: 127.0.6533.120, setWindowRect: true, strictFileInteractability: false, timeouts: {implicit: 0, pageLoad: 300000, script: 30000}, unhandledPromptBehavior: accept, webauthn:extension:credBlob: true, webauthn:extension:largeBlob: true, webauthn:extension:minPinLength: true, webauthn:extension:prf: true, webauthn:virtualAuthenticators: true}\nElement: [[ChromeDriver: chrome on windows (fa3f120d8eca002a855a81df2c770e12)] -> css selector: div.cursor-pointer]\nSession ID: fa3f120d8eca002a855a81df2c770e12\r\n\tat java.base/jdk.internal.reflect.DirectConstructorHandleAccessor.newInstance(DirectConstructorHandleAccessor.java:62)\r\n\tat java.base/java.lang.reflect.Constructor.newInstanceWithCaller(Constructor.java:502)\r\n\tat java.base/java.lang.reflect.Constructor.newInstance(Constructor.java:486)\r\n\tat org.openqa.selenium.remote.ErrorCodec.decode(ErrorCodec.java:167)\r\n\tat org.openqa.selenium.remote.codec.w3c.W3CHttpResponseCodec.decode(W3CHttpResponseCodec.java:138)\r\n\tat org.openqa.selenium.remote.codec.w3c.W3CHttpResponseCodec.decode(W3CHttpResponseCodec.java:50)\r\n\tat org.openqa.selenium.remote.HttpCommandExecutor.execute(HttpCommandExecutor.java:190)\r\n\tat org.openqa.selenium.remote.service.DriverCommandExecutor.invokeExecute(DriverCommandExecutor.java:216)\r\n\tat org.openqa.selenium.remote.service.DriverCommandExecutor.execute(DriverCommandExecutor.java:174)\r\n\tat org.openqa.selenium.remote.RemoteWebDriver.execute(RemoteWebDriver.java:518)\r\n\tat org.openqa.selenium.remote.RemoteWebElement.execute(RemoteWebElement.java:223)\r\n\tat org.openqa.selenium.remote.RemoteWebElement.click(RemoteWebElement.java:76)\r\n\tat com.codeborne.selenide.commands.Click.defaultClick(Click.java:106)\r\n\tat com.codeborne.selenide.commands.Click.doClick(Click.java:83)\r\n\tat com.codeborne.selenide.commands.Click.click(Click.java:59)\r\n\tat com.codeborne.selenide.commands.Click.execute(Click.java:34)\r\n\tat com.codeborne.selenide.commands.Click.execute(Click.java:26)\r\n\tat com.codeborne.selenide.commands.Commands.execute(Commands.java:162)\r\n\tat com.codeborne.selenide.impl.SelenideElementProxy.dispatchAndRetry(SelenideElementProxy.java:134)\r\n\tat com.codeborne.selenide.impl.SelenideElementProxy.invoke(SelenideElementProxy.java:86)\r\n\t... 34 more\r\n","flaky":false,"newFailed":false,"newBroken":false,"newPassed":false,"retriesCount":113,"retriesStatusChange":true,"beforeStages":[{"name":"setUp","time":{"start":1724287359499,"stop":1724287406936,"duration":47437},"description":"","status":"failed","statusMessage":"TimeoutException: timeout: Timed out receiving message from renderer: 30.000\r\nScreenshot: file:/C:/Users/TahiruYussif/Projects/ARMS_SELENIUM_AUTOMATION/build/reports/tests/1724287406426.0.png\r\nPage source: file:/C:/Users/TahiruYussif/Projects/ARMS_SELENIUM_AUTOMATION/build/reports/tests/1724287406426.0.html\r\nTimeout: 10 s.\r\nCaused by: TimeoutException: timeout: Timed out receiving message from renderer: 30.000","statusTrace":"TimeoutException: timeout: Timed out receiving message from renderer: 30.000\r\nScreenshot: file:/C:/Users/TahiruYussif/Projects/ARMS_SELENIUM_AUTOMATION/build/reports/tests/1724287406426.0.png\r\nPage source: file:/C:/Users/TahiruYussif/Projects/ARMS_SELENIUM_AUTOMATION/build/reports/tests/1724287406426.0.html\r\nTimeout: 10 s.\r\nCaused by: TimeoutException: timeout: Timed out receiving message from renderer: 30.000\r\n\tat com.codeborne.selenide.ex.UIAssertionError.wrapToUIAssertionError(UIAssertionError.java:131)\r\n\tat com.codeborne.selenide.ex.UIAssertionError.wrapThrowable(UIAssertionError.java:114)\r\n\tat com.codeborne.selenide.ex.UIAssertionError.wrap(UIAssertionError.java:108)\r\n\tat com.codeborne.selenide.impl.SelenideElementProxy.invoke(SelenideElementProxy.java:96)\r\n\tat jdk.proxy2/jdk.proxy2.$Proxy9.click(Unknown Source)\r\n\tat ArmsProject.pages.LoginPage.clickSignInButton(LoginPage.java:28)\r\n\tat ArmsProject.util.LoginBase.logIn(LoginBase.java:20)\r\n\tat ArmsProject.util.leaveBase.performLeaveHomePageTest(leaveBase.java:12)\r\n\tat tests.Leaves.Settings.LeavesType.setUp(LeavesType.java:19)\r\n\tat java.base/jdk.internal.reflect.DirectMethodHandleAccessor.invoke(DirectMethodHandleAccessor.java:103)\r\n\tat java.base/java.lang.reflect.Method.invoke(Method.java:580)\r\n\tat org.testng.internal.invokers.MethodInvocationHelper.invokeMethod(MethodInvocationHelper.java:141)\r\n\tat org.testng.internal.invokers.MethodInvocationHelper.invokeMethodConsideringTimeout(MethodInvocationHelper.java:71)\r\n\tat org.testng.internal.invokers.ConfigInvoker.invokeConfigurationMethod(ConfigInvoker.java:400)\r\n\tat org.testng.internal.invokers.ConfigInvoker.invokeConfigurations(ConfigInvoker.java:333)\r\n\tat org.testng.internal.invokers.TestInvoker.runConfigMethods(TestInvoker.java:833)\r\n\tat org.testng.internal.invokers.TestInvoker.invokeMethod(TestInvoker.java:600)\r\n\tat org.testng.internal.invokers.TestInvoker.invokeTestMethod(TestInvoker.java:230)\r\n\tat org.testng.internal.invokers.MethodRunner.runInSequence(MethodRunner.java:63)\r\n\tat org.testng.internal.invokers.TestInvoker$MethodInvocationAgent.invoke(TestInvoker.java:992)\r\n\tat org.testng.internal.invokers.TestInvoker.invokeTestMethods(TestInvoker.java:203)\r\n\tat org.testng.internal.invokers.TestMethodWorker.invokeTestMethods(TestMethodWorker.java:154)\r\n\tat org.testng.internal.invokers.TestMethodWorker.run(TestMethodWorker.java:134)\r\n\tat java.base/java.util.ArrayList.forEach(ArrayList.java:1597)\r\n\tat org.testng.TestRunner.privateRun(TestRunner.java:739)\r\n\tat org.testng.TestRunner.run(TestRunner.java:614)\r\n\tat org.testng.SuiteRunner.runTest(SuiteRunner.java:421)\r\n\tat org.testng.SuiteRunner.runSequentially(SuiteRunner.java:413)\r\n\tat org.testng.SuiteRunner.privateRun(SuiteRunner.java:373)\r\n\tat org.testng.SuiteRunner.run(SuiteRunner.java:312)\r\n\tat org.testng.SuiteRunnerWorker.runSuite(SuiteRunnerWorker.java:52)\r\n\tat org.testng.SuiteRunnerWorker.run(SuiteRunnerWorker.java:95)\r\n\tat org.testng.TestNG.runSuitesSequentially(TestNG.java:1274)\r\n\tat org.testng.TestNG.runSuitesLocally(TestNG.java:1208)\r\n\tat org.testng.TestNG.runSuites(TestNG.java:1112)\r\n\tat org.testng.TestNG.run(TestNG.java:1079)\r\n\tat com.intellij.rt.testng.IDEARemoteTestNG.run(IDEARemoteTestNG.java:65)\r\n\tat com.intellij.rt.testng.RemoteTestNGStarter.main(RemoteTestNGStarter.java:105)\r\nCaused by: org.openqa.selenium.TimeoutException: timeout: Timed out receiving message from renderer: 30.000\n  (Session info: chrome=127.0.6533.120)\nBuild info: version: '4.19.1', revision: 'abe0ee07dc'\nSystem info: os.name: 'Windows 11', os.arch: 'amd64', os.version: '10.0', java.version: '22.0.1'\nDriver info: org.openqa.selenium.chrome.ChromeDriver\nCommand: [fa3f120d8eca002a855a81df2c770e12, clickElement {id=f.8F2796B455FD628B148361766EA2A828.d.C925349F9E13B2B6890777BD3B581D29.e.6}]\nCapabilities {acceptInsecureCerts: true, browserName: chrome, browserVersion: 127.0.6533.120, chrome: {chromedriverVersion: 127.0.6533.119 (bdef6783a05..., userDataDir: C:\\Users\\TAHIRU~1\\AppData\\L...}, fedcm:accounts: true, goog:chromeOptions: {debuggerAddress: localhost:51184}, networkConnectionEnabled: false, pageLoadStrategy: normal, platformName: windows, proxy: Proxy(), se:cdp: ws://localhost:51184/devtoo..., se:cdpVersion: 127.0.6533.120, setWindowRect: true, strictFileInteractability: false, timeouts: {implicit: 0, pageLoad: 300000, script: 30000}, unhandledPromptBehavior: accept, webauthn:extension:credBlob: true, webauthn:extension:largeBlob: true, webauthn:extension:minPinLength: true, webauthn:extension:prf: true, webauthn:virtualAuthenticators: true}\nElement: [[ChromeDriver: chrome on windows (fa3f120d8eca002a855a81df2c770e12)] -> css selector: div.cursor-pointer]\nSession ID: fa3f120d8eca002a855a81df2c770e12\r\n\tat java.base/jdk.internal.reflect.DirectConstructorHandleAccessor.newInstance(DirectConstructorHandleAccessor.java:62)\r\n\tat java.base/java.lang.reflect.Constructor.newInstanceWithCaller(Constructor.java:502)\r\n\tat java.base/java.lang.reflect.Constructor.newInstance(Constructor.java:486)\r\n\tat org.openqa.selenium.remote.ErrorCodec.decode(ErrorCodec.java:167)\r\n\tat org.openqa.selenium.remote.codec.w3c.W3CHttpResponseCodec.decode(W3CHttpResponseCodec.java:138)\r\n\tat org.openqa.selenium.remote.codec.w3c.W3CHttpResponseCodec.decode(W3CHttpResponseCodec.java:50)\r\n\tat org.openqa.selenium.remote.HttpCommandExecutor.execute(HttpCommandExecutor.java:190)\r\n\tat org.openqa.selenium.remote.service.DriverCommandExecutor.invokeExecute(DriverCommandExecutor.java:216)\r\n\tat org.openqa.selenium.remote.service.DriverCommandExecutor.execute(DriverCommandExecutor.java:174)\r\n\tat org.openqa.selenium.remote.RemoteWebDriver.execute(RemoteWebDriver.java:518)\r\n\tat org.openqa.selenium.remote.RemoteWebElement.execute(RemoteWebElement.java:223)\r\n\tat org.openqa.selenium.remote.RemoteWebElement.click(RemoteWebElement.java:76)\r\n\tat com.codeborne.selenide.commands.Click.defaultClick(Click.java:106)\r\n\tat com.codeborne.selenide.commands.Click.doClick(Click.java:83)\r\n\tat com.codeborne.selenide.commands.Click.click(Click.java:59)\r\n\tat com.codeborne.selenide.commands.Click.execute(Click.java:34)\r\n\tat com.codeborne.selenide.commands.Click.execute(Click.java:26)\r\n\tat com.codeborne.selenide.commands.Commands.execute(Commands.java:162)\r\n\tat com.codeborne.selenide.impl.SelenideElementProxy.dispatchAndRetry(SelenideElementProxy.java:134)\r\n\tat com.codeborne.selenide.impl.SelenideElementProxy.invoke(SelenideElementProxy.java:86)\r\n\t... 34 more\r\n","steps":[],"attachments":[],"parameters":[],"attachmentStep":false,"stepsCount":0,"shouldDisplayMessage":true,"attachmentsCount":0,"hasContent":true}],"afterStages":[],"labels":[{"name":"package","value":"tests.Leaves.Settings.LeavesType"},{"name":"testClass","value":"tests.Leaves.Settings.LeavesType"},{"name":"testMethod","value":"performAddLeaveTypeTest"},{"name":"parentSuite","value":"Default Suite"},{"name":"suite","value":"ARMS_SELENIUM_AUTOMATION"},{"name":"subSuite","value":"tests.Leaves.Settings.LeavesType"},{"name":"host","value":"AMALITECH-PC10166"},{"name":"thread","value":"6876@AMALITECH-PC10166.main(1)"},{"name":"framework","value":"testng"},{"name":"language","value":"java"},{"name":"resultFormat","value":"allure2"}],"parameters":[],"links":[],"hidden":false,"retry":false,"extra":{"severity":"normal","retries":[{"uid":"e7cfcdaf12e4f9af","status":"skipped","statusDetails":"TimeoutException: timeout: Timed out receiving message from renderer: 30.000\r\nScreenshot: file:/C:/Users/TahiruYussif/Projects/ARMS_SELENIUM_AUTOMATION/build/reports/tests/1724287253200.0.png\r\nPage source: file:/C:/Users/TahiruYussif/Projects/ARMS_SELENIUM_AUTOMATION/build/reports/tests/1724287253200.0.html\r\nTimeout: 10 s.\r\nCaused by: TimeoutException: timeout: Timed out receiving message from renderer: 30.000","time":{"start":1724287253813,"stop":1724287253815,"duration":2}},{"uid":"40593bc4b6850501","status":"skipped","statusDetails":"Element not found {input[type='email']}\r\nExpected: editable\r\nPage source: file:/C:/Users/TahiruYussif/Projects/ARMS_SELENIUM_AUTOMATION/build/reports/tests/1724287077156.0.html\r\nTimeout: 10 s.\r\nCaused by: NoSuchWindowException: no such window: target window already closed","time":{"start":1724287077305,"stop":1724287077307,"duration":2}},{"uid":"bd1c7641d4883528","status":"skipped","statusDetails":"timeout: Timed out receiving message from renderer: 29.136\n  (Session info: chrome=127.0.6533.120)\nBuild info: version: '4.19.1', revision: 'abe0ee07dc'\nSystem info: os.name: 'Windows 11', os.arch: 'amd64', os.version: '10.0', java.version: '22.0.1'\nDriver info: org.openqa.selenium.chrome.ChromeDriver\nCommand: [41a08bf57e63bd3d83cb0263c805d130, get {url=https://armsent-test.amalitech-dev.net//login}]\nselenide.url: https://armsent-test.amalitech-dev.net//login\nCapabilities {acceptInsecureCerts: true, browserName: chrome, browserVersion: 127.0.6533.120, chrome: {chromedriverVersion: 127.0.6533.119 (bdef6783a05..., userDataDir: C:\\Users\\TAHIRU~1\\AppData\\L...}, fedcm:accounts: true, goog:chromeOptions: {debuggerAddress: localhost:50617}, networkConnectionEnabled: false, pageLoadStrategy: normal, platformName: windows, proxy: Proxy(), se:cdp: ws://localhost:50617/devtoo..., se:cdpVersion: 127.0.6533.120, setWindowRect: true, strictFileInteractability: false, timeouts: {implicit: 0, pageLoad: 300000, script: 30000}, unhandledPromptBehavior: accept, webauthn:extension:credBlob: true, webauthn:extension:largeBlob: true, webauthn:extension:minPinLength: true, webauthn:extension:prf: true, webauthn:virtualAuthenticators: true}\nselenide.baseUrl: https://armsent-test.amalitech-dev.net/\nSession ID: 41a08bf57e63bd3d83cb0263c805d130","time":{"start":1724287026550,"stop":1724287026552,"duration":2}},{"uid":"84d832c1a56eca09","status":"skipped","statusDetails":"TimeoutException: timeout: Timed out receiving message from renderer: 30.000\r\nPage source: file:/C:/Users/TahiruYussif/Projects/ARMS_SELENIUM_AUTOMATION/build/reports/tests/1724286960685.0.html\r\nTimeout: 10 s.\r\nCaused by: TimeoutException: timeout: Timed out receiving message from renderer: 30.000","time":{"start":1724286973468,"stop":1724286973469,"duration":1}},{"uid":"562966c91dc1ad85","status":"skipped","statusDetails":"TimeoutException: timeout: Timed out receiving message from renderer: 30.000\r\nScreenshot: file:/C:/Users/TahiruYussif/Projects/ARMS_SELENIUM_AUTOMATION/build/reports/tests/1724286631750.0.png\r\nPage source: file:/C:/Users/TahiruYussif/Projects/ARMS_SELENIUM_AUTOMATION/build/reports/tests/1724286631750.0.html\r\nTimeout: 10 s.\r\nCaused by: TimeoutException: timeout: Timed out receiving message from renderer: 30.000","time":{"start":1724286632401,"stop":1724286632403,"duration":2}},{"uid":"45748c389190811c","status":"skipped","statusDetails":"TimeoutException: timeout: Timed out receiving message from renderer: 30.000\r\nScreenshot: file:/C:/Users/TahiruYussif/Projects/ARMS_SELENIUM_AUTOMATION/build/reports/tests/1724286565594.0.png\r\nPage source: file:/C:/Users/TahiruYussif/Projects/ARMS_SELENIUM_AUTOMATION/build/reports/tests/1724286565594.0.html\r\nTimeout: 10 s.\r\nCaused by: TimeoutException: timeout: Timed out receiving message from renderer: 30.000","time":{"start":1724286566255,"stop":1724286566256,"duration":1}},{"uid":"a286e159e0015064","status":"skipped","statusDetails":"TimeoutException: timeout: Timed out receiving message from renderer: 30.000\r\nPage source: file:/C:/Users/TahiruYussif/Projects/ARMS_SELENIUM_AUTOMATION/build/reports/tests/1724286249174.0.html\r\nTimeout: 10 s.\r\nCaused by: TimeoutException: timeout: Timed out receiving message from renderer: 30.000","time":{"start":1724286257816,"stop":1724286257818,"duration":2}},{"uid":"c3b0b31a07d9f57f","status":"skipped","statusDetails":"timeout: Timed out receiving message from renderer: 30.000\n  (Session info: chrome=127.0.6533.120)\nBuild info: version: '4.19.1', revision: 'abe0ee07dc'\nSystem info: os.name: 'Windows 11', os.arch: 'amd64', os.version: '10.0', java.version: '22.0.1'\nDriver info: org.openqa.selenium.chrome.ChromeDriver\nCommand: [ab2751cfb685c8eda6d4dfc74a3c4ba3, getCurrentUrl {}]\nCapabilities {acceptInsecureCerts: true, browserName: chrome, browserVersion: 127.0.6533.120, chrome: {chromedriverVersion: 127.0.6533.119 (bdef6783a05..., userDataDir: C:\\Users\\TAHIRU~1\\AppData\\L...}, fedcm:accounts: true, goog:chromeOptions: {debuggerAddress: localhost:49176}, networkConnectionEnabled: false, pageLoadStrategy: normal, platformName: windows, proxy: Proxy(), se:cdp: ws://localhost:49176/devtoo..., se:cdpVersion: 127.0.6533.120, setWindowRect: true, strictFileInteractability: false, timeouts: {implicit: 0, pageLoad: 300000, script: 30000}, unhandledPromptBehavior: accept, webauthn:extension:credBlob: true, webauthn:extension:largeBlob: true, webauthn:extension:minPinLength: true, webauthn:extension:prf: true, webauthn:virtualAuthenticators: true}\nSession ID: ab2751cfb685c8eda6d4dfc74a3c4ba3","time":{"start":1724286190501,"stop":1724286190502,"duration":1}},{"uid":"23ca88b22ef438d1","status":"skipped","statusDetails":"Element not found {div.cursor-pointer}\r\nExpected: clickable: interactable and enabled\r\nPage source: file:/C:/Users/TahiruYussif/Projects/ARMS_SELENIUM_AUTOMATION/build/reports/tests/1724286113657.0.html\r\nTimeout: 10 s.\r\nCaused by: NoSuchWindowException: no such window: target window already closed","time":{"start":1724286113795,"stop":1724286113796,"duration":1}},{"uid":"16c8d1bd492277e7","status":"skipped","statusDetails":"TimeoutException: timeout: Timed out receiving message from renderer: 30.000\r\nPage source: file:/C:/Users/TahiruYussif/Projects/ARMS_SELENIUM_AUTOMATION/build/reports/tests/1724286036956.0.html\r\nTimeout: 10 s.\r\nCaused by: TimeoutException: timeout: Timed out receiving message from renderer: 30.000","time":{"start":1724286066399,"stop":1724286066400,"duration":1}},{"uid":"2a81fb1d50fcff3c","status":"skipped","statusDetails":"TimeoutException: timeout: Timed out receiving message from renderer: 30.000\r\nScreenshot: file:/C:/Users/TahiruYussif/Projects/ARMS_SELENIUM_AUTOMATION/build/reports/tests/1724285949405.0.png\r\nPage source: file:/C:/Users/TahiruYussif/Projects/ARMS_SELENIUM_AUTOMATION/build/reports/tests/1724285949405.0.html\r\nTimeout: 10 s.\r\nCaused by: TimeoutException: timeout: Timed out receiving message from renderer: 30.000","time":{"start":1724285950069,"stop":1724285950073,"duration":4}},{"uid":"3869ad5b925953","status":"skipped","statusDetails":"Element not found {input[type='email']}\r\nExpected: editable\r\nPage source: file:/C:/Users/TahiruYussif/Projects/ARMS_SELENIUM_AUTOMATION/build/reports/tests/1724285886593.0.html\r\nTimeout: 10 s.\r\nCaused by: NoSuchWindowException: no such window: target window already closed","time":{"start":1724285886682,"stop":1724285886684,"duration":2}},{"uid":"887044f2f5d8113b","status":"skipped","statusDetails":"Element not found {input[type='email']}\r\nExpected: editable\r\nPage source: file:/C:/Users/TahiruYussif/Projects/ARMS_SELENIUM_AUTOMATION/build/reports/tests/1724285841602.0.html\r\nTimeout: 10 s.\r\nCaused by: NoSuchWindowException: no such window: target window already closed","time":{"start":1724285841697,"stop":1724285841698,"duration":1}},{"uid":"f22869db394109f1","status":"skipped","statusDetails":"TimeoutException: timeout: Timed out receiving message from renderer: 30.000\r\nScreenshot: file:/C:/Users/TahiruYussif/Projects/ARMS_SELENIUM_AUTOMATION/build/reports/tests/1724285781182.0.png\r\nPage source: file:/C:/Users/TahiruYussif/Projects/ARMS_SELENIUM_AUTOMATION/build/reports/tests/1724285781182.0.html\r\nTimeout: 10 s.\r\nCaused by: TimeoutException: timeout: Timed out receiving message from renderer: 30.000","time":{"start":1724285781982,"stop":1724285781983,"duration":1}},{"uid":"927f1c50fa4a9357","status":"skipped","statusDetails":"TimeoutException: timeout: Timed out receiving message from renderer: 30.000\r\nScreenshot: file:/C:/Users/TahiruYussif/Projects/ARMS_SELENIUM_AUTOMATION/build/reports/tests/1724285727101.0.png\r\nPage source: file:/C:/Users/TahiruYussif/Projects/ARMS_SELENIUM_AUTOMATION/build/reports/tests/1724285727101.0.html\r\nTimeout: 10 s.\r\nCaused by: TimeoutException: timeout: Timed out receiving message from renderer: 30.000","time":{"start":1724285727794,"stop":1724285727795,"duration":1}},{"uid":"222c2a49eff4c725","status":"passed","time":{"start":1724285526698,"stop":1724285530873,"duration":4175}},{"uid":"c3611cbf6aa5e075","status":"skipped","statusDetails":"TimeoutException: timeout: Timed out receiving message from renderer: 30.000\r\nScreenshot: file:/C:/Users/TahiruYussif/Projects/ARMS_SELENIUM_AUTOMATION/build/reports/tests/1724285490704.0.png\r\nPage source: file:/C:/Users/TahiruYussif/Projects/ARMS_SELENIUM_AUTOMATION/build/reports/tests/1724285490704.0.html\r\nTimeout: 10 s.\r\nCaused by: TimeoutException: timeout: Timed out receiving message from renderer: 30.000","time":{"start":1724285491026,"stop":1724285491027,"duration":1}},{"uid":"9c7384ccfb3fefe2","status":"passed","time":{"start":1724285377425,"stop":1724285381584,"duration":4159}},{"uid":"8f3c2eba4a3fae39","status":"passed","time":{"start":1724285209710,"stop":1724285214051,"duration":4341}},{"uid":"d75389a1c8747a8c","status":"passed","time":{"start":1724284894645,"stop":1724284899032,"duration":4387}},{"uid":"8b87362a6c0aaba7","status":"passed","time":{"start":1724284849838,"stop":1724284854105,"duration":4267}},{"uid":"7ab9b5678a40bd18","status":"failed","statusDetails":"Element should be visible {[data-cy='dropDownList'] > div:nth-child(1)}\r\nElement: '<div class=\"flex items-center cursor-pointer p-2 mt-2 w-full border-l-4 border-gray-50 hover:border-[#DD5928] hover:border-l-4 hover:bg-[#F9E0D7] text-[#474D66] hover:text-[#DD5928] border-[#e95a27] bg-[#F9E0D7] text-[#DD5928] border-l-4\" displayed:false></div>'\r\nActual value: hidden\r\nScreenshot: file:/C:/Users/TahiruYussif/Projects/ARMS_SELENIUM_AUTOMATION/build/reports/tests/1724284798933.0.png\r\nPage source: file:/C:/Users/TahiruYussif/Projects/ARMS_SELENIUM_AUTOMATION/build/reports/tests/1724284798933.0.html\r\nTimeout: 10 s.","time":{"start":1724284786688,"stop":1724284799098,"duration":12410}},{"uid":"614f91bd9be533f0","status":"failed","statusDetails":"Element should be clickable: interactable and enabled {[data-cy='dropDownList'] > div:nth-child(1)}\r\nElement: '<div class=\"flex items-center cursor-pointer p-2 mt-2 w-full border-l-4 border-gray-50 hover:border-[#DD5928] hover:border-l-4 hover:bg-[#F9E0D7] text-[#474D66] hover:text-[#DD5928] border-[#e95a27] bg-[#F9E0D7] text-[#DD5928] border-l-4\" displayed:false></div>'\r\nActual value: hidden, opacity=1\r\nScreenshot: file:/C:/Users/TahiruYussif/Projects/ARMS_SELENIUM_AUTOMATION/build/reports/tests/1724284653664.0.png\r\nPage source: file:/C:/Users/TahiruYussif/Projects/ARMS_SELENIUM_AUTOMATION/build/reports/tests/1724284653664.0.html\r\nTimeout: 10 s.","time":{"start":1724284641615,"stop":1724284653852,"duration":12237}},{"uid":"67275002da160025","status":"failed","statusDetails":"Element not found {[data-cy='dropDownList'][3]}\r\nExpected: clickable: interactable and enabled\r\nScreenshot: file:/C:/Users/TahiruYussif/Projects/ARMS_SELENIUM_AUTOMATION/build/reports/tests/1724284022012.0.png\r\nPage source: file:/C:/Users/TahiruYussif/Projects/ARMS_SELENIUM_AUTOMATION/build/reports/tests/1724284022012.0.html\r\nTimeout: 10 s.\r\nCaused by: java.lang.IndexOutOfBoundsException: Index 3 out of bounds for length 2","time":{"start":1724284009479,"stop":1724284022193,"duration":12714}},{"uid":"ac62df19e4e710a5","status":"failed","statusDetails":"Element should be clickable: interactable and enabled {[data-cy='dropDownList'][0]}\r\nElement: '<div class=\"max-h-[192px] overflow-y-scroll pb-5\" data-cy=\"dropDownList\" displayed:false></div>'\r\nActual value: hidden, opacity=1\r\nScreenshot: file:/C:/Users/TahiruYussif/Projects/ARMS_SELENIUM_AUTOMATION/build/reports/tests/1724283789100.0.png\r\nPage source: file:/C:/Users/TahiruYussif/Projects/ARMS_SELENIUM_AUTOMATION/build/reports/tests/1724283789100.0.html\r\nTimeout: 10 s.","time":{"start":1724283777046,"stop":1724283789258,"duration":12212}},{"uid":"cd93c3305610911","status":"passed","time":{"start":1724282877381,"stop":1724282881862,"duration":4481}},{"uid":"728c693605caa482","status":"passed","time":{"start":1724112494447,"stop":1724112499702,"duration":5255}},{"uid":"31b864e76cbb403c","status":"skipped","statusDetails":"Element not found {By.name: otc}\r\nExpected: editable\r\nScreenshot: file:/C:/Users/TahiruYussif/Projects/ARMS_SELENIUM_AUTOMATION/build/reports/tests/1724112455745.0.png\r\nPage source: file:/C:/Users/TahiruYussif/Projects/ARMS_SELENIUM_AUTOMATION/build/reports/tests/1724112455745.0.html\r\nTimeout: 10 s.\r\nCaused by: NoSuchElementException: no such element: Unable to locate element: {\"method\":\"css selector\",\"selector\":\"*[name='otc']\"}","time":{"start":1724112456230,"stop":1724112456231,"duration":1}},{"uid":"293af77b6e99c159","status":"skipped","statusDetails":"Element not found {By.xpath: (//button[text()=' Skip '])[2]}\r\nExpected: enabled\r\nScreenshot: file:/C:/Users/TahiruYussif/Projects/ARMS_SELENIUM_AUTOMATION/build/reports/tests/1724112429520.0.png\r\nPage source: file:/C:/Users/TahiruYussif/Projects/ARMS_SELENIUM_AUTOMATION/build/reports/tests/1724112429520.0.html\r\nTimeout: 10 s.\r\nCaused by: NoSuchElementException: no such element: Unable to locate element: {\"method\":\"xpath\",\"selector\":\"(//button[text()=' Skip '])[2]\"}","time":{"start":1724112429991,"stop":1724112429993,"duration":2}},{"uid":"e6d7001087440c75","status":"passed","time":{"start":1724111519496,"stop":1724111523438,"duration":3942}},{"uid":"c03c71260bf7004c","status":"failed","statusDetails":"Element not found {input[data-cy='description']}\r\nExpected: visible\r\nScreenshot: file:/C:/Users/TahiruYussif/Projects/ARMS_SELENIUM_AUTOMATION/build/reports/tests/1724111307647.0.png\r\nPage source: file:/C:/Users/TahiruYussif/Projects/ARMS_SELENIUM_AUTOMATION/build/reports/tests/1724111307647.0.html\r\nTimeout: 10 s.\r\nCaused by: NoSuchElementException: no such element: Unable to locate element: {\"method\":\"css selector\",\"selector\":\"input[data-cy='description']\"}","time":{"start":1724111295889,"stop":1724111307824,"duration":11935}},{"uid":"ccaeae435b03e80f","status":"passed","time":{"start":1724109841098,"stop":1724109846242,"duration":5144}},{"uid":"f8a95e9d496d2c2b","status":"passed","time":{"start":1724109372327,"stop":1724109379974,"duration":7647}},{"uid":"8882c3026fdb7d9d","status":"skipped","statusDetails":"Element not found {By.xpath: (//button[text()=' Skip '])[2]}\r\nExpected: enabled\r\nScreenshot: file:/C:/Users/TahiruYussif/Projects/ARMS_SELENIUM_AUTOMATION/build/reports/tests/1724109300475.0.png\r\nPage source: file:/C:/Users/TahiruYussif/Projects/ARMS_SELENIUM_AUTOMATION/build/reports/tests/1724109300475.0.html\r\nTimeout: 10 s.\r\nCaused by: NoSuchElementException: no such element: Unable to locate element: {\"method\":\"xpath\",\"selector\":\"(//button[text()=' Skip '])[2]\"}","time":{"start":1724109300970,"stop":1724109300971,"duration":1}},{"uid":"eb51e3f67711fc87","status":"broken","statusDetails":"Cannot invoke \"com.fasterxml.jackson.databind.JsonNode.asText()\" because the return value of \"com.fasterxml.jackson.databind.JsonNode.get(String)\" is null","time":{"start":1724109150768,"stop":1724109152265,"duration":1497}},{"uid":"bdebafdd51c97b82","status":"skipped","statusDetails":"Element not found {input[type='email']}\r\nExpected: editable\r\nScreenshot: file:/C:/Users/TahiruYussif/Projects/ARMS_SELENIUM_AUTOMATION/build/reports/tests/1724108657555.0.png\r\nPage source: file:/C:/Users/TahiruYussif/Projects/ARMS_SELENIUM_AUTOMATION/build/reports/tests/1724108657555.0.html\r\nTimeout: 10 s.\r\nCaused by: NoSuchElementException: no such element: Unable to locate element: {\"method\":\"css selector\",\"selector\":\"input[type='email']\"}","time":{"start":1724108660136,"stop":1724108660137,"duration":1}},{"uid":"3ed01b5dd4e79df3","status":"skipped","statusDetails":"TimeoutException: timeout: Timed out receiving message from renderer: 30.000\r\nScreenshot: file:/C:/Users/TahiruYussif/Projects/ARMS_SELENIUM_AUTOMATION/build/reports/tests/1724108589475.0.png\r\nPage source: file:/C:/Users/TahiruYussif/Projects/ARMS_SELENIUM_AUTOMATION/build/reports/tests/1724108589475.0.html\r\nTimeout: 10 s.\r\nCaused by: TimeoutException: timeout: Timed out receiving message from renderer: 30.000","time":{"start":1724108589701,"stop":1724108589702,"duration":1}},{"uid":"642030271df88090","status":"skipped","statusDetails":"TimeoutException: timeout: Timed out receiving message from renderer: 30.000\r\nScreenshot: file:/C:/Users/TahiruYussif/Projects/ARMS_SELENIUM_AUTOMATION/build/reports/tests/1724108527880.0.png\r\nPage source: file:/C:/Users/TahiruYussif/Projects/ARMS_SELENIUM_AUTOMATION/build/reports/tests/1724108527880.0.html\r\nTimeout: 10 s.\r\nCaused by: TimeoutException: timeout: Timed out receiving message from renderer: 30.000","time":{"start":1724108528104,"stop":1724108528106,"duration":2}},{"uid":"865f773b9c191d8e","status":"skipped","statusDetails":"Element not found {input[type='email']}\r\nExpected: editable\r\nScreenshot: file:/C:/Users/TahiruYussif/Projects/ARMS_SELENIUM_AUTOMATION/build/reports/tests/1724108470236.0.png\r\nPage source: file:/C:/Users/TahiruYussif/Projects/ARMS_SELENIUM_AUTOMATION/build/reports/tests/1724108470236.0.html\r\nTimeout: 10 s.\r\nCaused by: TimeoutException: timeout: Timed out receiving message from renderer: 30.000","time":{"start":1724108470449,"stop":1724108470450,"duration":1}},{"uid":"8cc657ceadbe8aff","status":"skipped","statusDetails":"TimeoutException: timeout: Timed out receiving message from renderer: 30.000\r\nScreenshot: file:/C:/Users/TahiruYussif/Projects/ARMS_SELENIUM_AUTOMATION/build/reports/tests/1724108279802.0.png\r\nPage source: file:/C:/Users/TahiruYussif/Projects/ARMS_SELENIUM_AUTOMATION/build/reports/tests/1724108279802.0.html\r\nTimeout: 10 s.\r\nCaused by: TimeoutException: timeout: Timed out receiving message from renderer: 30.000","time":{"start":1724108280007,"stop":1724108280008,"duration":1}},{"uid":"e968a95b2f6905d8","status":"skipped","statusDetails":"TimeoutException: timeout: Timed out receiving message from renderer: 30.000\r\nScreenshot: file:/C:/Users/TahiruYussif/Projects/ARMS_SELENIUM_AUTOMATION/build/reports/tests/1724108191777.0.png\r\nPage source: file:/C:/Users/TahiruYussif/Projects/ARMS_SELENIUM_AUTOMATION/build/reports/tests/1724108191777.0.html\r\nTimeout: 10 s.\r\nCaused by: TimeoutException: timeout: Timed out receiving message from renderer: 30.000","time":{"start":1724108192025,"stop":1724108192027,"duration":2}},{"uid":"79a744efee625e34","status":"skipped","statusDetails":"TimeoutException: timeout: Timed out receiving message from renderer: 30.000\r\nScreenshot: file:/C:/Users/TahiruYussif/Projects/ARMS_SELENIUM_AUTOMATION/build/reports/tests/1724108140551.0.png\r\nPage source: file:/C:/Users/TahiruYussif/Projects/ARMS_SELENIUM_AUTOMATION/build/reports/tests/1724108140551.0.html\r\nTimeout: 10 s.\r\nCaused by: TimeoutException: timeout: Timed out receiving message from renderer: 30.000","time":{"start":1724108140802,"stop":1724108140804,"duration":2}},{"uid":"b013293df03f5edb","status":"skipped","statusDetails":"Element not found {input[type='email']}\r\nExpected: editable\r\nScreenshot: file:/C:/Users/TahiruYussif/Projects/ARMS_SELENIUM_AUTOMATION/build/reports/tests/1724107650566.0.png\r\nPage source: file:/C:/Users/TahiruYussif/Projects/ARMS_SELENIUM_AUTOMATION/build/reports/tests/1724107650566.0.html\r\nTimeout: 10 s.\r\nCaused by: NoSuchElementException: no such element: Unable to locate element: {\"method\":\"css selector\",\"selector\":\"input[type='email']\"}","time":{"start":1724107650803,"stop":1724107650805,"duration":2}},{"uid":"b463067dc783214b","status":"skipped","statusDetails":"TimeoutException: timeout: Timed out receiving message from renderer: 30.000\r\nScreenshot: file:/C:/Users/TahiruYussif/Projects/ARMS_SELENIUM_AUTOMATION/build/reports/tests/1724107616293.0.png\r\nPage source: file:/C:/Users/TahiruYussif/Projects/ARMS_SELENIUM_AUTOMATION/build/reports/tests/1724107616293.0.html\r\nTimeout: 10 s.\r\nCaused by: TimeoutException: timeout: Timed out receiving message from renderer: 30.000","time":{"start":1724107616921,"stop":1724107616923,"duration":2}},{"uid":"80d13128a5dbb5fe","status":"skipped","statusDetails":"TimeoutException: timeout: Timed out receiving message from renderer: 30.000\r\nScreenshot: file:/C:/Users/TahiruYussif/Projects/ARMS_SELENIUM_AUTOMATION/build/reports/tests/1724107567276.0.png\r\nPage source: file:/C:/Users/TahiruYussif/Projects/ARMS_SELENIUM_AUTOMATION/build/reports/tests/1724107567276.0.html\r\nTimeout: 10 s.\r\nCaused by: TimeoutException: timeout: Timed out receiving message from renderer: 30.000","time":{"start":1724107567491,"stop":1724107567492,"duration":1}},{"uid":"491dfb86f225a091","status":"passed","time":{"start":1724105985301,"stop":1724105989098,"duration":3797}},{"uid":"9de3ba9cec170113","status":"skipped","statusDetails":"Element not found {input[type='email']}\r\nExpected: editable\r\nScreenshot: file:/C:/Users/TahiruYussif/Projects/ARMS_SELENIUM_AUTOMATION/build/reports/tests/1724105921461.0.png\r\nPage source: file:/C:/Users/TahiruYussif/Projects/ARMS_SELENIUM_AUTOMATION/build/reports/tests/1724105921461.0.html\r\nTimeout: 10 s.\r\nCaused by: NoSuchElementException: no such element: Unable to locate element: {\"method\":\"css selector\",\"selector\":\"input[type='email']\"}","time":{"start":1724105921754,"stop":1724105921757,"duration":3}},{"uid":"7c4f55c5c8387985","status":"skipped","statusDetails":"TimeoutException: timeout: Timed out receiving message from renderer: 30.000\r\nScreenshot: file:/C:/Users/TahiruYussif/Projects/ARMS_SELENIUM_AUTOMATION/build/reports/tests/1724105887076.0.png\r\nPage source: file:/C:/Users/TahiruYussif/Projects/ARMS_SELENIUM_AUTOMATION/build/reports/tests/1724105887076.0.html\r\nTimeout: 10 s.\r\nCaused by: TimeoutException: timeout: Timed out receiving message from renderer: 30.000","time":{"start":1724105887335,"stop":1724105887338,"duration":3}},{"uid":"7d19515a0df8b246","status":"passed","time":{"start":1723677556467,"stop":1723677567857,"duration":11390}},{"uid":"a4cd08564587cda6","status":"skipped","statusDetails":"Element not found {input[type='email']}\r\nExpected: editable\r\nScreenshot: file:/C:/Users/TahiruYussif/Projects/ARMS_SELENIUM_AUTOMATION/build/reports/tests/1722938326453.0.png\r\nPage source: file:/C:/Users/TahiruYussif/Projects/ARMS_SELENIUM_AUTOMATION/build/reports/tests/1722938326453.0.html\r\nTimeout: 10 s.\r\nCaused by: NoSuchElementException: no such element: Unable to locate element: {\"method\":\"css selector\",\"selector\":\"input[type='email']\"}","time":{"start":1722938326670,"stop":1722938326674,"duration":4}},{"uid":"117cfa72ca6c4149","status":"failed","statusDetails":"Invalid element state [[data-cy='addLeaveType']]: element click intercepted: Element <button data-v-975a6d76=\"\" class=\"button primary  shadow-md flex items-center justify-center gap-1\" data-cy=\"addLeaveType\">...</button> is not clickable at point (1156, 314). Other element would receive the click: <div class=\"flex flex-col justify-center items-center absolute right-0 left-0 top-0 bottom-0 bg-opacity-95 bg-white z-30 rounded-md\">...</div>\r\nScreenshot: file:/C:/Users/TahiruYussif/Projects/ARMS_SELENIUM_AUTOMATION/build/reports/tests/1722938268804.0.png\r\nPage source: file:/C:/Users/TahiruYussif/Projects/ARMS_SELENIUM_AUTOMATION/build/reports/tests/1722938268804.0.html\r\nTimeout: 10 s.\r\nCaused by: ElementClickInterceptedException: element click intercepted: Element <button data-v-975a6d76=\"\" class=\"button primary  shadow-md flex items-center justify-center gap-1\" data-cy=\"addLeaveType\">...</button> is not clickable at point (1156, 314). Other element would receive the click: <div class=\"flex flex-col justify-center items-center absolute right-0 left-0 top-0 bottom-0 bg-opacity-95 bg-white z-30 rounded-md\">...</div>","time":{"start":1722938257781,"stop":1722938268947,"duration":11166}},{"uid":"99dd931ac8d8758a","status":"skipped","statusDetails":"Element not found {input[type='email']}\r\nExpected: editable\r\nScreenshot: file:/C:/Users/TahiruYussif/Projects/ARMS_SELENIUM_AUTOMATION/build/reports/tests/1722937846682.0.png\r\nPage source: file:/C:/Users/TahiruYussif/Projects/ARMS_SELENIUM_AUTOMATION/build/reports/tests/1722937846682.0.html\r\nTimeout: 10 s.\r\nCaused by: NoSuchElementException: no such element: Unable to locate element: {\"method\":\"css selector\",\"selector\":\"input[type='email']\"}","time":{"start":1722937846923,"stop":1722937846925,"duration":2}},{"uid":"59c3d1d69d3077f6","status":"skipped","statusDetails":"Element not found {By.xpath: (//button[text()=' Skip '])[2]}\r\nExpected: enabled\r\nScreenshot: file:/C:/Users/TahiruYussif/Projects/ARMS_SELENIUM_AUTOMATION/build/reports/tests/1722937803331.0.png\r\nPage source: file:/C:/Users/TahiruYussif/Projects/ARMS_SELENIUM_AUTOMATION/build/reports/tests/1722937803331.0.html\r\nTimeout: 10 s.\r\nCaused by: NoSuchElementException: no such element: Unable to locate element: {\"method\":\"xpath\",\"selector\":\"(//button[text()=' Skip '])[2]\"}","time":{"start":1722937803827,"stop":1722937803830,"duration":3}},{"uid":"22291d52bfb0ba5","status":"skipped","statusDetails":"TimeoutException: timeout: Timed out receiving message from renderer: 30.000\r\nScreenshot: file:/C:/Users/TahiruYussif/Projects/ARMS_SELENIUM_AUTOMATION/build/reports/tests/1722937671088.0.png\r\nPage source: file:/C:/Users/TahiruYussif/Projects/ARMS_SELENIUM_AUTOMATION/build/reports/tests/1722937671088.0.html\r\nTimeout: 10 s.\r\nCaused by: TimeoutException: timeout: Timed out receiving message from renderer: 30.000","time":{"start":1722937671394,"stop":1722937671396,"duration":2}},{"uid":"ff1e562d3ac80156","status":"skipped","statusDetails":"Element should be clickable: interactable and enabled {input[type='submit']}\r\nElement: '<input class=\"win-button button_primary high-contrast-overrides button ext-button primary ext-primary\" data-bind=\"\n                attr: primaryButtonAttributes,\n                css: { 'high-contrast-overrides': svr.fUseHighContrastOverrides },\n                externalCss: {\n                    'button': true,\n                    'primary': true },\n                value: primaryButtonText() || str['CT_PWD_STR_SignIn_Button_Next'],\n                hasFocus: focusOnPrimaryButton,\n                click: svr.fEnableLivePreview ?  function() { } : primaryButton_onClick,\n                clickBubble: !svr.fEnableLivePreview,\n                enable: isPrimaryButtonEnabled,\n                visible: isPrimaryButtonVisible,\n                preventTabbing: primaryButtonPreventTabbing\" data-report-event=\"Signin_Submit\" data-report-trigger=\"click\" data-report-value=\"Submit\" disabled id=\"idSIButton9\" type=\"submit\" value=\"Next\"></input>'\r\nActual value: disabled\r\nScreenshot: file:/C:/Users/TahiruYussif/Projects/ARMS_SELENIUM_AUTOMATION/build/reports/tests/1722935441536.0.png\r\nPage source: file:/C:/Users/TahiruYussif/Projects/ARMS_SELENIUM_AUTOMATION/build/reports/tests/1722935441536.0.html\r\nTimeout: 10 s.","time":{"start":1722935441793,"stop":1722935441794,"duration":1}},{"uid":"6140fcc1bfd1a637","status":"skipped","statusDetails":"Element not found {By.name: otc}\r\nExpected: editable\r\nScreenshot: file:/C:/Users/TahiruYussif/Projects/ARMS_SELENIUM_AUTOMATION/build/reports/tests/1722935400187.0.png\r\nPage source: file:/C:/Users/TahiruYussif/Projects/ARMS_SELENIUM_AUTOMATION/build/reports/tests/1722935400187.0.html\r\nTimeout: 10 s.\r\nCaused by: NoSuchElementException: no such element: Unable to locate element: {\"method\":\"css selector\",\"selector\":\"*[name='otc']\"}","time":{"start":1722935400625,"stop":1722935400628,"duration":3}},{"uid":"6ad01b034437d682","status":"skipped","statusDetails":"Invalid element state [By.className: appsIcon]: element click intercepted: Element <img src=\"/img/apps.9fd90171.svg\" class=\"appsIcon\" alt=\"menu icons svg\"> is not clickable at point (1018, 40). Other element would receive the click: <div class=\"g-dialog-overlay g-dialog-overlay--active\" style=\"z-index: 1001; --6eaca59a: var(--overlay-bg);\"></div>\r\nScreenshot: file:/C:/Users/TahiruYussif/Projects/ARMS_SELENIUM_AUTOMATION/build/reports/tests/1722935293125.0.png\r\nPage source: file:/C:/Users/TahiruYussif/Projects/ARMS_SELENIUM_AUTOMATION/build/reports/tests/1722935293125.0.html\r\nTimeout: 10 s.\r\nCaused by: ElementClickInterceptedException: element click intercepted: Element <img src=\"/img/apps.9fd90171.svg\" class=\"appsIcon\" alt=\"menu icons svg\"> is not clickable at point (1018, 40). Other element would receive the click: <div class=\"g-dialog-overlay g-dialog-overlay--active\" style=\"z-index: 1001; --6eaca59a: var(--overlay-bg);\"></div>","time":{"start":1722935293481,"stop":1722935293485,"duration":4}},{"uid":"dcb4f7afed3b0b5e","status":"skipped","statusDetails":"Invalid element state [By.className: appsIcon]: element click intercepted: Element <img src=\"/img/apps.9fd90171.svg\" class=\"appsIcon\" alt=\"menu icons svg\"> is not clickable at point (1018, 40). Other element would receive the click: <div class=\"g-dialog-overlay g-dialog-overlay--active\" style=\"z-index: 1001; --6eaca59a: var(--overlay-bg);\"></div>\r\nScreenshot: file:/C:/Users/TahiruYussif/Projects/ARMS_SELENIUM_AUTOMATION/build/reports/tests/1722935171495.0.png\r\nPage source: file:/C:/Users/TahiruYussif/Projects/ARMS_SELENIUM_AUTOMATION/build/reports/tests/1722935171495.0.html\r\nTimeout: 10 s.\r\nCaused by: ElementClickInterceptedException: element click intercepted: Element <img src=\"/img/apps.9fd90171.svg\" class=\"appsIcon\" alt=\"menu icons svg\"> is not clickable at point (1018, 40). Other element would receive the click: <div class=\"g-dialog-overlay g-dialog-overlay--active\" style=\"z-index: 1001; --6eaca59a: var(--overlay-bg);\"></div>","time":{"start":1722935171824,"stop":1722935171827,"duration":3}},{"uid":"cd681b70ef53cff4","status":"skipped","statusDetails":"Invalid element state [By.xpath: //button[text()=' Skip ']]: element click intercepted: Element <button data-v-2ad7093c=\"\" class=\"button with_border flex items-center justify-center gap-1\" data-cy=\"\">...</button> is not clickable at point (640, 549). Other element would receive the click: <button data-v-2ad7093c=\"\" class=\"button with_border flex items-center justify-center gap-1\" data-cy=\"\">...</button>\r\nScreenshot: file:/C:/Users/TahiruYussif/Projects/ARMS_SELENIUM_AUTOMATION/build/reports/tests/1722934655374.0.png\r\nPage source: file:/C:/Users/TahiruYussif/Projects/ARMS_SELENIUM_AUTOMATION/build/reports/tests/1722934655374.0.html\r\nTimeout: 10 s.\r\nCaused by: ElementClickInterceptedException: element click intercepted: Element <button data-v-2ad7093c=\"\" class=\"button with_border flex items-center justify-center gap-1\" data-cy=\"\">...</button> is not clickable at point (640, 549). Other element would receive the click: <button data-v-2ad7093c=\"\" class=\"button with_border flex items-center justify-center gap-1\" data-cy=\"\">...</button>","time":{"start":1722934655741,"stop":1722934655745,"duration":4}},{"uid":"89d54f69477f3058","status":"skipped","statusDetails":"Invalid element state [By.xpath: //button[text()=' Skip ']]: element click intercepted: Element <button data-v-2ad7093c=\"\" class=\"button with_border flex items-center justify-center gap-1\" data-cy=\"\">...</button> is not clickable at point (640, 549). Other element would receive the click: <button data-v-2ad7093c=\"\" class=\"button with_border flex items-center justify-center gap-1\" data-cy=\"\">...</button>\r\nScreenshot: file:/C:/Users/TahiruYussif/Projects/ARMS_SELENIUM_AUTOMATION/build/reports/tests/1722934562684.0.png\r\nPage source: file:/C:/Users/TahiruYussif/Projects/ARMS_SELENIUM_AUTOMATION/build/reports/tests/1722934562684.0.html\r\nTimeout: 10 s.\r\nCaused by: ElementClickInterceptedException: element click intercepted: Element <button data-v-2ad7093c=\"\" class=\"button with_border flex items-center justify-center gap-1\" data-cy=\"\">...</button> is not clickable at point (640, 549). Other element would receive the click: <button data-v-2ad7093c=\"\" class=\"button with_border flex items-center justify-center gap-1\" data-cy=\"\">...</button>","time":{"start":1722934563011,"stop":1722934563014,"duration":3}},{"uid":"15f7bf82b3cc3a5e","status":"skipped","statusDetails":"Invalid element state [By.className: appsIcon]: element click intercepted: Element <img src=\"/img/apps.9fd90171.svg\" class=\"appsIcon\" alt=\"menu icons svg\"> is not clickable at point (1658, 40). Other element would receive the click: <div class=\"g-dialog-overlay g-dialog-overlay--active\" style=\"z-index: 1003; --6eaca59a: var(--overlay-bg);\"></div>\r\nScreenshot: file:/C:/Users/TahiruYussif/Projects/ARMS_SELENIUM_AUTOMATION/build/reports/tests/1722934472515.0.png\r\nPage source: file:/C:/Users/TahiruYussif/Projects/ARMS_SELENIUM_AUTOMATION/build/reports/tests/1722934472515.0.html\r\nTimeout: 10 s.\r\nCaused by: ElementClickInterceptedException: element click intercepted: Element <img src=\"/img/apps.9fd90171.svg\" class=\"appsIcon\" alt=\"menu icons svg\"> is not clickable at point (1658, 40). Other element would receive the click: <div class=\"g-dialog-overlay g-dialog-overlay--active\" style=\"z-index: 1003; --6eaca59a: var(--overlay-bg);\"></div>","time":{"start":1722934472854,"stop":1722934472856,"duration":2}},{"uid":"db2b29a501cea241","status":"skipped","statusDetails":"Invalid element state [By.xpath: //button[text()=' Skip ']]: element click intercepted: Element <button data-v-2ad7093c=\"\" class=\"button with_border flex items-center justify-center gap-1\" data-cy=\"\">...</button> is not clickable at point (640, 549). Other element would receive the click: <button data-v-2ad7093c=\"\" class=\"button with_border flex items-center justify-center gap-1\" data-cy=\"\">...</button>\r\nScreenshot: file:/C:/Users/TahiruYussif/Projects/ARMS_SELENIUM_AUTOMATION/build/reports/tests/1722934394202.0.png\r\nPage source: file:/C:/Users/TahiruYussif/Projects/ARMS_SELENIUM_AUTOMATION/build/reports/tests/1722934394202.0.html\r\nTimeout: 10 s.\r\nCaused by: ElementClickInterceptedException: element click intercepted: Element <button data-v-2ad7093c=\"\" class=\"button with_border flex items-center justify-center gap-1\" data-cy=\"\">...</button> is not clickable at point (640, 549). Other element would receive the click: <button data-v-2ad7093c=\"\" class=\"button with_border flex items-center justify-center gap-1\" data-cy=\"\">...</button>","time":{"start":1722934394571,"stop":1722934394574,"duration":3}},{"uid":"d60de3a5a682e565","status":"skipped","statusDetails":"Invalid element state [By.xpath: //button[text()=' Skip ']]: element click intercepted: Element <button data-v-2ad7093c=\"\" class=\"button with_border flex items-center justify-center gap-1\" data-cy=\"\">...</button> is not clickable at point (640, 549). Other element would receive the click: <button data-v-2ad7093c=\"\" class=\"button with_border flex items-center justify-center gap-1\" data-cy=\"\">...</button>\r\nScreenshot: file:/C:/Users/TahiruYussif/Projects/ARMS_SELENIUM_AUTOMATION/build/reports/tests/1722934140795.0.png\r\nPage source: file:/C:/Users/TahiruYussif/Projects/ARMS_SELENIUM_AUTOMATION/build/reports/tests/1722934140795.0.html\r\nTimeout: 10 s.\r\nCaused by: ElementClickInterceptedException: element click intercepted: Element <button data-v-2ad7093c=\"\" class=\"button with_border flex items-center justify-center gap-1\" data-cy=\"\">...</button> is not clickable at point (640, 549). Other element would receive the click: <button data-v-2ad7093c=\"\" class=\"button with_border flex items-center justify-center gap-1\" data-cy=\"\">...</button>","time":{"start":1722934141146,"stop":1722934141150,"duration":4}},{"uid":"60170620df43953f","status":"skipped","statusDetails":"Invalid element state [By.xpath: //button[text()=' Skip ']]: element click intercepted: Element <button data-v-2ad7093c=\"\" class=\"button with_border flex items-center justify-center gap-1\" data-cy=\"\">...</button> is not clickable at point (640, 549). Other element would receive the click: <button data-v-2ad7093c=\"\" class=\"button with_border flex items-center justify-center gap-1\" data-cy=\"\">...</button>\r\nScreenshot: file:/C:/Users/TahiruYussif/Projects/ARMS_SELENIUM_AUTOMATION/build/reports/tests/1722934082777.0.png\r\nPage source: file:/C:/Users/TahiruYussif/Projects/ARMS_SELENIUM_AUTOMATION/build/reports/tests/1722934082777.0.html\r\nTimeout: 10 s.\r\nCaused by: ElementClickInterceptedException: element click intercepted: Element <button data-v-2ad7093c=\"\" class=\"button with_border flex items-center justify-center gap-1\" data-cy=\"\">...</button> is not clickable at point (640, 549). Other element would receive the click: <button data-v-2ad7093c=\"\" class=\"button with_border flex items-center justify-center gap-1\" data-cy=\"\">...</button>","time":{"start":1722934083163,"stop":1722934083165,"duration":2}},{"uid":"3c31312a5dd850f5","status":"passed","time":{"start":1722934027486,"stop":1722934036128,"duration":8642}},{"uid":"a86426d22086e07d","status":"skipped","statusDetails":"Element not found {input[type='email']}\r\nExpected: editable\r\nScreenshot: file:/C:/Users/TahiruYussif/Projects/ARMS_SELENIUM_AUTOMATION/build/reports/tests/1722933943089.0.png\r\nPage source: file:/C:/Users/TahiruYussif/Projects/ARMS_SELENIUM_AUTOMATION/build/reports/tests/1722933943089.0.html\r\nTimeout: 10 s.\r\nCaused by: NoSuchElementException: no such element: Unable to locate element: {\"method\":\"css selector\",\"selector\":\"input[type='email']\"}","time":{"start":1722933943399,"stop":1722933943400,"duration":1}},{"uid":"4f15121ec0882d03","status":"skipped","statusDetails":"Invalid element state [By.xpath: //button[text()=' Skip ']]: element click intercepted: Element <button data-v-2ad7093c=\"\" class=\"button with_border flex items-center justify-center gap-1\" data-cy=\"\">...</button> is not clickable at point (640, 549). Other element would receive the click: <button data-v-2ad7093c=\"\" class=\"button with_border flex items-center justify-center gap-1\" data-cy=\"\">...</button>\r\nScreenshot: file:/C:/Users/TahiruYussif/Projects/ARMS_SELENIUM_AUTOMATION/build/reports/tests/1722933852299.0.png\r\nPage source: file:/C:/Users/TahiruYussif/Projects/ARMS_SELENIUM_AUTOMATION/build/reports/tests/1722933852299.0.html\r\nTimeout: 10 s.\r\nCaused by: ElementClickInterceptedException: element click intercepted: Element <button data-v-2ad7093c=\"\" class=\"button with_border flex items-center justify-center gap-1\" data-cy=\"\">...</button> is not clickable at point (640, 549). Other element would receive the click: <button data-v-2ad7093c=\"\" class=\"button with_border flex items-center justify-center gap-1\" data-cy=\"\">...</button>","time":{"start":1722933852665,"stop":1722933852669,"duration":4}},{"uid":"52b49e207a557d74","status":"skipped","statusDetails":"Element not found {input[type='email']}\r\nExpected: editable\r\nScreenshot: file:/C:/Users/TahiruYussif/Projects/ARMS_SELENIUM_AUTOMATION/build/reports/tests/1722933788796.0.png\r\nPage source: file:/C:/Users/TahiruYussif/Projects/ARMS_SELENIUM_AUTOMATION/build/reports/tests/1722933788796.0.html\r\nTimeout: 10 s.\r\nCaused by: NoSuchElementException: no such element: Unable to locate element: {\"method\":\"css selector\",\"selector\":\"input[type='email']\"}","time":{"start":1722933794138,"stop":1722933794140,"duration":2}},{"uid":"c17ed9995a698b63","status":"skipped","statusDetails":"Element not found {input[type='email']}\r\nExpected: editable\r\nScreenshot: file:/C:/Users/TahiruYussif/Projects/ARMS_SELENIUM_AUTOMATION/build/reports/tests/1722933736332.0.png\r\nPage source: file:/C:/Users/TahiruYussif/Projects/ARMS_SELENIUM_AUTOMATION/build/reports/tests/1722933736332.0.html\r\nTimeout: 10 s.\r\nCaused by: NoSuchElementException: no such element: Unable to locate element: {\"method\":\"css selector\",\"selector\":\"input[type='email']\"}","time":{"start":1722933736549,"stop":1722933736552,"duration":3}},{"uid":"f42b8d0f84e5f176","status":"skipped","statusDetails":"Invalid element state [By.xpath: //button[text()=' Skip ']]: element click intercepted: Element <button data-v-2ad7093c=\"\" class=\"button with_border flex items-center justify-center gap-1\" data-cy=\"\">...</button> is not clickable at point (640, 419). Other element would receive the click: <button data-v-2ad7093c=\"\" class=\"button with_border flex items-center justify-center gap-1\" data-cy=\"\">...</button>\r\nScreenshot: file:/C:/Users/TahiruYussif/Projects/ARMS_SELENIUM_AUTOMATION/build/reports/tests/1722933517619.0.png\r\nPage source: file:/C:/Users/TahiruYussif/Projects/ARMS_SELENIUM_AUTOMATION/build/reports/tests/1722933517619.0.html\r\nTimeout: 10 s.\r\nCaused by: ElementClickInterceptedException: element click intercepted: Element <button data-v-2ad7093c=\"\" class=\"button with_border flex items-center justify-center gap-1\" data-cy=\"\">...</button> is not clickable at point (640, 419). Other element would receive the click: <button data-v-2ad7093c=\"\" class=\"button with_border flex items-center justify-center gap-1\" data-cy=\"\">...</button>","time":{"start":1722933517971,"stop":1722933517975,"duration":4}},{"uid":"ece8f03e20ee3aa8","status":"skipped","statusDetails":"Element not found {By.xpath: //button[text()='Skip']}\r\nExpected: clickable: interactable and enabled\r\nScreenshot: file:/C:/Users/TahiruYussif/Projects/ARMS_SELENIUM_AUTOMATION/build/reports/tests/1722933424013.0.png\r\nPage source: file:/C:/Users/TahiruYussif/Projects/ARMS_SELENIUM_AUTOMATION/build/reports/tests/1722933424013.0.html\r\nTimeout: 10 s.\r\nCaused by: NoSuchElementException: no such element: Unable to locate element: {\"method\":\"xpath\",\"selector\":\"//button[text()='Skip']\"}","time":{"start":1722933424332,"stop":1722933424333,"duration":1}},{"uid":"e8542d3e4a9b2a31","status":"skipped","statusDetails":"Element not found {By.xpath: //button[text()='Skip']}\r\nExpected: clickable: interactable and enabled\r\nScreenshot: file:/C:/Users/TahiruYussif/Projects/ARMS_SELENIUM_AUTOMATION/build/reports/tests/1722933346410.0.png\r\nPage source: file:/C:/Users/TahiruYussif/Projects/ARMS_SELENIUM_AUTOMATION/build/reports/tests/1722933346410.0.html\r\nTimeout: 10 s.\r\nCaused by: NoSuchElementException: no such element: Unable to locate element: {\"method\":\"xpath\",\"selector\":\"//button[text()='Skip']\"}","time":{"start":1722933346800,"stop":1722933346801,"duration":1}},{"uid":"2b8ea98a5c6e18da","status":"skipped","statusDetails":"Element not found {input[type='email']}\r\nExpected: editable\r\nScreenshot: file:/C:/Users/TahiruYussif/Projects/ARMS_SELENIUM_AUTOMATION/build/reports/tests/1722933288609.0.png\r\nPage source: file:/C:/Users/TahiruYussif/Projects/ARMS_SELENIUM_AUTOMATION/build/reports/tests/1722933288609.0.html\r\nTimeout: 10 s.\r\nCaused by: NoSuchElementException: no such element: Unable to locate element: {\"method\":\"css selector\",\"selector\":\"input[type='email']\"}","time":{"start":1722933288838,"stop":1722933288840,"duration":2}},{"uid":"371b0f7b3b2a32b2","status":"skipped","statusDetails":"timeout: Timed out receiving message from renderer: -0.007\n  (Session info: chrome=127.0.6533.89)\nBuild info: version: '4.19.1', revision: 'abe0ee07dc'\nSystem info: os.name: 'Windows 11', os.arch: 'amd64', os.version: '10.0', java.version: '22.0.1'\nDriver info: org.openqa.selenium.chrome.ChromeDriver\nCommand: [8f05c1dd7b2e12012365f28fccb1fa99, get {url=https://armsent-test.amalitech-dev.net//login}]\nselenide.url: https://armsent-test.amalitech-dev.net//login\nCapabilities {acceptInsecureCerts: true, browserName: chrome, browserVersion: 127.0.6533.89, chrome: {chromedriverVersion: 127.0.6533.88 (a2d0cb026721..., userDataDir: C:\\Users\\TAHIRU~1\\AppData\\L...}, fedcm:accounts: true, goog:chromeOptions: {debuggerAddress: localhost:50814}, networkConnectionEnabled: false, pageLoadStrategy: normal, platformName: windows, proxy: Proxy(), se:cdp: ws://localhost:50814/devtoo..., se:cdpVersion: 127.0.6533.89, setWindowRect: true, strictFileInteractability: false, timeouts: {implicit: 0, pageLoad: 300000, script: 30000}, unhandledPromptBehavior: accept, webauthn:extension:credBlob: true, webauthn:extension:largeBlob: true, webauthn:extension:minPinLength: true, webauthn:extension:prf: true, webauthn:virtualAuthenticators: true}\nselenide.baseUrl: https://armsent-test.amalitech-dev.net/\nSession ID: 8f05c1dd7b2e12012365f28fccb1fa99","time":{"start":1722901540331,"stop":1722901540333,"duration":2}},{"uid":"137a356e4e463496","status":"skipped","statusDetails":"timeout: Timed out receiving message from renderer: 26.916\n  (Session info: chrome=127.0.6533.89)\nBuild info: version: '4.19.1', revision: 'abe0ee07dc'\nSystem info: os.name: 'Windows 11', os.arch: 'amd64', os.version: '10.0', java.version: '22.0.1'\nDriver info: org.openqa.selenium.chrome.ChromeDriver\nCommand: [df45c2cc0db391ae28406d3763071768, get {url=https://armsent-test.amalitech-dev.net//login}]\nselenide.url: https://armsent-test.amalitech-dev.net//login\nCapabilities {acceptInsecureCerts: true, browserName: chrome, browserVersion: 127.0.6533.89, chrome: {chromedriverVersion: 127.0.6533.88 (a2d0cb026721..., userDataDir: C:\\Users\\TAHIRU~1\\AppData\\L...}, fedcm:accounts: true, goog:chromeOptions: {debuggerAddress: localhost:65439}, networkConnectionEnabled: false, pageLoadStrategy: normal, platformName: windows, proxy: Proxy(), se:cdp: ws://localhost:65439/devtoo..., se:cdpVersion: 127.0.6533.89, setWindowRect: true, strictFileInteractability: false, timeouts: {implicit: 0, pageLoad: 300000, script: 30000}, unhandledPromptBehavior: accept, webauthn:extension:credBlob: true, webauthn:extension:largeBlob: true, webauthn:extension:minPinLength: true, webauthn:extension:prf: true, webauthn:virtualAuthenticators: true}\nselenide.baseUrl: https://armsent-test.amalitech-dev.net/\nSession ID: df45c2cc0db391ae28406d3763071768","time":{"start":1722900245516,"stop":1722900245517,"duration":1}},{"uid":"15d01022fcdd19cd","status":"skipped","statusDetails":"Element not found {input[type='email']}\r\nExpected: editable\r\nScreenshot: file:/C:/Users/TahiruYussif/Projects/ARMS_SELENIUM_AUTOMATION/build/reports/tests/1722900182568.0.png\r\nPage source: file:/C:/Users/TahiruYussif/Projects/ARMS_SELENIUM_AUTOMATION/build/reports/tests/1722900182568.0.html\r\nTimeout: 10 s.\r\nCaused by: NoSuchElementException: no such element: Unable to locate element: {\"method\":\"css selector\",\"selector\":\"input[type='email']\"}","time":{"start":1722900182947,"stop":1722900182951,"duration":4}},{"uid":"1dc2b50fde344826","status":"skipped","statusDetails":"TimeoutException: timeout: Timed out receiving message from renderer: 30.000\r\nScreenshot: file:/C:/Users/TahiruYussif/Projects/ARMS_SELENIUM_AUTOMATION/build/reports/tests/1722900066580.0.png\r\nPage source: file:/C:/Users/TahiruYussif/Projects/ARMS_SELENIUM_AUTOMATION/build/reports/tests/1722900066580.0.html\r\nTimeout: 10 s.\r\nCaused by: TimeoutException: timeout: Timed out receiving message from renderer: 30.000","time":{"start":1722900066906,"stop":1722900066909,"duration":3}},{"uid":"73b7fb1271277172","status":"skipped","statusDetails":"TimeoutException: timeout: Timed out receiving message from renderer: 30.000\r\nPage source: file:/C:/Users/TahiruYussif/Projects/ARMS_SELENIUM_AUTOMATION/build/reports/tests/1722899860149.0.html\r\nTimeout: 10 s.\r\nCaused by: TimeoutException: timeout: Timed out receiving message from renderer: 30.000","time":{"start":1722899920346,"stop":1722899920348,"duration":2}},{"uid":"9839c48d7681fcf","status":"skipped","statusDetails":"TimeoutException: timeout: Timed out receiving message from renderer: 30.000\r\nScreenshot: file:/C:/Users/TahiruYussif/Projects/ARMS_SELENIUM_AUTOMATION/build/reports/tests/1722899805917.0.png\r\nPage source: file:/C:/Users/TahiruYussif/Projects/ARMS_SELENIUM_AUTOMATION/build/reports/tests/1722899805917.0.html\r\nTimeout: 10 s.\r\nCaused by: TimeoutException: timeout: Timed out receiving message from renderer: 30.000","time":{"start":1722899806240,"stop":1722899806242,"duration":2}},{"uid":"5a2df6376d536285","status":"skipped","statusDetails":"Element not found {By.linkText:  Skip }\r\nExpected: clickable: interactable and enabled\r\nScreenshot: file:/C:/Users/TahiruYussif/Projects/ARMS_SELENIUM_AUTOMATION/build/reports/tests/1722899422128.0.png\r\nPage source: file:/C:/Users/TahiruYussif/Projects/ARMS_SELENIUM_AUTOMATION/build/reports/tests/1722899422128.0.html\r\nTimeout: 10 s.\r\nCaused by: NoSuchElementException: no such element: Unable to locate element: {\"method\":\"link text\",\"selector\":\" Skip \"}","time":{"start":1722899422489,"stop":1722899422492,"duration":3}},{"uid":"4cc5a2a9c4bbe732","status":"skipped","statusDetails":"Element not found {By.linkText:  Skip }\r\nExpected: clickable: interactable and enabled\r\nScreenshot: file:/C:/Users/TahiruYussif/Projects/ARMS_SELENIUM_AUTOMATION/build/reports/tests/1722899378971.0.png\r\nPage source: file:/C:/Users/TahiruYussif/Projects/ARMS_SELENIUM_AUTOMATION/build/reports/tests/1722899378971.0.html\r\nTimeout: 10 s.\r\nCaused by: NoSuchElementException: no such element: Unable to locate element: {\"method\":\"link text\",\"selector\":\" Skip \"}","time":{"start":1722899379480,"stop":1722899379483,"duration":3}},{"uid":"d169f8d61f5784c5","status":"skipped","statusDetails":"Element not found {By.linkText: Skip}\r\nExpected: clickable: interactable and enabled\r\nScreenshot: file:/C:/Users/TahiruYussif/Projects/ARMS_SELENIUM_AUTOMATION/build/reports/tests/1722899299612.0.png\r\nPage source: file:/C:/Users/TahiruYussif/Projects/ARMS_SELENIUM_AUTOMATION/build/reports/tests/1722899299612.0.html\r\nTimeout: 10 s.\r\nCaused by: NoSuchElementException: no such element: Unable to locate element: {\"method\":\"link text\",\"selector\":\"Skip\"}","time":{"start":1722899299998,"stop":1722899299998,"duration":0}},{"uid":"bf9988cb65ab96d7","status":"skipped","statusDetails":"invalid selector\nfrom javascript error: {\"status\":32,\"value\":\"Unable to locate an element with the xpath expression //button)[3] because of the following error:\\nSyntaxError: Failed to execute 'evaluate' on 'Document': The string '//button)[3]' is not a valid XPath expression.\"}\n  (Session info: chrome=127.0.6533.89)\nFor documentation on this error, please visit: https://www.selenium.dev/documentation/webdriver/troubleshooting/errors#invalid-selector-exception\nBuild info: version: '4.19.1', revision: 'abe0ee07dc'\nSystem info: os.name: 'Windows 11', os.arch: 'amd64', os.version: '10.0', java.version: '22.0.1'\nDriver info: org.openqa.selenium.chrome.ChromeDriver\nCommand: [2a15c8ee6405b5d26ddfaf4b293d3083, findElement {value=//button)[3], using=xpath}]\nCapabilities {acceptInsecureCerts: true, browserName: chrome, browserVersion: 127.0.6533.89, chrome: {chromedriverVersion: 127.0.6533.88 (a2d0cb026721..., userDataDir: C:\\Users\\TAHIRU~1\\AppData\\L...}, fedcm:accounts: true, goog:chromeOptions: {debuggerAddress: localhost:64076}, networkConnectionEnabled: false, pageLoadStrategy: normal, platformName: windows, proxy: Proxy(), se:cdp: ws://localhost:64076/devtoo..., se:cdpVersion: 127.0.6533.89, setWindowRect: true, strictFileInteractability: false, timeouts: {implicit: 0, pageLoad: 300000, script: 30000}, unhandledPromptBehavior: accept, webauthn:extension:credBlob: true, webauthn:extension:largeBlob: true, webauthn:extension:minPinLength: true, webauthn:extension:prf: true, webauthn:virtualAuthenticators: true}\nSession ID: 2a15c8ee6405b5d26ddfaf4b293d3083","time":{"start":1722899084607,"stop":1722899084609,"duration":2}},{"uid":"f45b55314e52a3d","status":"skipped","statusDetails":"invalid selector\nfrom javascript error: {\"status\":32,\"value\":\"Unable to locate an element with the xpath expression //button)[3] because of the following error:\\nSyntaxError: Failed to execute 'evaluate' on 'Document': The string '//button)[3]' is not a valid XPath expression.\"}\n  (Session info: chrome=127.0.6533.89)\nFor documentation on this error, please visit: https://www.selenium.dev/documentation/webdriver/troubleshooting/errors#invalid-selector-exception\nBuild info: version: '4.19.1', revision: 'abe0ee07dc'\nSystem info: os.name: 'Windows 11', os.arch: 'amd64', os.version: '10.0', java.version: '22.0.1'\nDriver info: org.openqa.selenium.chrome.ChromeDriver\nCommand: [c30749877f0528b499481d125b036be4, findElement {value=//button)[3], using=xpath}]\nCapabilities {acceptInsecureCerts: true, browserName: chrome, browserVersion: 127.0.6533.89, chrome: {chromedriverVersion: 127.0.6533.88 (a2d0cb026721..., userDataDir: C:\\Users\\TAHIRU~1\\AppData\\L...}, fedcm:accounts: true, goog:chromeOptions: {debuggerAddress: localhost:63939}, networkConnectionEnabled: false, pageLoadStrategy: normal, platformName: windows, proxy: Proxy(), se:cdp: ws://localhost:63939/devtoo..., se:cdpVersion: 127.0.6533.89, setWindowRect: true, strictFileInteractability: false, timeouts: {implicit: 0, pageLoad: 300000, script: 30000}, unhandledPromptBehavior: accept, webauthn:extension:credBlob: true, webauthn:extension:largeBlob: true, webauthn:extension:minPinLength: true, webauthn:extension:prf: true, webauthn:virtualAuthenticators: true}\nSession ID: c30749877f0528b499481d125b036be4","time":{"start":1722898997376,"stop":1722898997376,"duration":0}},{"uid":"ceab07f0f3ed87fe","status":"skipped","statusDetails":"Element not found {input[type='email']}\r\nExpected: editable\r\nScreenshot: file:/C:/Users/TahiruYussif/Projects/ARMS_SELENIUM_AUTOMATION/build/reports/tests/1722898924826.0.png\r\nPage source: file:/C:/Users/TahiruYussif/Projects/ARMS_SELENIUM_AUTOMATION/build/reports/tests/1722898924826.0.html\r\nTimeout: 10 s.\r\nCaused by: NoSuchElementException: no such element: Unable to locate element: {\"method\":\"css selector\",\"selector\":\"input[type='email']\"}","time":{"start":1722898925647,"stop":1722898925659,"duration":12}},{"uid":"2f1cdbbd6927134","status":"skipped","statusDetails":"Element not found {input[type='email']}\r\nExpected: editable\r\nScreenshot: file:/C:/Users/TahiruYussif/Projects/ARMS_SELENIUM_AUTOMATION/build/reports/tests/1722898852659.0.png\r\nPage source: file:/C:/Users/TahiruYussif/Projects/ARMS_SELENIUM_AUTOMATION/build/reports/tests/1722898852659.0.html\r\nTimeout: 10 s.\r\nCaused by: NoSuchElementException: no such element: Unable to locate element: {\"method\":\"css selector\",\"selector\":\"input[type='email']\"}","time":{"start":1722898853352,"stop":1722898853359,"duration":7}},{"uid":"8ef33000c4b69e5a","status":"skipped","statusDetails":"Invalid element state [By.className: appsIcon]: element click intercepted: Element <img src=\"/img/apps.9fd90171.svg\" class=\"appsIcon\" alt=\"menu icons svg\"> is not clickable at point (1103, 40). Other element would receive the click: <div class=\"g-dialog-overlay g-dialog-overlay--active\" style=\"z-index: 1003; --6eaca59a: var(--overlay-bg);\"></div>\r\nScreenshot: file:/C:/Users/TahiruYussif/Projects/ARMS_SELENIUM_AUTOMATION/build/reports/tests/1722897897666.0.png\r\nPage source: file:/C:/Users/TahiruYussif/Projects/ARMS_SELENIUM_AUTOMATION/build/reports/tests/1722897897666.0.html\r\nTimeout: 10 s.\r\nCaused by: ElementClickInterceptedException: element click intercepted: Element <img src=\"/img/apps.9fd90171.svg\" class=\"appsIcon\" alt=\"menu icons svg\"> is not clickable at point (1103, 40). Other element would receive the click: <div class=\"g-dialog-overlay g-dialog-overlay--active\" style=\"z-index: 1003; --6eaca59a: var(--overlay-bg);\"></div>","time":{"start":1722897898709,"stop":1722897898717,"duration":8}},{"uid":"da847ed4f807e741","status":"skipped","statusDetails":"Invalid element state [By.className: appsIcon]: element click intercepted: Element <img src=\"/img/apps.9fd90171.svg\" class=\"appsIcon\" alt=\"menu icons svg\"> is not clickable at point (1018, 40). Other element would receive the click: <div class=\"g-dialog-overlay g-dialog-overlay--active\" style=\"z-index: 1003; --6eaca59a: var(--overlay-bg);\"></div>\r\nScreenshot: file:/C:/Users/TahiruYussif/Projects/ARMS_SELENIUM_AUTOMATION/build/reports/tests/1722897804186.0.png\r\nPage source: file:/C:/Users/TahiruYussif/Projects/ARMS_SELENIUM_AUTOMATION/build/reports/tests/1722897804186.0.html\r\nTimeout: 10 s.\r\nCaused by: ElementClickInterceptedException: element click intercepted: Element <img src=\"/img/apps.9fd90171.svg\" class=\"appsIcon\" alt=\"menu icons svg\"> is not clickable at point (1018, 40). Other element would receive the click: <div class=\"g-dialog-overlay g-dialog-overlay--active\" style=\"z-index: 1003; --6eaca59a: var(--overlay-bg);\"></div>","time":{"start":1722897805107,"stop":1722897805116,"duration":9}},{"uid":"3c44ebbb87103ba6","status":"passed","time":{"start":1721953840769,"stop":1721953845222,"duration":4453}},{"uid":"2500bff4a5a9016","status":"skipped","statusDetails":"URLs do not match expected [https://armsent-test.amalitech-dev.net/] but found [https://login.microsoftonline.com/b20a8f4d-0d6a-4f2e-83a2-181c968f8882/login]","time":{"start":1721953795835,"stop":1721953795837,"duration":2}},{"uid":"af9e4fa79a9c28ed","status":"passed","time":{"start":1721953436327,"stop":1721953442837,"duration":6510}},{"uid":"b3f9edda9a6bf1f3","status":"passed","time":{"start":1721953353529,"stop":1721953359312,"duration":5783}},{"uid":"5dee3880640911bd","status":"passed","time":{"start":1721952475883,"stop":1721952481554,"duration":5671}},{"uid":"44b0456c822cb3d5","status":"skipped","statusDetails":"URLs do not match expected [https://armsent-test.amalitech-dev.net/] but found [https://armsent-test.amalitech-dev.net/?app-token=eyJhbGciOiJSUzI1NiIsInR5cCI6IkpXVCJ9.eyJ1c2VyX2lkIjoxMjA4LCJlbWFpbCI6Im5pYS5wYXRlbEBhbWFsaXRlY2guY29tIiwiZmlyc3RfbmFtZSI6IkdlcmxpbmRlIiwibGFzdF9uYW1lIjoiRWR2w6FyZCIsIm90aGVyX25hbWUiOiJTYWJpdGgiLCJvZmZpY2UiOiIyNSIsIm9yZ2FuaXphdGlvbiI6IjEwNDIiLCJwcm9maWxlX2ltYWdlIjoiaHR0cHM6Ly9kczA2Z2p6NWZsbjF0LmNsb3VkZnJvbnQubmV0L2VtcGxveWVlLXByb2ZpbGUtcGljcy8xNzEyMzA2NzE0OTYxYmlnc3RvY2stYmlnZm9vdF80LTQwNTYyNTlfMjAyMjAxMjgxNDAyNDcud2VicCIsInJvbGVzIjpbXSwiYXBwcyI6WyJlbXBsb3llZSBtYW5hZ2VtZW50IiwiZiZjIiwicGF5cm9sbCIsInByb2N1cmVtZW50IG1hbmFnZXIiLCJpbnZvaWNlIG1hbmFnZXIiLCJsb2FucyIsImxlYXZlIG1hbmFnZW1lbnQiLCJwZXJmb3JtYW5jZSBtYW5hZ2VtZW50Il0sImlhdCI6MTcyMTk0OTUwMCwiZXhwIjoxNzIxOTg1NTAwLCJhdWQiOiJodHRwczovL2FtYWxpdGVjaC5jb20vIiwiaXNzIjoiQW1hbGl0ZWNoIFNTTyIsInN1YiI6ImluZm9AYW1hbGl0ZWNoLmNvbSJ9.qBV72BcIeV8Uzclv1Gme1fSdEEoWQhWS9KJaoPIub_j9xGmUe2qe0LJBAteUWwzG2f9Z1kBOkJeZ2HCaujI7-tmJNWu9vn9Y_hiEQUCgShloS78AGUqJghHlZovP7qhAyDpKmOqkVJf2Rt73KmiPZpxzMLkV0nzaBx5omLkvW8JH56DzUBGJ5Dv3vKV8zCFbGymCpXDo6MCN5Ibf6i9oM0wOBF2w0FdhtOjsfW679YC6SPpLq3AXT_l3e_MFNjvk2BvTY4Ro8i-maXGaAMxVuO-m9ksz68GWAd8KgBp1oQKprtP4lM72YGRDDJgAZ623bL7blBxT6ET0-_QjUzgYQg&ms-refresh-token=0.ATwATY8KsmoNLk-Dohgclo-IgsaFHOp5SoJGhG19TlhOrwU8AEw.AgABAwEAAAApTwJmzXqdR4BN2miheQMYAgDs_wUA9P8xJasyBZTW7160ZZmApNMYLCWimubaRMIZf7WcMV8tspBn6XOclDkt6hp-eg2c42il9bqs3vqUKTzV9w3SZ4e15fHZEYSB3WlcqqTEKn5ArRpdJR2EH8gBFt6e-tnb-K_nfXvP2gp3zotXRbtixIonjdNoC3cO5YaEjLnlyVxbrFVJwgfmx82nOX-2Vo1bNOkSsU_0kl44Hc6DbpcNIbelerwzkNLNJOil1mXLHTxcU3DSlCT6w-Yy1MQ32tC4K4X2j7D5DiDVOIfyK0gXZWklGO2rcxUJMnjGO3PcKCIoZ_poSjUtFhGO2onYZKd6tMNJ9xqjnGDD2ha0k8eQOV1-dTUPinnhYGiwTIJKTp3s3y2tbxX6jcy59BoXRVVatcrSd9xmXp44AHyRhRmNstg9JnE39ApImL3hwqu2savDmlmCRBhrg4oiuXbsHQ184u4pbHmNXFZE-efoxtD0RCcr_9QDsIhSJebVFhKJsUonqVIRcr6q_VD_Cz7VkMNZEGUHTLzbw_objVv9DAct7u_MkCW1blGaq_T0V-NYnX_P3yOvqHT3hCZJy6EmVwflRUdgQQX61FmImRNsRCAgI1GLh_Nu7pLaxY3bOgA7ir3nIGhmTMSM0M33wQDx2h9VtFO2WR13vh7syag5QKNIuSTb8JHJMrRrXIjS_Wwe7h0fvcP-eBwrU65OIWwWJq0IuIlnbs23ecPO-qyUabgNAYibkek13Z0R3OjGtJEX4JlVCIOEzV0Rm6d-SqzJekZ61kQGEPV_yusaDeEqehJrIEZtzV76AdGZ98DsJEA&login-hint=O.CiRmNGY1YTA2ZC01M2I0LTQzZDYtYjcwNC02NjBmZGEwMjNiZjgSJGIyMGE4ZjRkLTBkNmEtNGYyZS04M2EyLTE4MWM5NjhmODg4MhoXbmlhLnBhdGVsQGFtYWxpdGVjaC5jb20gHg==&expires-at=1721985500]","time":{"start":1721952432864,"stop":1721952432869,"duration":5}},{"uid":"fd32af6b1e7cc3eb","status":"passed","time":{"start":1721952340379,"stop":1721952344649,"duration":4270}},{"uid":"7308670fef2a1159","status":"passed","time":{"start":1721952181670,"stop":1721952188795,"duration":7125}},{"uid":"ce629dd7e25ab7c2","status":"passed","time":{"start":1721951924842,"stop":1721951930705,"duration":5863}},{"uid":"9ae13e74b91a3772","status":"passed","time":{"start":1721951812040,"stop":1721951818983,"duration":6943}},{"uid":"1eb09d95b00f0e50","status":"passed","time":{"start":1721951447394,"stop":1721951451605,"duration":4211}},{"uid":"f93765c61cd928ab","status":"passed","time":{"start":1721950721973,"stop":1721950727702,"duration":5729}},{"uid":"2aead72de53f635f","status":"passed","time":{"start":1721950659195,"stop":1721950663373,"duration":4178}},{"uid":"5883885ed2488be4","status":"failed","statusDetails":"Invalid element state [[data-cy='name']]: element not interactable\r\nScreenshot: file:/C:/Users/TahiruYussif/Projects/ARMS_SELENIUM_AUTOMATION/build/reports/tests/1721950461364.0.png\r\nPage source: file:/C:/Users/TahiruYussif/Projects/ARMS_SELENIUM_AUTOMATION/build/reports/tests/1721950461364.0.html\r\nTimeout: 10 s.\r\nCaused by: ElementNotInteractableException: element not interactable","time":{"start":1721950446245,"stop":1721950461521,"duration":15276}},{"uid":"3447ad82eec55f4d","status":"failed","statusDetails":"Invalid element state [[data-cy='name']]: element not interactable\r\nScreenshot: file:/C:/Users/TahiruYussif/Projects/ARMS_SELENIUM_AUTOMATION/build/reports/tests/1721950321293.0.png\r\nPage source: file:/C:/Users/TahiruYussif/Projects/ARMS_SELENIUM_AUTOMATION/build/reports/tests/1721950321293.0.html\r\nTimeout: 10 s.\r\nCaused by: ElementNotInteractableException: element not interactable","time":{"start":1721950294654,"stop":1721950321433,"duration":26779}},{"uid":"fac4499edb02ee4a","status":"failed","statusDetails":"Invalid element state [[data-cy='name']]: element not interactable\r\nScreenshot: file:/C:/Users/TahiruYussif/Projects/ARMS_SELENIUM_AUTOMATION/build/reports/tests/1721950085723.0.png\r\nPage source: file:/C:/Users/TahiruYussif/Projects/ARMS_SELENIUM_AUTOMATION/build/reports/tests/1721950085723.0.html\r\nTimeout: 10 s.\r\nCaused by: ElementNotInteractableException: element not interactable","time":{"start":1721950072850,"stop":1721950085860,"duration":13010}},{"uid":"3f28861533e45418","status":"skipped","statusDetails":"URLs do not match expected [https://armsent-test.amalitech-dev.net/] but found [https://login.microsoftonline.com/b20a8f4d-0d6a-4f2e-83a2-181c968f8882/login]","time":{"start":1721950033564,"stop":1721950033565,"duration":1}},{"uid":"329f38367f314102","status":"failed","statusDetails":"Invalid element state [[data-cy='name']]: element not interactable\r\nScreenshot: file:/C:/Users/TahiruYussif/Projects/ARMS_SELENIUM_AUTOMATION/build/reports/tests/1721949999877.0.png\r\nPage source: file:/C:/Users/TahiruYussif/Projects/ARMS_SELENIUM_AUTOMATION/build/reports/tests/1721949999877.0.html\r\nTimeout: 10 s.\r\nCaused by: ElementNotInteractableException: element not interactable","time":{"start":1721949988355,"stop":1721950000049,"duration":11694}},{"uid":"4c481cadceb96257","status":"failed","statusDetails":"Invalid element state [[data-cy='name']]: invalid element state\r\nScreenshot: file:/C:/Users/TahiruYussif/Projects/ARMS_SELENIUM_AUTOMATION/build/reports/tests/1721949739282.0.png\r\nPage source: file:/C:/Users/TahiruYussif/Projects/ARMS_SELENIUM_AUTOMATION/build/reports/tests/1721949739282.0.html\r\nTimeout: 10 s.\r\nCaused by: InvalidElementStateException: invalid element state","time":{"start":1721949725014,"stop":1721949739452,"duration":14438}},{"uid":"45edcad57dda0ce1","status":"failed","statusDetails":"Invalid element state [[data-cy='name']]: invalid element state\r\nScreenshot: file:/C:/Users/TahiruYussif/Projects/ARMS_SELENIUM_AUTOMATION/build/reports/tests/1721949524803.0.png\r\nPage source: file:/C:/Users/TahiruYussif/Projects/ARMS_SELENIUM_AUTOMATION/build/reports/tests/1721949524803.0.html\r\nTimeout: 10 s.\r\nCaused by: InvalidElementStateException: invalid element state","time":{"start":1721949509148,"stop":1721949524976,"duration":15828}},{"uid":"cdd4b837344b5530","status":"passed","time":{"start":1721866110287,"stop":1721866120889,"duration":10602}},{"uid":"24877fdcf4a99aee","status":"passed","time":{"start":1721865483337,"stop":1721865492344,"duration":9007}},{"uid":"35e027967e20726f","status":"passed","time":{"start":1721865380227,"stop":1721865380481,"duration":254}},{"uid":"17b4b540a681e43b","status":"failed","statusDetails":"expected [https://arms-leaves-frontend.amalitech-dev.net//leave-type] but found [https://arms-leaves-frontend.amalitech-dev.net/leave-type]","time":{"start":1721865305562,"stop":1721865305876,"duration":314}},{"uid":"b8f441bbd3228cb4","status":"skipped","statusDetails":"Element should be clickable: interactable and enabled {input[type='submit']}\r\nElement: '<input class=\"win-button button_primary high-contrast-overrides button ext-button primary ext-primary\" data-bind=\"\n                attr: primaryButtonAttributes,\n                css: { 'high-contrast-overrides': svr.fUseHighContrastOverrides },\n                externalCss: {\n                    'button': true,\n                    'primary': true },\n                value: primaryButtonText() || str['CT_PWD_STR_SignIn_Button_Next'],\n                hasFocus: focusOnPrimaryButton,\n                click: svr.fEnableLivePreview ?  function() { } : primaryButton_onClick,\n                clickBubble: !svr.fEnableLivePreview,\n                enable: isPrimaryButtonEnabled,\n                visible: isPrimaryButtonVisible,\n                preventTabbing: primaryButtonPreventTabbing\" data-report-event=\"Signin_Submit\" data-report-trigger=\"click\" data-report-value=\"Submit\" disabled id=\"idSIButton9\" type=\"submit\" value=\"Next\"></input>'\r\nActual value: disabled\r\nScreenshot: file:/C:/Users/TahiruYussif/Projects/ARMS_SELENIUM_AUTOMATION/build/reports/tests/1721865247802.0.png\r\nPage source: file:/C:/Users/TahiruYussif/Projects/ARMS_SELENIUM_AUTOMATION/build/reports/tests/1721865247802.0.html\r\nTimeout: 10 s.","time":{"start":1721865248926,"stop":1721865248930,"duration":4}}],"categories":[],"tags":[]},"source":"4248a18f0aa14880.json","parameterValues":[]}