{"uid":"870a6eaf2efb41ab","name":"setUp","fullName":"tests.Leaves.Settings.LeavesType.setUp","historyId":"4cc307618ed4273068e1ab996405e523","time":{"start":1724287406999,"stop":1724287407000,"duration":1},"status":"failed","statusMessage":"TimeoutException: timeout: Timed out receiving message from renderer: 30.000\r\nScreenshot: file:/C:/Users/TahiruYussif/Projects/ARMS_SELENIUM_AUTOMATION/build/reports/tests/1724287406426.0.png\r\nPage source: file:/C:/Users/TahiruYussif/Projects/ARMS_SELENIUM_AUTOMATION/build/reports/tests/1724287406426.0.html\r\nTimeout: 10 s.\r\nCaused by: TimeoutException: timeout: Timed out receiving message from renderer: 30.000","statusTrace":"TimeoutException: timeout: Timed out receiving message from renderer: 30.000\r\nScreenshot: file:/C:/Users/TahiruYussif/Projects/ARMS_SELENIUM_AUTOMATION/build/reports/tests/1724287406426.0.png\r\nPage source: file:/C:/Users/TahiruYussif/Projects/ARMS_SELENIUM_AUTOMATION/build/reports/tests/1724287406426.0.html\r\nTimeout: 10 s.\r\nCaused by: TimeoutException: timeout: Timed out receiving message from renderer: 30.000\r\n\tat com.codeborne.selenide.ex.UIAssertionError.wrapToUIAssertionError(UIAssertionError.java:131)\r\n\tat com.codeborne.selenide.ex.UIAssertionError.wrapThrowable(UIAssertionError.java:114)\r\n\tat com.codeborne.selenide.ex.UIAssertionError.wrap(UIAssertionError.java:108)\r\n\tat com.codeborne.selenide.impl.SelenideElementProxy.invoke(SelenideElementProxy.java:96)\r\n\tat jdk.proxy2/jdk.proxy2.$Proxy9.click(Unknown Source)\r\n\tat ArmsProject.pages.LoginPage.clickSignInButton(LoginPage.java:28)\r\n\tat ArmsProject.util.LoginBase.logIn(LoginBase.java:20)\r\n\tat ArmsProject.util.leaveBase.performLeaveHomePageTest(leaveBase.java:12)\r\n\tat tests.Leaves.Settings.LeavesType.setUp(LeavesType.java:19)\r\n\tat java.base/jdk.internal.reflect.DirectMethodHandleAccessor.invoke(DirectMethodHandleAccessor.java:103)\r\n\tat java.base/java.lang.reflect.Method.invoke(Method.java:580)\r\n\tat org.testng.internal.invokers.MethodInvocationHelper.invokeMethod(MethodInvocationHelper.java:141)\r\n\tat org.testng.internal.invokers.MethodInvocationHelper.invokeMethodConsideringTimeout(MethodInvocationHelper.java:71)\r\n\tat org.testng.internal.invokers.ConfigInvoker.invokeConfigurationMethod(ConfigInvoker.java:400)\r\n\tat org.testng.internal.invokers.ConfigInvoker.invokeConfigurations(ConfigInvoker.java:333)\r\n\tat org.testng.internal.invokers.TestInvoker.runConfigMethods(TestInvoker.java:833)\r\n\tat org.testng.internal.invokers.TestInvoker.invokeMethod(TestInvoker.java:600)\r\n\tat org.testng.internal.invokers.TestInvoker.invokeTestMethod(TestInvoker.java:230)\r\n\tat org.testng.internal.invokers.MethodRunner.runInSequence(MethodRunner.java:63)\r\n\tat org.testng.internal.invokers.TestInvoker$MethodInvocationAgent.invoke(TestInvoker.java:992)\r\n\tat org.testng.internal.invokers.TestInvoker.invokeTestMethods(TestInvoker.java:203)\r\n\tat org.testng.internal.invokers.TestMethodWorker.invokeTestMethods(TestMethodWorker.java:154)\r\n\tat org.testng.internal.invokers.TestMethodWorker.run(TestMethodWorker.java:134)\r\n\tat java.base/java.util.ArrayList.forEach(ArrayList.java:1597)\r\n\tat org.testng.TestRunner.privateRun(TestRunner.java:739)\r\n\tat org.testng.TestRunner.run(TestRunner.java:614)\r\n\tat org.testng.SuiteRunner.runTest(SuiteRunner.java:421)\r\n\tat org.testng.SuiteRunner.runSequentially(SuiteRunner.java:413)\r\n\tat org.testng.SuiteRunner.privateRun(SuiteRunner.java:373)\r\n\tat org.testng.SuiteRunner.run(SuiteRunner.java:312)\r\n\tat org.testng.SuiteRunnerWorker.runSuite(SuiteRunnerWorker.java:52)\r\n\tat org.testng.SuiteRunnerWorker.run(SuiteRunnerWorker.java:95)\r\n\tat org.testng.TestNG.runSuitesSequentially(TestNG.java:1274)\r\n\tat org.testng.TestNG.runSuitesLocally(TestNG.java:1208)\r\n\tat org.testng.TestNG.runSuites(TestNG.java:1112)\r\n\tat org.testng.TestNG.run(TestNG.java:1079)\r\n\tat com.intellij.rt.testng.IDEARemoteTestNG.run(IDEARemoteTestNG.java:65)\r\n\tat com.intellij.rt.testng.RemoteTestNGStarter.main(RemoteTestNGStarter.java:105)\r\nCaused by: org.openqa.selenium.TimeoutException: timeout: Timed out receiving message from renderer: 30.000\n  (Session info: chrome=127.0.6533.120)\nBuild info: version: '4.19.1', revision: 'abe0ee07dc'\nSystem info: os.name: 'Windows 11', os.arch: 'amd64', os.version: '10.0', java.version: '22.0.1'\nDriver info: org.openqa.selenium.chrome.ChromeDriver\nCommand: [fa3f120d8eca002a855a81df2c770e12, clickElement {id=f.8F2796B455FD628B148361766EA2A828.d.C925349F9E13B2B6890777BD3B581D29.e.6}]\nCapabilities {acceptInsecureCerts: true, browserName: chrome, browserVersion: 127.0.6533.120, chrome: {chromedriverVersion: 127.0.6533.119 (bdef6783a05..., userDataDir: C:\\Users\\TAHIRU~1\\AppData\\L...}, fedcm:accounts: true, goog:chromeOptions: {debuggerAddress: localhost:51184}, networkConnectionEnabled: false, pageLoadStrategy: normal, platformName: windows, proxy: Proxy(), se:cdp: ws://localhost:51184/devtoo..., se:cdpVersion: 127.0.6533.120, setWindowRect: true, strictFileInteractability: false, timeouts: {implicit: 0, pageLoad: 300000, script: 30000}, unhandledPromptBehavior: accept, webauthn:extension:credBlob: true, webauthn:extension:largeBlob: true, webauthn:extension:minPinLength: true, webauthn:extension:prf: true, webauthn:virtualAuthenticators: true}\nElement: [[ChromeDriver: chrome on windows (fa3f120d8eca002a855a81df2c770e12)] -> css selector: div.cursor-pointer]\nSession ID: fa3f120d8eca002a855a81df2c770e12\r\n\tat java.base/jdk.internal.reflect.DirectConstructorHandleAccessor.newInstance(DirectConstructorHandleAccessor.java:62)\r\n\tat java.base/java.lang.reflect.Constructor.newInstanceWithCaller(Constructor.java:502)\r\n\tat java.base/java.lang.reflect.Constructor.newInstance(Constructor.java:486)\r\n\tat org.openqa.selenium.remote.ErrorCodec.decode(ErrorCodec.java:167)\r\n\tat org.openqa.selenium.remote.codec.w3c.W3CHttpResponseCodec.decode(W3CHttpResponseCodec.java:138)\r\n\tat org.openqa.selenium.remote.codec.w3c.W3CHttpResponseCodec.decode(W3CHttpResponseCodec.java:50)\r\n\tat org.openqa.selenium.remote.HttpCommandExecutor.execute(HttpCommandExecutor.java:190)\r\n\tat org.openqa.selenium.remote.service.DriverCommandExecutor.invokeExecute(DriverCommandExecutor.java:216)\r\n\tat org.openqa.selenium.remote.service.DriverCommandExecutor.execute(DriverCommandExecutor.java:174)\r\n\tat org.openqa.selenium.remote.RemoteWebDriver.execute(RemoteWebDriver.java:518)\r\n\tat org.openqa.selenium.remote.RemoteWebElement.execute(RemoteWebElement.java:223)\r\n\tat org.openqa.selenium.remote.RemoteWebElement.click(RemoteWebElement.java:76)\r\n\tat com.codeborne.selenide.commands.Click.defaultClick(Click.java:106)\r\n\tat com.codeborne.selenide.commands.Click.doClick(Click.java:83)\r\n\tat com.codeborne.selenide.commands.Click.click(Click.java:59)\r\n\tat com.codeborne.selenide.commands.Click.execute(Click.java:34)\r\n\tat com.codeborne.selenide.commands.Click.execute(Click.java:26)\r\n\tat com.codeborne.selenide.commands.Commands.execute(Commands.java:162)\r\n\tat com.codeborne.selenide.impl.SelenideElementProxy.dispatchAndRetry(SelenideElementProxy.java:134)\r\n\tat com.codeborne.selenide.impl.SelenideElementProxy.invoke(SelenideElementProxy.java:86)\r\n\t... 34 more\r\n","flaky":false,"newFailed":false,"newBroken":false,"newPassed":false,"retriesCount":72,"retriesStatusChange":true,"beforeStages":[],"afterStages":[{"name":"tearDown","time":{"start":1724287407027,"stop":1724287407027,"duration":0},"description":"","status":"broken","steps":[],"attachments":[],"parameters":[],"attachmentStep":false,"stepsCount":0,"shouldDisplayMessage":false,"attachmentsCount":0,"hasContent":false}],"labels":[{"name":"package","value":"tests.Leaves.Settings.LeavesType"},{"name":"testClass","value":"tests.Leaves.Settings.LeavesType"},{"name":"testMethod","value":"setUp"},{"name":"parentSuite","value":"Default Suite"},{"name":"suite","value":"ARMS_SELENIUM_AUTOMATION"},{"name":"subSuite","value":"tests.Leaves.Settings.LeavesType"},{"name":"host","value":"AMALITECH-PC10166"},{"name":"thread","value":"6876@AMALITECH-PC10166.main(1)"},{"name":"framework","value":"testng"},{"name":"language","value":"java"},{"name":"AS_ID","value":"-1"},{"name":"resultFormat","value":"allure2"}],"parameters":[],"links":[],"hidden":false,"retry":false,"extra":{"severity":"normal","retries":[{"uid":"e10c4511609af92c","status":"failed","statusDetails":"TimeoutException: timeout: Timed out receiving message from renderer: 30.000\r\nScreenshot: file:/C:/Users/TahiruYussif/Projects/ARMS_SELENIUM_AUTOMATION/build/reports/tests/1724287253200.0.png\r\nPage source: file:/C:/Users/TahiruYussif/Projects/ARMS_SELENIUM_AUTOMATION/build/reports/tests/1724287253200.0.html\r\nTimeout: 10 s.\r\nCaused by: TimeoutException: timeout: Timed out receiving message from renderer: 30.000","time":{"start":1724287253788,"stop":1724287253790,"duration":2}},{"uid":"ca40c12df839ba63","status":"failed","statusDetails":"Element not found {input[type='email']}\r\nExpected: editable\r\nPage source: file:/C:/Users/TahiruYussif/Projects/ARMS_SELENIUM_AUTOMATION/build/reports/tests/1724287077156.0.html\r\nTimeout: 10 s.\r\nCaused by: NoSuchWindowException: no such window: target window already closed","time":{"start":1724287077285,"stop":1724287077287,"duration":2}},{"uid":"a9f1a8c18dd7fb0","status":"broken","statusDetails":"timeout: Timed out receiving message from renderer: 29.136\n  (Session info: chrome=127.0.6533.120)\nBuild info: version: '4.19.1', revision: 'abe0ee07dc'\nSystem info: os.name: 'Windows 11', os.arch: 'amd64', os.version: '10.0', java.version: '22.0.1'\nDriver info: org.openqa.selenium.chrome.ChromeDriver\nCommand: [41a08bf57e63bd3d83cb0263c805d130, get {url=https://armsent-test.amalitech-dev.net//login}]\nselenide.url: https://armsent-test.amalitech-dev.net//login\nCapabilities {acceptInsecureCerts: true, browserName: chrome, browserVersion: 127.0.6533.120, chrome: {chromedriverVersion: 127.0.6533.119 (bdef6783a05..., userDataDir: C:\\Users\\TAHIRU~1\\AppData\\L...}, fedcm:accounts: true, goog:chromeOptions: {debuggerAddress: localhost:50617}, networkConnectionEnabled: false, pageLoadStrategy: normal, platformName: windows, proxy: Proxy(), se:cdp: ws://localhost:50617/devtoo..., se:cdpVersion: 127.0.6533.120, setWindowRect: true, strictFileInteractability: false, timeouts: {implicit: 0, pageLoad: 300000, script: 30000}, unhandledPromptBehavior: accept, webauthn:extension:credBlob: true, webauthn:extension:largeBlob: true, webauthn:extension:minPinLength: true, webauthn:extension:prf: true, webauthn:virtualAuthenticators: true}\nselenide.baseUrl: https://armsent-test.amalitech-dev.net/\nSession ID: 41a08bf57e63bd3d83cb0263c805d130","time":{"start":1724287026531,"stop":1724287026532,"duration":1}},{"uid":"a5adfbc094ac9499","status":"failed","statusDetails":"TimeoutException: timeout: Timed out receiving message from renderer: 30.000\r\nPage source: file:/C:/Users/TahiruYussif/Projects/ARMS_SELENIUM_AUTOMATION/build/reports/tests/1724286960685.0.html\r\nTimeout: 10 s.\r\nCaused by: TimeoutException: timeout: Timed out receiving message from renderer: 30.000","time":{"start":1724286973452,"stop":1724286973453,"duration":1}},{"uid":"99cb6ac652c283c","status":"failed","statusDetails":"TimeoutException: timeout: Timed out receiving message from renderer: 30.000\r\nScreenshot: file:/C:/Users/TahiruYussif/Projects/ARMS_SELENIUM_AUTOMATION/build/reports/tests/1724286631750.0.png\r\nPage source: file:/C:/Users/TahiruYussif/Projects/ARMS_SELENIUM_AUTOMATION/build/reports/tests/1724286631750.0.html\r\nTimeout: 10 s.\r\nCaused by: TimeoutException: timeout: Timed out receiving message from renderer: 30.000","time":{"start":1724286632367,"stop":1724286632370,"duration":3}},{"uid":"8245a28ec401cf07","status":"failed","statusDetails":"TimeoutException: timeout: Timed out receiving message from renderer: 30.000\r\nScreenshot: file:/C:/Users/TahiruYussif/Projects/ARMS_SELENIUM_AUTOMATION/build/reports/tests/1724286565594.0.png\r\nPage source: file:/C:/Users/TahiruYussif/Projects/ARMS_SELENIUM_AUTOMATION/build/reports/tests/1724286565594.0.html\r\nTimeout: 10 s.\r\nCaused by: TimeoutException: timeout: Timed out receiving message from renderer: 30.000","time":{"start":1724286566228,"stop":1724286566231,"duration":3}},{"uid":"7a0ecddf5c0d0b37","status":"failed","statusDetails":"TimeoutException: timeout: Timed out receiving message from renderer: 30.000\r\nPage source: file:/C:/Users/TahiruYussif/Projects/ARMS_SELENIUM_AUTOMATION/build/reports/tests/1724286249174.0.html\r\nTimeout: 10 s.\r\nCaused by: TimeoutException: timeout: Timed out receiving message from renderer: 30.000","time":{"start":1724286257787,"stop":1724286257789,"duration":2}},{"uid":"f99fc70ef865e458","status":"broken","statusDetails":"timeout: Timed out receiving message from renderer: 30.000\n  (Session info: chrome=127.0.6533.120)\nBuild info: version: '4.19.1', revision: 'abe0ee07dc'\nSystem info: os.name: 'Windows 11', os.arch: 'amd64', os.version: '10.0', java.version: '22.0.1'\nDriver info: org.openqa.selenium.chrome.ChromeDriver\nCommand: [ab2751cfb685c8eda6d4dfc74a3c4ba3, getCurrentUrl {}]\nCapabilities {acceptInsecureCerts: true, browserName: chrome, browserVersion: 127.0.6533.120, chrome: {chromedriverVersion: 127.0.6533.119 (bdef6783a05..., userDataDir: C:\\Users\\TAHIRU~1\\AppData\\L...}, fedcm:accounts: true, goog:chromeOptions: {debuggerAddress: localhost:49176}, networkConnectionEnabled: false, pageLoadStrategy: normal, platformName: windows, proxy: Proxy(), se:cdp: ws://localhost:49176/devtoo..., se:cdpVersion: 127.0.6533.120, setWindowRect: true, strictFileInteractability: false, timeouts: {implicit: 0, pageLoad: 300000, script: 30000}, unhandledPromptBehavior: accept, webauthn:extension:credBlob: true, webauthn:extension:largeBlob: true, webauthn:extension:minPinLength: true, webauthn:extension:prf: true, webauthn:virtualAuthenticators: true}\nSession ID: ab2751cfb685c8eda6d4dfc74a3c4ba3","time":{"start":1724286190487,"stop":1724286190488,"duration":1}},{"uid":"7ee50074e5edc7ce","status":"failed","statusDetails":"Element not found {div.cursor-pointer}\r\nExpected: clickable: interactable and enabled\r\nPage source: file:/C:/Users/TahiruYussif/Projects/ARMS_SELENIUM_AUTOMATION/build/reports/tests/1724286113657.0.html\r\nTimeout: 10 s.\r\nCaused by: NoSuchWindowException: no such window: target window already closed","time":{"start":1724286113772,"stop":1724286113775,"duration":3}},{"uid":"d58a6fb5d970658b","status":"failed","statusDetails":"TimeoutException: timeout: Timed out receiving message from renderer: 30.000\r\nPage source: file:/C:/Users/TahiruYussif/Projects/ARMS_SELENIUM_AUTOMATION/build/reports/tests/1724286036956.0.html\r\nTimeout: 10 s.\r\nCaused by: TimeoutException: timeout: Timed out receiving message from renderer: 30.000","time":{"start":1724286066381,"stop":1724286066383,"duration":2}},{"uid":"557f9eaab15f720a","status":"failed","statusDetails":"TimeoutException: timeout: Timed out receiving message from renderer: 30.000\r\nScreenshot: file:/C:/Users/TahiruYussif/Projects/ARMS_SELENIUM_AUTOMATION/build/reports/tests/1724285949405.0.png\r\nPage source: file:/C:/Users/TahiruYussif/Projects/ARMS_SELENIUM_AUTOMATION/build/reports/tests/1724285949405.0.html\r\nTimeout: 10 s.\r\nCaused by: TimeoutException: timeout: Timed out receiving message from renderer: 30.000","time":{"start":1724285950047,"stop":1724285950049,"duration":2}},{"uid":"acca30def9ab21ed","status":"failed","statusDetails":"Element not found {input[type='email']}\r\nExpected: editable\r\nPage source: file:/C:/Users/TahiruYussif/Projects/ARMS_SELENIUM_AUTOMATION/build/reports/tests/1724285886593.0.html\r\nTimeout: 10 s.\r\nCaused by: NoSuchWindowException: no such window: target window already closed","time":{"start":1724285886667,"stop":1724285886668,"duration":1}},{"uid":"3df2bae02d46ffa4","status":"failed","statusDetails":"Element not found {input[type='email']}\r\nExpected: editable\r\nPage source: file:/C:/Users/TahiruYussif/Projects/ARMS_SELENIUM_AUTOMATION/build/reports/tests/1724285841602.0.html\r\nTimeout: 10 s.\r\nCaused by: NoSuchWindowException: no such window: target window already closed","time":{"start":1724285841681,"stop":1724285841684,"duration":3}},{"uid":"f9693084da55613a","status":"failed","statusDetails":"TimeoutException: timeout: Timed out receiving message from renderer: 30.000\r\nScreenshot: file:/C:/Users/TahiruYussif/Projects/ARMS_SELENIUM_AUTOMATION/build/reports/tests/1724285781182.0.png\r\nPage source: file:/C:/Users/TahiruYussif/Projects/ARMS_SELENIUM_AUTOMATION/build/reports/tests/1724285781182.0.html\r\nTimeout: 10 s.\r\nCaused by: TimeoutException: timeout: Timed out receiving message from renderer: 30.000","time":{"start":1724285781955,"stop":1724285781957,"duration":2}},{"uid":"f1f3c936c5c64c48","status":"failed","statusDetails":"TimeoutException: timeout: Timed out receiving message from renderer: 30.000\r\nScreenshot: file:/C:/Users/TahiruYussif/Projects/ARMS_SELENIUM_AUTOMATION/build/reports/tests/1724285727101.0.png\r\nPage source: file:/C:/Users/TahiruYussif/Projects/ARMS_SELENIUM_AUTOMATION/build/reports/tests/1724285727101.0.html\r\nTimeout: 10 s.\r\nCaused by: TimeoutException: timeout: Timed out receiving message from renderer: 30.000","time":{"start":1724285727767,"stop":1724285727771,"duration":4}},{"uid":"c8788489771ac432","status":"failed","statusDetails":"TimeoutException: timeout: Timed out receiving message from renderer: 30.000\r\nScreenshot: file:/C:/Users/TahiruYussif/Projects/ARMS_SELENIUM_AUTOMATION/build/reports/tests/1724285490704.0.png\r\nPage source: file:/C:/Users/TahiruYussif/Projects/ARMS_SELENIUM_AUTOMATION/build/reports/tests/1724285490704.0.html\r\nTimeout: 10 s.\r\nCaused by: TimeoutException: timeout: Timed out receiving message from renderer: 30.000","time":{"start":1724285491007,"stop":1724285491009,"duration":2}},{"uid":"7c2f64528cd0e4cc","status":"failed","statusDetails":"Element not found {By.name: otc}\r\nExpected: editable\r\nScreenshot: file:/C:/Users/TahiruYussif/Projects/ARMS_SELENIUM_AUTOMATION/build/reports/tests/1724112455745.0.png\r\nPage source: file:/C:/Users/TahiruYussif/Projects/ARMS_SELENIUM_AUTOMATION/build/reports/tests/1724112455745.0.html\r\nTimeout: 10 s.\r\nCaused by: NoSuchElementException: no such element: Unable to locate element: {\"method\":\"css selector\",\"selector\":\"*[name='otc']\"}","time":{"start":1724112456212,"stop":1724112456214,"duration":2}},{"uid":"112f0f05f958c083","status":"failed","statusDetails":"Element not found {By.xpath: (//button[text()=' Skip '])[2]}\r\nExpected: enabled\r\nScreenshot: file:/C:/Users/TahiruYussif/Projects/ARMS_SELENIUM_AUTOMATION/build/reports/tests/1724112429520.0.png\r\nPage source: file:/C:/Users/TahiruYussif/Projects/ARMS_SELENIUM_AUTOMATION/build/reports/tests/1724112429520.0.html\r\nTimeout: 10 s.\r\nCaused by: NoSuchElementException: no such element: Unable to locate element: {\"method\":\"xpath\",\"selector\":\"(//button[text()=' Skip '])[2]\"}","time":{"start":1724112429974,"stop":1724112429975,"duration":1}},{"uid":"2de16f006fd4be6a","status":"failed","statusDetails":"Element not found {By.xpath: (//button[text()=' Skip '])[2]}\r\nExpected: enabled\r\nScreenshot: file:/C:/Users/TahiruYussif/Projects/ARMS_SELENIUM_AUTOMATION/build/reports/tests/1724109300475.0.png\r\nPage source: file:/C:/Users/TahiruYussif/Projects/ARMS_SELENIUM_AUTOMATION/build/reports/tests/1724109300475.0.html\r\nTimeout: 10 s.\r\nCaused by: NoSuchElementException: no such element: Unable to locate element: {\"method\":\"xpath\",\"selector\":\"(//button[text()=' Skip '])[2]\"}","time":{"start":1724109300944,"stop":1724109300946,"duration":2}},{"uid":"381daabf67616a25","status":"failed","statusDetails":"Element not found {input[type='email']}\r\nExpected: editable\r\nScreenshot: file:/C:/Users/TahiruYussif/Projects/ARMS_SELENIUM_AUTOMATION/build/reports/tests/1724108657555.0.png\r\nPage source: file:/C:/Users/TahiruYussif/Projects/ARMS_SELENIUM_AUTOMATION/build/reports/tests/1724108657555.0.html\r\nTimeout: 10 s.\r\nCaused by: NoSuchElementException: no such element: Unable to locate element: {\"method\":\"css selector\",\"selector\":\"input[type='email']\"}","time":{"start":1724108660111,"stop":1724108660113,"duration":2}},{"uid":"f1947dcbc7cf55e1","status":"failed","statusDetails":"TimeoutException: timeout: Timed out receiving message from renderer: 30.000\r\nScreenshot: file:/C:/Users/TahiruYussif/Projects/ARMS_SELENIUM_AUTOMATION/build/reports/tests/1724108589475.0.png\r\nPage source: file:/C:/Users/TahiruYussif/Projects/ARMS_SELENIUM_AUTOMATION/build/reports/tests/1724108589475.0.html\r\nTimeout: 10 s.\r\nCaused by: TimeoutException: timeout: Timed out receiving message from renderer: 30.000","time":{"start":1724108589687,"stop":1724108589689,"duration":2}},{"uid":"dc39cfe7ecdec4f","status":"failed","statusDetails":"TimeoutException: timeout: Timed out receiving message from renderer: 30.000\r\nScreenshot: file:/C:/Users/TahiruYussif/Projects/ARMS_SELENIUM_AUTOMATION/build/reports/tests/1724108527880.0.png\r\nPage source: file:/C:/Users/TahiruYussif/Projects/ARMS_SELENIUM_AUTOMATION/build/reports/tests/1724108527880.0.html\r\nTimeout: 10 s.\r\nCaused by: TimeoutException: timeout: Timed out receiving message from renderer: 30.000","time":{"start":1724108528078,"stop":1724108528080,"duration":2}},{"uid":"66ba53e320dbe45d","status":"failed","statusDetails":"Element not found {input[type='email']}\r\nExpected: editable\r\nScreenshot: file:/C:/Users/TahiruYussif/Projects/ARMS_SELENIUM_AUTOMATION/build/reports/tests/1724108470236.0.png\r\nPage source: file:/C:/Users/TahiruYussif/Projects/ARMS_SELENIUM_AUTOMATION/build/reports/tests/1724108470236.0.html\r\nTimeout: 10 s.\r\nCaused by: TimeoutException: timeout: Timed out receiving message from renderer: 30.000","time":{"start":1724108470430,"stop":1724108470432,"duration":2}},{"uid":"56fb53db8a8c3b06","status":"failed","statusDetails":"TimeoutException: timeout: Timed out receiving message from renderer: 30.000\r\nScreenshot: file:/C:/Users/TahiruYussif/Projects/ARMS_SELENIUM_AUTOMATION/build/reports/tests/1724108279802.0.png\r\nPage source: file:/C:/Users/TahiruYussif/Projects/ARMS_SELENIUM_AUTOMATION/build/reports/tests/1724108279802.0.html\r\nTimeout: 10 s.\r\nCaused by: TimeoutException: timeout: Timed out receiving message from renderer: 30.000","time":{"start":1724108279991,"stop":1724108279992,"duration":1}},{"uid":"9d94b07183e7d0ed","status":"failed","statusDetails":"TimeoutException: timeout: Timed out receiving message from renderer: 30.000\r\nScreenshot: file:/C:/Users/TahiruYussif/Projects/ARMS_SELENIUM_AUTOMATION/build/reports/tests/1724108191777.0.png\r\nPage source: file:/C:/Users/TahiruYussif/Projects/ARMS_SELENIUM_AUTOMATION/build/reports/tests/1724108191777.0.html\r\nTimeout: 10 s.\r\nCaused by: TimeoutException: timeout: Timed out receiving message from renderer: 30.000","time":{"start":1724108192005,"stop":1724108192008,"duration":3}},{"uid":"55087cca06eb656","status":"failed","statusDetails":"TimeoutException: timeout: Timed out receiving message from renderer: 30.000\r\nScreenshot: file:/C:/Users/TahiruYussif/Projects/ARMS_SELENIUM_AUTOMATION/build/reports/tests/1724108140551.0.png\r\nPage source: file:/C:/Users/TahiruYussif/Projects/ARMS_SELENIUM_AUTOMATION/build/reports/tests/1724108140551.0.html\r\nTimeout: 10 s.\r\nCaused by: TimeoutException: timeout: Timed out receiving message from renderer: 30.000","time":{"start":1724108140785,"stop":1724108140786,"duration":1}},{"uid":"4da6f4cb10798564","status":"failed","statusDetails":"Element not found {input[type='email']}\r\nExpected: editable\r\nScreenshot: file:/C:/Users/TahiruYussif/Projects/ARMS_SELENIUM_AUTOMATION/build/reports/tests/1724107650566.0.png\r\nPage source: file:/C:/Users/TahiruYussif/Projects/ARMS_SELENIUM_AUTOMATION/build/reports/tests/1724107650566.0.html\r\nTimeout: 10 s.\r\nCaused by: NoSuchElementException: no such element: Unable to locate element: {\"method\":\"css selector\",\"selector\":\"input[type='email']\"}","time":{"start":1724107650788,"stop":1724107650789,"duration":1}},{"uid":"f94a6a72ac0145f3","status":"failed","statusDetails":"TimeoutException: timeout: Timed out receiving message from renderer: 30.000\r\nScreenshot: file:/C:/Users/TahiruYussif/Projects/ARMS_SELENIUM_AUTOMATION/build/reports/tests/1724107616293.0.png\r\nPage source: file:/C:/Users/TahiruYussif/Projects/ARMS_SELENIUM_AUTOMATION/build/reports/tests/1724107616293.0.html\r\nTimeout: 10 s.\r\nCaused by: TimeoutException: timeout: Timed out receiving message from renderer: 30.000","time":{"start":1724107616901,"stop":1724107616904,"duration":3}},{"uid":"6026efa8494ea81b","status":"failed","statusDetails":"TimeoutException: timeout: Timed out receiving message from renderer: 30.000\r\nScreenshot: file:/C:/Users/TahiruYussif/Projects/ARMS_SELENIUM_AUTOMATION/build/reports/tests/1724107567276.0.png\r\nPage source: file:/C:/Users/TahiruYussif/Projects/ARMS_SELENIUM_AUTOMATION/build/reports/tests/1724107567276.0.html\r\nTimeout: 10 s.\r\nCaused by: TimeoutException: timeout: Timed out receiving message from renderer: 30.000","time":{"start":1724107567474,"stop":1724107567475,"duration":1}},{"uid":"aa2bc004d08b3ba4","status":"failed","statusDetails":"Element not found {input[type='email']}\r\nExpected: editable\r\nScreenshot: file:/C:/Users/TahiruYussif/Projects/ARMS_SELENIUM_AUTOMATION/build/reports/tests/1724105921461.0.png\r\nPage source: file:/C:/Users/TahiruYussif/Projects/ARMS_SELENIUM_AUTOMATION/build/reports/tests/1724105921461.0.html\r\nTimeout: 10 s.\r\nCaused by: NoSuchElementException: no such element: Unable to locate element: {\"method\":\"css selector\",\"selector\":\"input[type='email']\"}","time":{"start":1724105921730,"stop":1724105921732,"duration":2}},{"uid":"4a4a4340a034a327","status":"failed","statusDetails":"TimeoutException: timeout: Timed out receiving message from renderer: 30.000\r\nScreenshot: file:/C:/Users/TahiruYussif/Projects/ARMS_SELENIUM_AUTOMATION/build/reports/tests/1724105887076.0.png\r\nPage source: file:/C:/Users/TahiruYussif/Projects/ARMS_SELENIUM_AUTOMATION/build/reports/tests/1724105887076.0.html\r\nTimeout: 10 s.\r\nCaused by: TimeoutException: timeout: Timed out receiving message from renderer: 30.000","time":{"start":1724105887312,"stop":1724105887314,"duration":2}},{"uid":"d6e482efa74ac80","status":"failed","statusDetails":"Element not found {input[type='email']}\r\nExpected: editable\r\nScreenshot: file:/C:/Users/TahiruYussif/Projects/ARMS_SELENIUM_AUTOMATION/build/reports/tests/1722938326453.0.png\r\nPage source: file:/C:/Users/TahiruYussif/Projects/ARMS_SELENIUM_AUTOMATION/build/reports/tests/1722938326453.0.html\r\nTimeout: 10 s.\r\nCaused by: NoSuchElementException: no such element: Unable to locate element: {\"method\":\"css selector\",\"selector\":\"input[type='email']\"}","time":{"start":1722938326648,"stop":1722938326649,"duration":1}},{"uid":"bb5aaede215f8548","status":"failed","statusDetails":"Element not found {input[type='email']}\r\nExpected: editable\r\nScreenshot: file:/C:/Users/TahiruYussif/Projects/ARMS_SELENIUM_AUTOMATION/build/reports/tests/1722937846682.0.png\r\nPage source: file:/C:/Users/TahiruYussif/Projects/ARMS_SELENIUM_AUTOMATION/build/reports/tests/1722937846682.0.html\r\nTimeout: 10 s.\r\nCaused by: NoSuchElementException: no such element: Unable to locate element: {\"method\":\"css selector\",\"selector\":\"input[type='email']\"}","time":{"start":1722937846905,"stop":1722937846907,"duration":2}},{"uid":"76a01a0ded358caf","status":"failed","statusDetails":"Element not found {By.xpath: (//button[text()=' Skip '])[2]}\r\nExpected: enabled\r\nScreenshot: file:/C:/Users/TahiruYussif/Projects/ARMS_SELENIUM_AUTOMATION/build/reports/tests/1722937803331.0.png\r\nPage source: file:/C:/Users/TahiruYussif/Projects/ARMS_SELENIUM_AUTOMATION/build/reports/tests/1722937803331.0.html\r\nTimeout: 10 s.\r\nCaused by: NoSuchElementException: no such element: Unable to locate element: {\"method\":\"xpath\",\"selector\":\"(//button[text()=' Skip '])[2]\"}","time":{"start":1722937803792,"stop":1722937803796,"duration":4}},{"uid":"57d97aab036652ff","status":"failed","statusDetails":"TimeoutException: timeout: Timed out receiving message from renderer: 30.000\r\nScreenshot: file:/C:/Users/TahiruYussif/Projects/ARMS_SELENIUM_AUTOMATION/build/reports/tests/1722937671088.0.png\r\nPage source: file:/C:/Users/TahiruYussif/Projects/ARMS_SELENIUM_AUTOMATION/build/reports/tests/1722937671088.0.html\r\nTimeout: 10 s.\r\nCaused by: TimeoutException: timeout: Timed out receiving message from renderer: 30.000","time":{"start":1722937671371,"stop":1722937671373,"duration":2}},{"uid":"9761b8fa250db4dd","status":"failed","statusDetails":"Element should be clickable: interactable and enabled {input[type='submit']}\r\nElement: '<input class=\"win-button button_primary high-contrast-overrides button ext-button primary ext-primary\" data-bind=\"\n                attr: primaryButtonAttributes,\n                css: { 'high-contrast-overrides': svr.fUseHighContrastOverrides },\n                externalCss: {\n                    'button': true,\n                    'primary': true },\n                value: primaryButtonText() || str['CT_PWD_STR_SignIn_Button_Next'],\n                hasFocus: focusOnPrimaryButton,\n                click: svr.fEnableLivePreview ?  function() { } : primaryButton_onClick,\n                clickBubble: !svr.fEnableLivePreview,\n                enable: isPrimaryButtonEnabled,\n                visible: isPrimaryButtonVisible,\n                preventTabbing: primaryButtonPreventTabbing\" data-report-event=\"Signin_Submit\" data-report-trigger=\"click\" data-report-value=\"Submit\" disabled id=\"idSIButton9\" type=\"submit\" value=\"Next\"></input>'\r\nActual value: disabled\r\nScreenshot: file:/C:/Users/TahiruYussif/Projects/ARMS_SELENIUM_AUTOMATION/build/reports/tests/1722935441536.0.png\r\nPage source: file:/C:/Users/TahiruYussif/Projects/ARMS_SELENIUM_AUTOMATION/build/reports/tests/1722935441536.0.html\r\nTimeout: 10 s.","time":{"start":1722935441775,"stop":1722935441776,"duration":1}},{"uid":"2f07694c0d9393f2","status":"failed","statusDetails":"Element not found {By.name: otc}\r\nExpected: editable\r\nScreenshot: file:/C:/Users/TahiruYussif/Projects/ARMS_SELENIUM_AUTOMATION/build/reports/tests/1722935400187.0.png\r\nPage source: file:/C:/Users/TahiruYussif/Projects/ARMS_SELENIUM_AUTOMATION/build/reports/tests/1722935400187.0.html\r\nTimeout: 10 s.\r\nCaused by: NoSuchElementException: no such element: Unable to locate element: {\"method\":\"css selector\",\"selector\":\"*[name='otc']\"}","time":{"start":1722935400607,"stop":1722935400608,"duration":1}},{"uid":"5de27f7c6c016497","status":"failed","statusDetails":"Invalid element state [By.className: appsIcon]: element click intercepted: Element <img src=\"/img/apps.9fd90171.svg\" class=\"appsIcon\" alt=\"menu icons svg\"> is not clickable at point (1018, 40). Other element would receive the click: <div class=\"g-dialog-overlay g-dialog-overlay--active\" style=\"z-index: 1001; --6eaca59a: var(--overlay-bg);\"></div>\r\nScreenshot: file:/C:/Users/TahiruYussif/Projects/ARMS_SELENIUM_AUTOMATION/build/reports/tests/1722935293125.0.png\r\nPage source: file:/C:/Users/TahiruYussif/Projects/ARMS_SELENIUM_AUTOMATION/build/reports/tests/1722935293125.0.html\r\nTimeout: 10 s.\r\nCaused by: ElementClickInterceptedException: element click intercepted: Element <img src=\"/img/apps.9fd90171.svg\" class=\"appsIcon\" alt=\"menu icons svg\"> is not clickable at point (1018, 40). Other element would receive the click: <div class=\"g-dialog-overlay g-dialog-overlay--active\" style=\"z-index: 1001; --6eaca59a: var(--overlay-bg);\"></div>","time":{"start":1722935293458,"stop":1722935293462,"duration":4}},{"uid":"a2f806a848a133c","status":"failed","statusDetails":"Invalid element state [By.className: appsIcon]: element click intercepted: Element <img src=\"/img/apps.9fd90171.svg\" class=\"appsIcon\" alt=\"menu icons svg\"> is not clickable at point (1018, 40). Other element would receive the click: <div class=\"g-dialog-overlay g-dialog-overlay--active\" style=\"z-index: 1001; --6eaca59a: var(--overlay-bg);\"></div>\r\nScreenshot: file:/C:/Users/TahiruYussif/Projects/ARMS_SELENIUM_AUTOMATION/build/reports/tests/1722935171495.0.png\r\nPage source: file:/C:/Users/TahiruYussif/Projects/ARMS_SELENIUM_AUTOMATION/build/reports/tests/1722935171495.0.html\r\nTimeout: 10 s.\r\nCaused by: ElementClickInterceptedException: element click intercepted: Element <img src=\"/img/apps.9fd90171.svg\" class=\"appsIcon\" alt=\"menu icons svg\"> is not clickable at point (1018, 40). Other element would receive the click: <div class=\"g-dialog-overlay g-dialog-overlay--active\" style=\"z-index: 1001; --6eaca59a: var(--overlay-bg);\"></div>","time":{"start":1722935171803,"stop":1722935171805,"duration":2}},{"uid":"9e5b2de28fb6d129","status":"failed","statusDetails":"Invalid element state [By.xpath: //button[text()=' Skip ']]: element click intercepted: Element <button data-v-2ad7093c=\"\" class=\"button with_border flex items-center justify-center gap-1\" data-cy=\"\">...</button> is not clickable at point (640, 549). Other element would receive the click: <button data-v-2ad7093c=\"\" class=\"button with_border flex items-center justify-center gap-1\" data-cy=\"\">...</button>\r\nScreenshot: file:/C:/Users/TahiruYussif/Projects/ARMS_SELENIUM_AUTOMATION/build/reports/tests/1722934655374.0.png\r\nPage source: file:/C:/Users/TahiruYussif/Projects/ARMS_SELENIUM_AUTOMATION/build/reports/tests/1722934655374.0.html\r\nTimeout: 10 s.\r\nCaused by: ElementClickInterceptedException: element click intercepted: Element <button data-v-2ad7093c=\"\" class=\"button with_border flex items-center justify-center gap-1\" data-cy=\"\">...</button> is not clickable at point (640, 549). Other element would receive the click: <button data-v-2ad7093c=\"\" class=\"button with_border flex items-center justify-center gap-1\" data-cy=\"\">...</button>","time":{"start":1722934655719,"stop":1722934655723,"duration":4}},{"uid":"6af077ff9622689a","status":"failed","statusDetails":"Invalid element state [By.xpath: //button[text()=' Skip ']]: element click intercepted: Element <button data-v-2ad7093c=\"\" class=\"button with_border flex items-center justify-center gap-1\" data-cy=\"\">...</button> is not clickable at point (640, 549). Other element would receive the click: <button data-v-2ad7093c=\"\" class=\"button with_border flex items-center justify-center gap-1\" data-cy=\"\">...</button>\r\nScreenshot: file:/C:/Users/TahiruYussif/Projects/ARMS_SELENIUM_AUTOMATION/build/reports/tests/1722934562684.0.png\r\nPage source: file:/C:/Users/TahiruYussif/Projects/ARMS_SELENIUM_AUTOMATION/build/reports/tests/1722934562684.0.html\r\nTimeout: 10 s.\r\nCaused by: ElementClickInterceptedException: element click intercepted: Element <button data-v-2ad7093c=\"\" class=\"button with_border flex items-center justify-center gap-1\" data-cy=\"\">...</button> is not clickable at point (640, 549). Other element would receive the click: <button data-v-2ad7093c=\"\" class=\"button with_border flex items-center justify-center gap-1\" data-cy=\"\">...</button>","time":{"start":1722934562988,"stop":1722934562992,"duration":4}},{"uid":"4e25e1148dd96dda","status":"failed","statusDetails":"Invalid element state [By.className: appsIcon]: element click intercepted: Element <img src=\"/img/apps.9fd90171.svg\" class=\"appsIcon\" alt=\"menu icons svg\"> is not clickable at point (1658, 40). Other element would receive the click: <div class=\"g-dialog-overlay g-dialog-overlay--active\" style=\"z-index: 1003; --6eaca59a: var(--overlay-bg);\"></div>\r\nScreenshot: file:/C:/Users/TahiruYussif/Projects/ARMS_SELENIUM_AUTOMATION/build/reports/tests/1722934472515.0.png\r\nPage source: file:/C:/Users/TahiruYussif/Projects/ARMS_SELENIUM_AUTOMATION/build/reports/tests/1722934472515.0.html\r\nTimeout: 10 s.\r\nCaused by: ElementClickInterceptedException: element click intercepted: Element <img src=\"/img/apps.9fd90171.svg\" class=\"appsIcon\" alt=\"menu icons svg\"> is not clickable at point (1658, 40). Other element would receive the click: <div class=\"g-dialog-overlay g-dialog-overlay--active\" style=\"z-index: 1003; --6eaca59a: var(--overlay-bg);\"></div>","time":{"start":1722934472835,"stop":1722934472838,"duration":3}},{"uid":"eb94d23163db9651","status":"failed","statusDetails":"Invalid element state [By.xpath: //button[text()=' Skip ']]: element click intercepted: Element <button data-v-2ad7093c=\"\" class=\"button with_border flex items-center justify-center gap-1\" data-cy=\"\">...</button> is not clickable at point (640, 549). Other element would receive the click: <button data-v-2ad7093c=\"\" class=\"button with_border flex items-center justify-center gap-1\" data-cy=\"\">...</button>\r\nScreenshot: file:/C:/Users/TahiruYussif/Projects/ARMS_SELENIUM_AUTOMATION/build/reports/tests/1722934394202.0.png\r\nPage source: file:/C:/Users/TahiruYussif/Projects/ARMS_SELENIUM_AUTOMATION/build/reports/tests/1722934394202.0.html\r\nTimeout: 10 s.\r\nCaused by: ElementClickInterceptedException: element click intercepted: Element <button data-v-2ad7093c=\"\" class=\"button with_border flex items-center justify-center gap-1\" data-cy=\"\">...</button> is not clickable at point (640, 549). Other element would receive the click: <button data-v-2ad7093c=\"\" class=\"button with_border flex items-center justify-center gap-1\" data-cy=\"\">...</button>","time":{"start":1722934394547,"stop":1722934394552,"duration":5}},{"uid":"f4bc3b44731ce685","status":"failed","statusDetails":"Invalid element state [By.xpath: //button[text()=' Skip ']]: element click intercepted: Element <button data-v-2ad7093c=\"\" class=\"button with_border flex items-center justify-center gap-1\" data-cy=\"\">...</button> is not clickable at point (640, 549). Other element would receive the click: <button data-v-2ad7093c=\"\" class=\"button with_border flex items-center justify-center gap-1\" data-cy=\"\">...</button>\r\nScreenshot: file:/C:/Users/TahiruYussif/Projects/ARMS_SELENIUM_AUTOMATION/build/reports/tests/1722934140795.0.png\r\nPage source: file:/C:/Users/TahiruYussif/Projects/ARMS_SELENIUM_AUTOMATION/build/reports/tests/1722934140795.0.html\r\nTimeout: 10 s.\r\nCaused by: ElementClickInterceptedException: element click intercepted: Element <button data-v-2ad7093c=\"\" class=\"button with_border flex items-center justify-center gap-1\" data-cy=\"\">...</button> is not clickable at point (640, 549). Other element would receive the click: <button data-v-2ad7093c=\"\" class=\"button with_border flex items-center justify-center gap-1\" data-cy=\"\">...</button>","time":{"start":1722934141121,"stop":1722934141124,"duration":3}},{"uid":"507db7156a099ddb","status":"failed","statusDetails":"Invalid element state [By.xpath: //button[text()=' Skip ']]: element click intercepted: Element <button data-v-2ad7093c=\"\" class=\"button with_border flex items-center justify-center gap-1\" data-cy=\"\">...</button> is not clickable at point (640, 549). Other element would receive the click: <button data-v-2ad7093c=\"\" class=\"button with_border flex items-center justify-center gap-1\" data-cy=\"\">...</button>\r\nScreenshot: file:/C:/Users/TahiruYussif/Projects/ARMS_SELENIUM_AUTOMATION/build/reports/tests/1722934082777.0.png\r\nPage source: file:/C:/Users/TahiruYussif/Projects/ARMS_SELENIUM_AUTOMATION/build/reports/tests/1722934082777.0.html\r\nTimeout: 10 s.\r\nCaused by: ElementClickInterceptedException: element click intercepted: Element <button data-v-2ad7093c=\"\" class=\"button with_border flex items-center justify-center gap-1\" data-cy=\"\">...</button> is not clickable at point (640, 549). Other element would receive the click: <button data-v-2ad7093c=\"\" class=\"button with_border flex items-center justify-center gap-1\" data-cy=\"\">...</button>","time":{"start":1722934083144,"stop":1722934083145,"duration":1}},{"uid":"8d124ecd66852a92","status":"failed","statusDetails":"Element not found {input[type='email']}\r\nExpected: editable\r\nScreenshot: file:/C:/Users/TahiruYussif/Projects/ARMS_SELENIUM_AUTOMATION/build/reports/tests/1722933943089.0.png\r\nPage source: file:/C:/Users/TahiruYussif/Projects/ARMS_SELENIUM_AUTOMATION/build/reports/tests/1722933943089.0.html\r\nTimeout: 10 s.\r\nCaused by: NoSuchElementException: no such element: Unable to locate element: {\"method\":\"css selector\",\"selector\":\"input[type='email']\"}","time":{"start":1722933943376,"stop":1722933943378,"duration":2}},{"uid":"9302ff15e3bacfc8","status":"failed","statusDetails":"Invalid element state [By.xpath: //button[text()=' Skip ']]: element click intercepted: Element <button data-v-2ad7093c=\"\" class=\"button with_border flex items-center justify-center gap-1\" data-cy=\"\">...</button> is not clickable at point (640, 549). Other element would receive the click: <button data-v-2ad7093c=\"\" class=\"button with_border flex items-center justify-center gap-1\" data-cy=\"\">...</button>\r\nScreenshot: file:/C:/Users/TahiruYussif/Projects/ARMS_SELENIUM_AUTOMATION/build/reports/tests/1722933852299.0.png\r\nPage source: file:/C:/Users/TahiruYussif/Projects/ARMS_SELENIUM_AUTOMATION/build/reports/tests/1722933852299.0.html\r\nTimeout: 10 s.\r\nCaused by: ElementClickInterceptedException: element click intercepted: Element <button data-v-2ad7093c=\"\" class=\"button with_border flex items-center justify-center gap-1\" data-cy=\"\">...</button> is not clickable at point (640, 549). Other element would receive the click: <button data-v-2ad7093c=\"\" class=\"button with_border flex items-center justify-center gap-1\" data-cy=\"\">...</button>","time":{"start":1722933852642,"stop":1722933852644,"duration":2}},{"uid":"ae7a8503f1f88e6c","status":"failed","statusDetails":"Element not found {input[type='email']}\r\nExpected: editable\r\nScreenshot: file:/C:/Users/TahiruYussif/Projects/ARMS_SELENIUM_AUTOMATION/build/reports/tests/1722933788796.0.png\r\nPage source: file:/C:/Users/TahiruYussif/Projects/ARMS_SELENIUM_AUTOMATION/build/reports/tests/1722933788796.0.html\r\nTimeout: 10 s.\r\nCaused by: NoSuchElementException: no such element: Unable to locate element: {\"method\":\"css selector\",\"selector\":\"input[type='email']\"}","time":{"start":1722933794122,"stop":1722933794124,"duration":2}},{"uid":"a24e956b54db90aa","status":"failed","statusDetails":"Element not found {input[type='email']}\r\nExpected: editable\r\nScreenshot: file:/C:/Users/TahiruYussif/Projects/ARMS_SELENIUM_AUTOMATION/build/reports/tests/1722933736332.0.png\r\nPage source: file:/C:/Users/TahiruYussif/Projects/ARMS_SELENIUM_AUTOMATION/build/reports/tests/1722933736332.0.html\r\nTimeout: 10 s.\r\nCaused by: NoSuchElementException: no such element: Unable to locate element: {\"method\":\"css selector\",\"selector\":\"input[type='email']\"}","time":{"start":1722933736530,"stop":1722933736531,"duration":1}},{"uid":"12b7a23fee34cbe6","status":"failed","statusDetails":"Invalid element state [By.xpath: //button[text()=' Skip ']]: element click intercepted: Element <button data-v-2ad7093c=\"\" class=\"button with_border flex items-center justify-center gap-1\" data-cy=\"\">...</button> is not clickable at point (640, 419). Other element would receive the click: <button data-v-2ad7093c=\"\" class=\"button with_border flex items-center justify-center gap-1\" data-cy=\"\">...</button>\r\nScreenshot: file:/C:/Users/TahiruYussif/Projects/ARMS_SELENIUM_AUTOMATION/build/reports/tests/1722933517619.0.png\r\nPage source: file:/C:/Users/TahiruYussif/Projects/ARMS_SELENIUM_AUTOMATION/build/reports/tests/1722933517619.0.html\r\nTimeout: 10 s.\r\nCaused by: ElementClickInterceptedException: element click intercepted: Element <button data-v-2ad7093c=\"\" class=\"button with_border flex items-center justify-center gap-1\" data-cy=\"\">...</button> is not clickable at point (640, 419). Other element would receive the click: <button data-v-2ad7093c=\"\" class=\"button with_border flex items-center justify-center gap-1\" data-cy=\"\">...</button>","time":{"start":1722933517953,"stop":1722933517956,"duration":3}},{"uid":"45dff9aee9b35021","status":"failed","statusDetails":"Element not found {By.xpath: //button[text()='Skip']}\r\nExpected: clickable: interactable and enabled\r\nScreenshot: file:/C:/Users/TahiruYussif/Projects/ARMS_SELENIUM_AUTOMATION/build/reports/tests/1722933424013.0.png\r\nPage source: file:/C:/Users/TahiruYussif/Projects/ARMS_SELENIUM_AUTOMATION/build/reports/tests/1722933424013.0.html\r\nTimeout: 10 s.\r\nCaused by: NoSuchElementException: no such element: Unable to locate element: {\"method\":\"xpath\",\"selector\":\"//button[text()='Skip']\"}","time":{"start":1722933424312,"stop":1722933424313,"duration":1}},{"uid":"8a2bca0db20d5f21","status":"failed","statusDetails":"Element not found {By.xpath: //button[text()='Skip']}\r\nExpected: clickable: interactable and enabled\r\nScreenshot: file:/C:/Users/TahiruYussif/Projects/ARMS_SELENIUM_AUTOMATION/build/reports/tests/1722933346410.0.png\r\nPage source: file:/C:/Users/TahiruYussif/Projects/ARMS_SELENIUM_AUTOMATION/build/reports/tests/1722933346410.0.html\r\nTimeout: 10 s.\r\nCaused by: NoSuchElementException: no such element: Unable to locate element: {\"method\":\"xpath\",\"selector\":\"//button[text()='Skip']\"}","time":{"start":1722933346782,"stop":1722933346783,"duration":1}},{"uid":"77987d3c4a4ee29f","status":"failed","statusDetails":"Element not found {input[type='email']}\r\nExpected: editable\r\nScreenshot: file:/C:/Users/TahiruYussif/Projects/ARMS_SELENIUM_AUTOMATION/build/reports/tests/1722933288609.0.png\r\nPage source: file:/C:/Users/TahiruYussif/Projects/ARMS_SELENIUM_AUTOMATION/build/reports/tests/1722933288609.0.html\r\nTimeout: 10 s.\r\nCaused by: NoSuchElementException: no such element: Unable to locate element: {\"method\":\"css selector\",\"selector\":\"input[type='email']\"}","time":{"start":1722933288817,"stop":1722933288819,"duration":2}},{"uid":"b32488c286cf8d07","status":"broken","statusDetails":"timeout: Timed out receiving message from renderer: -0.007\n  (Session info: chrome=127.0.6533.89)\nBuild info: version: '4.19.1', revision: 'abe0ee07dc'\nSystem info: os.name: 'Windows 11', os.arch: 'amd64', os.version: '10.0', java.version: '22.0.1'\nDriver info: org.openqa.selenium.chrome.ChromeDriver\nCommand: [8f05c1dd7b2e12012365f28fccb1fa99, get {url=https://armsent-test.amalitech-dev.net//login}]\nselenide.url: https://armsent-test.amalitech-dev.net//login\nCapabilities {acceptInsecureCerts: true, browserName: chrome, browserVersion: 127.0.6533.89, chrome: {chromedriverVersion: 127.0.6533.88 (a2d0cb026721..., userDataDir: C:\\Users\\TAHIRU~1\\AppData\\L...}, fedcm:accounts: true, goog:chromeOptions: {debuggerAddress: localhost:50814}, networkConnectionEnabled: false, pageLoadStrategy: normal, platformName: windows, proxy: Proxy(), se:cdp: ws://localhost:50814/devtoo..., se:cdpVersion: 127.0.6533.89, setWindowRect: true, strictFileInteractability: false, timeouts: {implicit: 0, pageLoad: 300000, script: 30000}, unhandledPromptBehavior: accept, webauthn:extension:credBlob: true, webauthn:extension:largeBlob: true, webauthn:extension:minPinLength: true, webauthn:extension:prf: true, webauthn:virtualAuthenticators: true}\nselenide.baseUrl: https://armsent-test.amalitech-dev.net/\nSession ID: 8f05c1dd7b2e12012365f28fccb1fa99","time":{"start":1722901540304,"stop":1722901540306,"duration":2}},{"uid":"55471acb4a294a57","status":"broken","statusDetails":"timeout: Timed out receiving message from renderer: 26.916\n  (Session info: chrome=127.0.6533.89)\nBuild info: version: '4.19.1', revision: 'abe0ee07dc'\nSystem info: os.name: 'Windows 11', os.arch: 'amd64', os.version: '10.0', java.version: '22.0.1'\nDriver info: org.openqa.selenium.chrome.ChromeDriver\nCommand: [df45c2cc0db391ae28406d3763071768, get {url=https://armsent-test.amalitech-dev.net//login}]\nselenide.url: https://armsent-test.amalitech-dev.net//login\nCapabilities {acceptInsecureCerts: true, browserName: chrome, browserVersion: 127.0.6533.89, chrome: {chromedriverVersion: 127.0.6533.88 (a2d0cb026721..., userDataDir: C:\\Users\\TAHIRU~1\\AppData\\L...}, fedcm:accounts: true, goog:chromeOptions: {debuggerAddress: localhost:65439}, networkConnectionEnabled: false, pageLoadStrategy: normal, platformName: windows, proxy: Proxy(), se:cdp: ws://localhost:65439/devtoo..., se:cdpVersion: 127.0.6533.89, setWindowRect: true, strictFileInteractability: false, timeouts: {implicit: 0, pageLoad: 300000, script: 30000}, unhandledPromptBehavior: accept, webauthn:extension:credBlob: true, webauthn:extension:largeBlob: true, webauthn:extension:minPinLength: true, webauthn:extension:prf: true, webauthn:virtualAuthenticators: true}\nselenide.baseUrl: https://armsent-test.amalitech-dev.net/\nSession ID: df45c2cc0db391ae28406d3763071768","time":{"start":1722900245489,"stop":1722900245492,"duration":3}},{"uid":"ec53dd04a6f3d120","status":"failed","statusDetails":"Element not found {input[type='email']}\r\nExpected: editable\r\nScreenshot: file:/C:/Users/TahiruYussif/Projects/ARMS_SELENIUM_AUTOMATION/build/reports/tests/1722900182568.0.png\r\nPage source: file:/C:/Users/TahiruYussif/Projects/ARMS_SELENIUM_AUTOMATION/build/reports/tests/1722900182568.0.html\r\nTimeout: 10 s.\r\nCaused by: NoSuchElementException: no such element: Unable to locate element: {\"method\":\"css selector\",\"selector\":\"input[type='email']\"}","time":{"start":1722900182904,"stop":1722900182907,"duration":3}},{"uid":"15606489d1c638c8","status":"failed","statusDetails":"TimeoutException: timeout: Timed out receiving message from renderer: 30.000\r\nScreenshot: file:/C:/Users/TahiruYussif/Projects/ARMS_SELENIUM_AUTOMATION/build/reports/tests/1722900066580.0.png\r\nPage source: file:/C:/Users/TahiruYussif/Projects/ARMS_SELENIUM_AUTOMATION/build/reports/tests/1722900066580.0.html\r\nTimeout: 10 s.\r\nCaused by: TimeoutException: timeout: Timed out receiving message from renderer: 30.000","time":{"start":1722900066891,"stop":1722900066893,"duration":2}},{"uid":"7f73f2583da1d4dc","status":"failed","statusDetails":"TimeoutException: timeout: Timed out receiving message from renderer: 30.000\r\nPage source: file:/C:/Users/TahiruYussif/Projects/ARMS_SELENIUM_AUTOMATION/build/reports/tests/1722899860149.0.html\r\nTimeout: 10 s.\r\nCaused by: TimeoutException: timeout: Timed out receiving message from renderer: 30.000","time":{"start":1722899920329,"stop":1722899920331,"duration":2}},{"uid":"590de8be5f8a3406","status":"failed","statusDetails":"TimeoutException: timeout: Timed out receiving message from renderer: 30.000\r\nScreenshot: file:/C:/Users/TahiruYussif/Projects/ARMS_SELENIUM_AUTOMATION/build/reports/tests/1722899805917.0.png\r\nPage source: file:/C:/Users/TahiruYussif/Projects/ARMS_SELENIUM_AUTOMATION/build/reports/tests/1722899805917.0.html\r\nTimeout: 10 s.\r\nCaused by: TimeoutException: timeout: Timed out receiving message from renderer: 30.000","time":{"start":1722899806213,"stop":1722899806218,"duration":5}},{"uid":"8a5284ec6d08abd6","status":"failed","statusDetails":"Element not found {By.linkText:  Skip }\r\nExpected: clickable: interactable and enabled\r\nScreenshot: file:/C:/Users/TahiruYussif/Projects/ARMS_SELENIUM_AUTOMATION/build/reports/tests/1722899422128.0.png\r\nPage source: file:/C:/Users/TahiruYussif/Projects/ARMS_SELENIUM_AUTOMATION/build/reports/tests/1722899422128.0.html\r\nTimeout: 10 s.\r\nCaused by: NoSuchElementException: no such element: Unable to locate element: {\"method\":\"link text\",\"selector\":\" Skip \"}","time":{"start":1722899422457,"stop":1722899422459,"duration":2}},{"uid":"a5caac4a3a149ab7","status":"failed","statusDetails":"Element not found {By.linkText:  Skip }\r\nExpected: clickable: interactable and enabled\r\nScreenshot: file:/C:/Users/TahiruYussif/Projects/ARMS_SELENIUM_AUTOMATION/build/reports/tests/1722899378971.0.png\r\nPage source: file:/C:/Users/TahiruYussif/Projects/ARMS_SELENIUM_AUTOMATION/build/reports/tests/1722899378971.0.html\r\nTimeout: 10 s.\r\nCaused by: NoSuchElementException: no such element: Unable to locate element: {\"method\":\"link text\",\"selector\":\" Skip \"}","time":{"start":1722899379449,"stop":1722899379451,"duration":2}},{"uid":"45fe365d8ca2fcfc","status":"failed","statusDetails":"Element not found {By.linkText: Skip}\r\nExpected: clickable: interactable and enabled\r\nScreenshot: file:/C:/Users/TahiruYussif/Projects/ARMS_SELENIUM_AUTOMATION/build/reports/tests/1722899299612.0.png\r\nPage source: file:/C:/Users/TahiruYussif/Projects/ARMS_SELENIUM_AUTOMATION/build/reports/tests/1722899299612.0.html\r\nTimeout: 10 s.\r\nCaused by: NoSuchElementException: no such element: Unable to locate element: {\"method\":\"link text\",\"selector\":\"Skip\"}","time":{"start":1722899299948,"stop":1722899299963,"duration":15}},{"uid":"792f1064eac8425f","status":"broken","statusDetails":"invalid selector\nfrom javascript error: {\"status\":32,\"value\":\"Unable to locate an element with the xpath expression //button)[3] because of the following error:\\nSyntaxError: Failed to execute 'evaluate' on 'Document': The string '//button)[3]' is not a valid XPath expression.\"}\n  (Session info: chrome=127.0.6533.89)\nFor documentation on this error, please visit: https://www.selenium.dev/documentation/webdriver/troubleshooting/errors#invalid-selector-exception\nBuild info: version: '4.19.1', revision: 'abe0ee07dc'\nSystem info: os.name: 'Windows 11', os.arch: 'amd64', os.version: '10.0', java.version: '22.0.1'\nDriver info: org.openqa.selenium.chrome.ChromeDriver\nCommand: [2a15c8ee6405b5d26ddfaf4b293d3083, findElement {value=//button)[3], using=xpath}]\nCapabilities {acceptInsecureCerts: true, browserName: chrome, browserVersion: 127.0.6533.89, chrome: {chromedriverVersion: 127.0.6533.88 (a2d0cb026721..., userDataDir: C:\\Users\\TAHIRU~1\\AppData\\L...}, fedcm:accounts: true, goog:chromeOptions: {debuggerAddress: localhost:64076}, networkConnectionEnabled: false, pageLoadStrategy: normal, platformName: windows, proxy: Proxy(), se:cdp: ws://localhost:64076/devtoo..., se:cdpVersion: 127.0.6533.89, setWindowRect: true, strictFileInteractability: false, timeouts: {implicit: 0, pageLoad: 300000, script: 30000}, unhandledPromptBehavior: accept, webauthn:extension:credBlob: true, webauthn:extension:largeBlob: true, webauthn:extension:minPinLength: true, webauthn:extension:prf: true, webauthn:virtualAuthenticators: true}\nSession ID: 2a15c8ee6405b5d26ddfaf4b293d3083","time":{"start":1722899084588,"stop":1722899084590,"duration":2}},{"uid":"b81a2f0c424da274","status":"broken","statusDetails":"invalid selector\nfrom javascript error: {\"status\":32,\"value\":\"Unable to locate an element with the xpath expression //button)[3] because of the following error:\\nSyntaxError: Failed to execute 'evaluate' on 'Document': The string '//button)[3]' is not a valid XPath expression.\"}\n  (Session info: chrome=127.0.6533.89)\nFor documentation on this error, please visit: https://www.selenium.dev/documentation/webdriver/troubleshooting/errors#invalid-selector-exception\nBuild info: version: '4.19.1', revision: 'abe0ee07dc'\nSystem info: os.name: 'Windows 11', os.arch: 'amd64', os.version: '10.0', java.version: '22.0.1'\nDriver info: org.openqa.selenium.chrome.ChromeDriver\nCommand: [c30749877f0528b499481d125b036be4, findElement {value=//button)[3], using=xpath}]\nCapabilities {acceptInsecureCerts: true, browserName: chrome, browserVersion: 127.0.6533.89, chrome: {chromedriverVersion: 127.0.6533.88 (a2d0cb026721..., userDataDir: C:\\Users\\TAHIRU~1\\AppData\\L...}, fedcm:accounts: true, goog:chromeOptions: {debuggerAddress: localhost:63939}, networkConnectionEnabled: false, pageLoadStrategy: normal, platformName: windows, proxy: Proxy(), se:cdp: ws://localhost:63939/devtoo..., se:cdpVersion: 127.0.6533.89, setWindowRect: true, strictFileInteractability: false, timeouts: {implicit: 0, pageLoad: 300000, script: 30000}, unhandledPromptBehavior: accept, webauthn:extension:credBlob: true, webauthn:extension:largeBlob: true, webauthn:extension:minPinLength: true, webauthn:extension:prf: true, webauthn:virtualAuthenticators: true}\nSession ID: c30749877f0528b499481d125b036be4","time":{"start":1722898997362,"stop":1722898997362,"duration":0}},{"uid":"393a830ea4c55e6b","status":"failed","statusDetails":"Element not found {input[type='email']}\r\nExpected: editable\r\nScreenshot: file:/C:/Users/TahiruYussif/Projects/ARMS_SELENIUM_AUTOMATION/build/reports/tests/1722898924826.0.png\r\nPage source: file:/C:/Users/TahiruYussif/Projects/ARMS_SELENIUM_AUTOMATION/build/reports/tests/1722898924826.0.html\r\nTimeout: 10 s.\r\nCaused by: NoSuchElementException: no such element: Unable to locate element: {\"method\":\"css selector\",\"selector\":\"input[type='email']\"}","time":{"start":1722898925578,"stop":1722898925578,"duration":0}},{"uid":"91e91d399ca1eb24","status":"failed","statusDetails":"Element not found {input[type='email']}\r\nExpected: editable\r\nScreenshot: file:/C:/Users/TahiruYussif/Projects/ARMS_SELENIUM_AUTOMATION/build/reports/tests/1722898852659.0.png\r\nPage source: file:/C:/Users/TahiruYussif/Projects/ARMS_SELENIUM_AUTOMATION/build/reports/tests/1722898852659.0.html\r\nTimeout: 10 s.\r\nCaused by: NoSuchElementException: no such element: Unable to locate element: {\"method\":\"css selector\",\"selector\":\"input[type='email']\"}","time":{"start":1722898853296,"stop":1722898853303,"duration":7}},{"uid":"7cd1c89286d97550","status":"failed","statusDetails":"Invalid element state [By.className: appsIcon]: element click intercepted: Element <img src=\"/img/apps.9fd90171.svg\" class=\"appsIcon\" alt=\"menu icons svg\"> is not clickable at point (1103, 40). Other element would receive the click: <div class=\"g-dialog-overlay g-dialog-overlay--active\" style=\"z-index: 1003; --6eaca59a: var(--overlay-bg);\"></div>\r\nScreenshot: file:/C:/Users/TahiruYussif/Projects/ARMS_SELENIUM_AUTOMATION/build/reports/tests/1722897897666.0.png\r\nPage source: file:/C:/Users/TahiruYussif/Projects/ARMS_SELENIUM_AUTOMATION/build/reports/tests/1722897897666.0.html\r\nTimeout: 10 s.\r\nCaused by: ElementClickInterceptedException: element click intercepted: Element <img src=\"/img/apps.9fd90171.svg\" class=\"appsIcon\" alt=\"menu icons svg\"> is not clickable at point (1103, 40). Other element would receive the click: <div class=\"g-dialog-overlay g-dialog-overlay--active\" style=\"z-index: 1003; --6eaca59a: var(--overlay-bg);\"></div>","time":{"start":1722897898626,"stop":1722897898638,"duration":12}},{"uid":"ef12b1d4d4c53724","status":"failed","statusDetails":"Invalid element state [By.className: appsIcon]: element click intercepted: Element <img src=\"/img/apps.9fd90171.svg\" class=\"appsIcon\" alt=\"menu icons svg\"> is not clickable at point (1018, 40). Other element would receive the click: <div class=\"g-dialog-overlay g-dialog-overlay--active\" style=\"z-index: 1003; --6eaca59a: var(--overlay-bg);\"></div>\r\nScreenshot: file:/C:/Users/TahiruYussif/Projects/ARMS_SELENIUM_AUTOMATION/build/reports/tests/1722897804186.0.png\r\nPage source: file:/C:/Users/TahiruYussif/Projects/ARMS_SELENIUM_AUTOMATION/build/reports/tests/1722897804186.0.html\r\nTimeout: 10 s.\r\nCaused by: ElementClickInterceptedException: element click intercepted: Element <img src=\"/img/apps.9fd90171.svg\" class=\"appsIcon\" alt=\"menu icons svg\"> is not clickable at point (1018, 40). Other element would receive the click: <div class=\"g-dialog-overlay g-dialog-overlay--active\" style=\"z-index: 1003; --6eaca59a: var(--overlay-bg);\"></div>","time":{"start":1722897805019,"stop":1722897805035,"duration":16}},{"uid":"1c8fd3983e66fb5b","status":"failed","statusDetails":"URLs do not match expected [https://armsent-test.amalitech-dev.net/] but found [https://login.microsoftonline.com/b20a8f4d-0d6a-4f2e-83a2-181c968f8882/login]","time":{"start":1721953795793,"stop":1721953795796,"duration":3}},{"uid":"8e75da2c754632a","status":"failed","statusDetails":"URLs do not match expected [https://armsent-test.amalitech-dev.net/] but found [https://armsent-test.amalitech-dev.net/?app-token=eyJhbGciOiJSUzI1NiIsInR5cCI6IkpXVCJ9.eyJ1c2VyX2lkIjoxMjA4LCJlbWFpbCI6Im5pYS5wYXRlbEBhbWFsaXRlY2guY29tIiwiZmlyc3RfbmFtZSI6IkdlcmxpbmRlIiwibGFzdF9uYW1lIjoiRWR2w6FyZCIsIm90aGVyX25hbWUiOiJTYWJpdGgiLCJvZmZpY2UiOiIyNSIsIm9yZ2FuaXphdGlvbiI6IjEwNDIiLCJwcm9maWxlX2ltYWdlIjoiaHR0cHM6Ly9kczA2Z2p6NWZsbjF0LmNsb3VkZnJvbnQubmV0L2VtcGxveWVlLXByb2ZpbGUtcGljcy8xNzEyMzA2NzE0OTYxYmlnc3RvY2stYmlnZm9vdF80LTQwNTYyNTlfMjAyMjAxMjgxNDAyNDcud2VicCIsInJvbGVzIjpbXSwiYXBwcyI6WyJlbXBsb3llZSBtYW5hZ2VtZW50IiwiZiZjIiwicGF5cm9sbCIsInByb2N1cmVtZW50IG1hbmFnZXIiLCJpbnZvaWNlIG1hbmFnZXIiLCJsb2FucyIsImxlYXZlIG1hbmFnZW1lbnQiLCJwZXJmb3JtYW5jZSBtYW5hZ2VtZW50Il0sImlhdCI6MTcyMTk0OTUwMCwiZXhwIjoxNzIxOTg1NTAwLCJhdWQiOiJodHRwczovL2FtYWxpdGVjaC5jb20vIiwiaXNzIjoiQW1hbGl0ZWNoIFNTTyIsInN1YiI6ImluZm9AYW1hbGl0ZWNoLmNvbSJ9.qBV72BcIeV8Uzclv1Gme1fSdEEoWQhWS9KJaoPIub_j9xGmUe2qe0LJBAteUWwzG2f9Z1kBOkJeZ2HCaujI7-tmJNWu9vn9Y_hiEQUCgShloS78AGUqJghHlZovP7qhAyDpKmOqkVJf2Rt73KmiPZpxzMLkV0nzaBx5omLkvW8JH56DzUBGJ5Dv3vKV8zCFbGymCpXDo6MCN5Ibf6i9oM0wOBF2w0FdhtOjsfW679YC6SPpLq3AXT_l3e_MFNjvk2BvTY4Ro8i-maXGaAMxVuO-m9ksz68GWAd8KgBp1oQKprtP4lM72YGRDDJgAZ623bL7blBxT6ET0-_QjUzgYQg&ms-refresh-token=0.ATwATY8KsmoNLk-Dohgclo-IgsaFHOp5SoJGhG19TlhOrwU8AEw.AgABAwEAAAApTwJmzXqdR4BN2miheQMYAgDs_wUA9P8xJasyBZTW7160ZZmApNMYLCWimubaRMIZf7WcMV8tspBn6XOclDkt6hp-eg2c42il9bqs3vqUKTzV9w3SZ4e15fHZEYSB3WlcqqTEKn5ArRpdJR2EH8gBFt6e-tnb-K_nfXvP2gp3zotXRbtixIonjdNoC3cO5YaEjLnlyVxbrFVJwgfmx82nOX-2Vo1bNOkSsU_0kl44Hc6DbpcNIbelerwzkNLNJOil1mXLHTxcU3DSlCT6w-Yy1MQ32tC4K4X2j7D5DiDVOIfyK0gXZWklGO2rcxUJMnjGO3PcKCIoZ_poSjUtFhGO2onYZKd6tMNJ9xqjnGDD2ha0k8eQOV1-dTUPinnhYGiwTIJKTp3s3y2tbxX6jcy59BoXRVVatcrSd9xmXp44AHyRhRmNstg9JnE39ApImL3hwqu2savDmlmCRBhrg4oiuXbsHQ184u4pbHmNXFZE-efoxtD0RCcr_9QDsIhSJebVFhKJsUonqVIRcr6q_VD_Cz7VkMNZEGUHTLzbw_objVv9DAct7u_MkCW1blGaq_T0V-NYnX_P3yOvqHT3hCZJy6EmVwflRUdgQQX61FmImRNsRCAgI1GLh_Nu7pLaxY3bOgA7ir3nIGhmTMSM0M33wQDx2h9VtFO2WR13vh7syag5QKNIuSTb8JHJMrRrXIjS_Wwe7h0fvcP-eBwrU65OIWwWJq0IuIlnbs23ecPO-qyUabgNAYibkek13Z0R3OjGtJEX4JlVCIOEzV0Rm6d-SqzJekZ61kQGEPV_yusaDeEqehJrIEZtzV76AdGZ98DsJEA&login-hint=O.CiRmNGY1YTA2ZC01M2I0LTQzZDYtYjcwNC02NjBmZGEwMjNiZjgSJGIyMGE4ZjRkLTBkNmEtNGYyZS04M2EyLTE4MWM5NjhmODg4MhoXbmlhLnBhdGVsQGFtYWxpdGVjaC5jb20gHg==&expires-at=1721985500]","time":{"start":1721952432801,"stop":1721952432813,"duration":12}},{"uid":"4e12876a8f19f14","status":"failed","statusDetails":"URLs do not match expected [https://armsent-test.amalitech-dev.net/] but found [https://login.microsoftonline.com/b20a8f4d-0d6a-4f2e-83a2-181c968f8882/login]","time":{"start":1721950033548,"stop":1721950033549,"duration":1}},{"uid":"823706b61260b464","status":"failed","statusDetails":"Element should be clickable: interactable and enabled {input[type='submit']}\r\nElement: '<input class=\"win-button button_primary high-contrast-overrides button ext-button primary ext-primary\" data-bind=\"\n                attr: primaryButtonAttributes,\n                css: { 'high-contrast-overrides': svr.fUseHighContrastOverrides },\n                externalCss: {\n                    'button': true,\n                    'primary': true },\n                value: primaryButtonText() || str['CT_PWD_STR_SignIn_Button_Next'],\n                hasFocus: focusOnPrimaryButton,\n                click: svr.fEnableLivePreview ?  function() { } : primaryButton_onClick,\n                clickBubble: !svr.fEnableLivePreview,\n                enable: isPrimaryButtonEnabled,\n                visible: isPrimaryButtonVisible,\n                preventTabbing: primaryButtonPreventTabbing\" data-report-event=\"Signin_Submit\" data-report-trigger=\"click\" data-report-value=\"Submit\" disabled id=\"idSIButton9\" type=\"submit\" value=\"Next\"></input>'\r\nActual value: disabled\r\nScreenshot: file:/C:/Users/TahiruYussif/Projects/ARMS_SELENIUM_AUTOMATION/build/reports/tests/1721865247802.0.png\r\nPage source: file:/C:/Users/TahiruYussif/Projects/ARMS_SELENIUM_AUTOMATION/build/reports/tests/1721865247802.0.html\r\nTimeout: 10 s.","time":{"start":1721865248824,"stop":1721865248832,"duration":8}}],"categories":[{"name":"Product defects","matchedStatuses":[],"flaky":false}],"tags":[]},"source":"870a6eaf2efb41ab.json","parameterValues":[]}