{"uid":"8fe16a7d0f3ca524","name":"setUp","fullName":"tests.Admin.Job.JobTitle.JobTitleTest.setUp","historyId":"8cd157cb2a07854a4dcee7f16b474d2e","time":{"start":1734426228674,"stop":1734426228678,"duration":4},"status":"broken","statusMessage":"No webdriver is bound to current thread: 1. You need to call open(url) first.","statusTrace":"java.lang.IllegalStateException: No webdriver is bound to current thread: 1. You need to call open(url) first.\r\n\tat com.codeborne.selenide.impl.WebDriverThreadLocalContainer.lambda$currentThreadDriver$1(WebDriverThreadLocalContainer.java:164)\r\n\tat java.base/java.util.Optional.orElseThrow(Optional.java:403)\r\n\tat com.codeborne.selenide.impl.WebDriverThreadLocalContainer.currentThreadDriver(WebDriverThreadLocalContainer.java:163)\r\n\tat com.codeborne.selenide.impl.WebDriverThreadLocalContainer.getWebDriver(WebDriverThreadLocalContainer.java:126)\r\n\tat com.codeborne.selenide.WebDriverRunner.getWebDriver(WebDriverRunner.java:95)\r\n\tat com.codeborne.selenide.impl.StaticDriver.getWebDriver(StaticDriver.java:51)\r\n\tat com.codeborne.selenide.Driver.executeJavaScript(Driver.java:56)\r\n\tat com.codeborne.selenide.SelenideDriver.executeJavaScript(SelenideDriver.java:225)\r\n\tat com.codeborne.selenide.Selenide.executeJavaScript(Selenide.java:552)\r\n\tat tests.Admin.Job.JobTitle.JobTitleTest.setUp(JobTitleTest.java:35)\r\n\tat java.base/jdk.internal.reflect.DirectMethodHandleAccessor.invoke(DirectMethodHandleAccessor.java:103)\r\n\tat java.base/java.lang.reflect.Method.invoke(Method.java:580)\r\n\tat org.testng.internal.invokers.MethodInvocationHelper.invokeMethod(MethodInvocationHelper.java:141)\r\n\tat org.testng.internal.invokers.MethodInvocationHelper.invokeMethodConsideringTimeout(MethodInvocationHelper.java:71)\r\n\tat org.testng.internal.invokers.ConfigInvoker.invokeConfigurationMethod(ConfigInvoker.java:400)\r\n\tat org.testng.internal.invokers.ConfigInvoker.invokeConfigurations(ConfigInvoker.java:333)\r\n\tat org.testng.internal.invokers.TestInvoker.runConfigMethods(TestInvoker.java:833)\r\n\tat org.testng.internal.invokers.TestInvoker.invokeMethod(TestInvoker.java:600)\r\n\tat org.testng.internal.invokers.TestInvoker.invokeTestMethod(TestInvoker.java:230)\r\n\tat org.testng.internal.invokers.MethodRunner.runInSequence(MethodRunner.java:63)\r\n\tat org.testng.internal.invokers.TestInvoker$MethodInvocationAgent.invoke(TestInvoker.java:992)\r\n\tat org.testng.internal.invokers.TestInvoker.invokeTestMethods(TestInvoker.java:203)\r\n\tat org.testng.internal.invokers.TestMethodWorker.invokeTestMethods(TestMethodWorker.java:154)\r\n\tat org.testng.internal.invokers.TestMethodWorker.run(TestMethodWorker.java:134)\r\n\tat java.base/java.util.ArrayList.forEach(ArrayList.java:1597)\r\n\tat org.testng.TestRunner.privateRun(TestRunner.java:739)\r\n\tat org.testng.TestRunner.run(TestRunner.java:614)\r\n\tat org.testng.SuiteRunner.runTest(SuiteRunner.java:421)\r\n\tat org.testng.SuiteRunner.runSequentially(SuiteRunner.java:413)\r\n\tat org.testng.SuiteRunner.privateRun(SuiteRunner.java:373)\r\n\tat org.testng.SuiteRunner.run(SuiteRunner.java:312)\r\n\tat org.testng.SuiteRunnerWorker.runSuite(SuiteRunnerWorker.java:52)\r\n\tat org.testng.SuiteRunnerWorker.run(SuiteRunnerWorker.java:95)\r\n\tat org.testng.TestNG.runSuitesSequentially(TestNG.java:1274)\r\n\tat org.testng.TestNG.runSuitesLocally(TestNG.java:1208)\r\n\tat org.testng.TestNG.runSuites(TestNG.java:1112)\r\n\tat org.testng.TestNG.run(TestNG.java:1079)\r\n\tat com.intellij.rt.testng.IDEARemoteTestNG.run(IDEARemoteTestNG.java:65)\r\n\tat com.intellij.rt.testng.RemoteTestNGStarter.main(RemoteTestNGStarter.java:105)\r\n","flaky":false,"newFailed":false,"newBroken":false,"newPassed":false,"retriesCount":9,"retriesStatusChange":true,"beforeStages":[],"afterStages":[],"labels":[{"name":"package","value":"tests.Admin.Job.JobTitle.JobTitleTest"},{"name":"testClass","value":"tests.Admin.Job.JobTitle.JobTitleTest"},{"name":"testMethod","value":"setUp"},{"name":"parentSuite","value":"Default Suite"},{"name":"suite","value":"OrangeHRM_Automation"},{"name":"subSuite","value":"tests.Admin.Job.JobTitle.JobTitleTest"},{"name":"host","value":"AMALITECH-PC10166"},{"name":"thread","value":"30420@AMALITECH-PC10166.main(1)"},{"name":"framework","value":"testng"},{"name":"language","value":"java"},{"name":"AS_ID","value":"-1"},{"name":"resultFormat","value":"allure2"}],"parameters":[],"links":[],"hidden":false,"retry":false,"extra":{"severity":"normal","retries":[{"uid":"bd1f8b70f953ced1","status":"broken","statusDetails":"No webdriver is bound to current thread: 1. You need to call open(url) first.","time":{"start":1734426198913,"stop":1734426198915,"duration":2}},{"uid":"b50d97875d2f204d","status":"failed","statusDetails":"Element not found {.oxd-topbar-body-nav-tab-link[0]}\r\nExpected: visible\r\nScreenshot: file:/C:/Users/TahiruYussif/Projects/OrangeHRM_Automation/build/reports/tests/1734391125679.0.png\r\nPage source: file:/C:/Users/TahiruYussif/Projects/OrangeHRM_Automation/build/reports/tests/1734391125679.0.html\r\nTimeout: 10 s.\r\nCaused by: NoSuchElementException: no such element: Unable to locate element: {\"method\":\"css selector\",\"selector\":\".oxd-topbar-body-nav-tab-link\"}","time":{"start":1734391125969,"stop":1734391125971,"duration":2}},{"uid":"401fee6d5fb94db9","status":"failed","statusDetails":"Element not found {input[name='username']}\r\nExpected: editable\r\nPage source: file:/C:/Users/TahiruYussif/Projects/OrangeHRM_Automation/build/reports/tests/1734361027009.0.html\r\nTimeout: 10 s.\r\nCaused by: NoSuchWindowException: no such window: target window already closed","time":{"start":1734361027109,"stop":1734361027110,"duration":1}},{"uid":"da0cb9432e9ade05","status":"failed","statusDetails":"Element not found {input[name='username']}\r\nExpected: editable\r\nPage source: file:/C:/Users/TahiruYussif/Projects/OrangeHRM_Automation/build/reports/tests/1734360962223.0.html\r\nTimeout: 10 s.\r\nCaused by: NoSuchWindowException: no such window: target window already closed","time":{"start":1734360962310,"stop":1734360962311,"duration":1}},{"uid":"a3b9726b2db93c2","status":"broken","statusDetails":"timeout: Timed out receiving message from renderer: 16.599\n  (Session info: chrome=131.0.6778.110)\nBuild info: version: '4.19.1', revision: 'abe0ee07dc'\nSystem info: os.name: 'Windows 11', os.arch: 'amd64', os.version: '10.0', java.version: '22.0.1'\nDriver info: org.openqa.selenium.chrome.ChromeDriver\nCommand: [a1edab7515b5eb66c2b4f6dd7c1beedb, get {url=https://opensource-demo.orangehrmlive.com/web/index.php/auth/login}]\nselenide.url: https://opensource-demo.orangehrmlive.com/web/index.php/auth/login\nCapabilities {acceptInsecureCerts: true, browserName: chrome, browserVersion: 131.0.6778.110, chrome: {chromedriverVersion: 131.0.6778.108 (3b014839fbc..., userDataDir: C:\\Users\\TAHIRU~1\\AppData\\L...}, fedcm:accounts: true, goog:chromeOptions: {debuggerAddress: localhost:60854}, networkConnectionEnabled: false, pageLoadStrategy: normal, platformName: windows, proxy: Proxy(), se:cdp: ws://localhost:60854/devtoo..., se:cdpVersion: 131.0.6778.110, setWindowRect: true, strictFileInteractability: false, timeouts: {implicit: 0, pageLoad: 300000, script: 30000}, unhandledPromptBehavior: accept, webauthn:extension:credBlob: true, webauthn:extension:largeBlob: true, webauthn:extension:minPinLength: true, webauthn:extension:prf: true, webauthn:virtualAuthenticators: true}\nselenide.baseUrl: http://localhost:8080\nSession ID: a1edab7515b5eb66c2b4f6dd7c1beedb","time":{"start":1734216280091,"stop":1734216280092,"duration":1}},{"uid":"3b49e10c32ff5147","status":"failed","statusDetails":"Element not found {.oxd-text oxd-text--h6.orangehrm-main-title[1]}\r\nExpected: visible\r\nScreenshot: file:/C:/Users/TahiruYussif/Projects/OrangeHRM_Automation/build/reports/tests/1734216137535.0.png\r\nPage source: file:/C:/Users/TahiruYussif/Projects/OrangeHRM_Automation/build/reports/tests/1734216137535.0.html\r\nTimeout: 10 s.\r\nCaused by: java.lang.IndexOutOfBoundsException: Index 1 out of bounds for length 0","time":{"start":1734216137760,"stop":1734216137761,"duration":1}},{"uid":"21088a6639822ad4","status":"failed","statusDetails":"Element not found {input[name='username']}\r\nExpected: editable\r\nScreenshot: file:/C:/Users/TahiruYussif/Projects/OrangeHRM_Automation/build/reports/tests/1734216045155.0.png\r\nPage source: file:/C:/Users/TahiruYussif/Projects/OrangeHRM_Automation/build/reports/tests/1734216045155.0.html\r\nTimeout: 10 s.\r\nCaused by: NoSuchElementException: no such element: Unable to locate element: {\"method\":\"css selector\",\"selector\":\"input[name='username']\"}","time":{"start":1734216045356,"stop":1734216045359,"duration":3}},{"uid":"586f870cfaa85ff9","status":"failed","statusDetails":"Element not found {.oxd-text oxd-text--h6.orangehrm-main-title[1]}\r\nExpected: visible\r\nScreenshot: file:/C:/Users/TahiruYussif/Projects/OrangeHRM_Automation/build/reports/tests/1734215971304.0.png\r\nPage source: file:/C:/Users/TahiruYussif/Projects/OrangeHRM_Automation/build/reports/tests/1734215971304.0.html\r\nTimeout: 10 s.\r\nCaused by: java.lang.IndexOutOfBoundsException: Index 1 out of bounds for length 0","time":{"start":1734215971558,"stop":1734215971559,"duration":1}},{"uid":"6509ae0732659a22","status":"failed","statusDetails":"Element not found {.oxd-text oxd-text--h6.orangehrm-main-title[1]}\r\nExpected: visible\r\nScreenshot: file:/C:/Users/TahiruYussif/Projects/OrangeHRM_Automation/build/reports/tests/1734215833661.0.png\r\nPage source: file:/C:/Users/TahiruYussif/Projects/OrangeHRM_Automation/build/reports/tests/1734215833661.0.html\r\nTimeout: 10 s.\r\nCaused by: java.lang.IndexOutOfBoundsException: Index 1 out of bounds for length 0","time":{"start":1734215833957,"stop":1734215833957,"duration":0}}],"categories":[{"name":"Test defects","matchedStatuses":[],"flaky":false}],"tags":[]},"source":"8fe16a7d0f3ca524.json","parameterValues":[]}