{"uid":"c20ff74627833ba3","name":"loginUnsuccessful","fullName":"tests.LoginFunctionality.LoginUnsuccessfulTest.loginUnsuccessful","historyId":"255d072f125d1d4bfcade5dc60a4abc1","time":{"start":1727948275208,"stop":1727948286815,"duration":11607},"status":"failed","statusMessage":"Element not found {input[name='username']}\r\nExpected: editable\r\nScreenshot: file:/C:/Users/TahiruYussif/Projects/OrangeHRM_Automation/build/reports/tests/1727948286615.0.png\r\nPage source: file:/C:/Users/TahiruYussif/Projects/OrangeHRM_Automation/build/reports/tests/1727948286615.0.html\r\nTimeout: 10 s.\r\nCaused by: NoSuchElementException: no such element: Unable to locate element: {\"method\":\"css selector\",\"selector\":\"input[name='username']\"}","statusTrace":"Element not found {input[name='username']}\r\nExpected: editable\r\nScreenshot: file:/C:/Users/TahiruYussif/Projects/OrangeHRM_Automation/build/reports/tests/1727948286615.0.png\r\nPage source: file:/C:/Users/TahiruYussif/Projects/OrangeHRM_Automation/build/reports/tests/1727948286615.0.html\r\nTimeout: 10 s.\r\nCaused by: NoSuchElementException: no such element: Unable to locate element: {\"method\":\"css selector\",\"selector\":\"input[name='username']\"}\r\n\tat com.codeborne.selenide.impl.WebElementSource.createElementNotFoundError(WebElementSource.java:90)\r\n\tat com.codeborne.selenide.impl.ElementFinder.createElementNotFoundError(ElementFinder.java:142)\r\n\tat com.codeborne.selenide.impl.WebElementSource.handleError(WebElementSource.java:142)\r\n\tat com.codeborne.selenide.impl.WebElementSource.checkConditionAndReturnElement(WebElementSource.java:126)\r\n\tat com.codeborne.selenide.impl.WebElementSource.findAndAssertElementIsEditable(WebElementSource.java:189)\r\n\tat com.codeborne.selenide.commands.SetValue.setValueForTextInput(SetValue.java:58)\r\n\tat com.codeborne.selenide.commands.SetValue.execute(SetValue.java:43)\r\n\tat com.codeborne.selenide.commands.SetValue.execute(SetValue.java:25)\r\n\tat com.codeborne.selenide.commands.Commands.execute(Commands.java:162)\r\n\tat com.codeborne.selenide.impl.SelenideElementProxy.dispatchAndRetry(SelenideElementProxy.java:134)\r\n\tat com.codeborne.selenide.impl.SelenideElementProxy.invoke(SelenideElementProxy.java:86)\r\n\tat jdk.proxy2/jdk.proxy2.$Proxy28.setValue(Unknown Source)\r\n\tat OrangeHrmProject.pages.LoginPage.enterUsername(LoginPage.java:18)\r\n\tat OrangeHrmProject.pages.LoginPage.login(LoginPage.java:34)\r\n\tat OrangeHrmProject.util.LoginBase.logIn(LoginBase.java:24)\r\n\tat tests.LoginFunctionality.LoginUnsuccessfulTest.loginUnsuccessful(LoginUnsuccessfulTest.java:22)\r\n\tat java.base/jdk.internal.reflect.DirectMethodHandleAccessor.invoke(DirectMethodHandleAccessor.java:103)\r\n\tat java.base/java.lang.reflect.Method.invoke(Method.java:580)\r\n\tat org.testng.internal.invokers.MethodInvocationHelper.invokeMethod(MethodInvocationHelper.java:141)\r\n\tat org.testng.internal.invokers.TestInvoker.invokeMethod(TestInvoker.java:686)\r\n\tat org.testng.internal.invokers.TestInvoker.invokeTestMethod(TestInvoker.java:230)\r\n\tat org.testng.internal.invokers.MethodRunner.runInSequence(MethodRunner.java:63)\r\n\tat org.testng.internal.invokers.TestInvoker$MethodInvocationAgent.invoke(TestInvoker.java:992)\r\n\tat org.testng.internal.invokers.TestInvoker.invokeTestMethods(TestInvoker.java:203)\r\n\tat org.testng.internal.invokers.TestMethodWorker.invokeTestMethods(TestMethodWorker.java:154)\r\n\tat org.testng.internal.invokers.TestMethodWorker.run(TestMethodWorker.java:134)\r\n\tat java.base/java.util.ArrayList.forEach(ArrayList.java:1597)\r\n\tat org.testng.TestRunner.privateRun(TestRunner.java:739)\r\n\tat org.testng.TestRunner.run(TestRunner.java:614)\r\n\tat org.testng.SuiteRunner.runTest(SuiteRunner.java:421)\r\n\tat org.testng.SuiteRunner.runSequentially(SuiteRunner.java:413)\r\n\tat org.testng.SuiteRunner.privateRun(SuiteRunner.java:373)\r\n\tat org.testng.SuiteRunner.run(SuiteRunner.java:312)\r\n\tat org.testng.SuiteRunnerWorker.runSuite(SuiteRunnerWorker.java:52)\r\n\tat org.testng.SuiteRunnerWorker.run(SuiteRunnerWorker.java:95)\r\n\tat org.testng.TestNG.runSuitesSequentially(TestNG.java:1274)\r\n\tat org.testng.TestNG.runSuitesLocally(TestNG.java:1208)\r\n\tat org.testng.TestNG.runSuites(TestNG.java:1112)\r\n\tat org.testng.TestNG.run(TestNG.java:1079)\r\n\tat com.intellij.rt.testng.IDEARemoteTestNG.run(IDEARemoteTestNG.java:65)\r\n\tat com.intellij.rt.testng.RemoteTestNGStarter.main(RemoteTestNGStarter.java:105)\r\nCaused by: org.openqa.selenium.NoSuchElementException: no such element: Unable to locate element: {\"method\":\"css selector\",\"selector\":\"input[name='username']\"}\n  (Session info: chrome=129.0.6668.71)\nFor documentation on this error, please visit: https://www.selenium.dev/documentation/webdriver/troubleshooting/errors#no-such-element-exception\nBuild info: version: '4.19.1', revision: 'abe0ee07dc'\nSystem info: os.name: 'Windows 11', os.arch: 'amd64', os.version: '10.0', java.version: '22.0.1'\nDriver info: org.openqa.selenium.chrome.ChromeDriver\nCommand: [1ec65155b1ffdf67fb252b55e61d39b4, findElement {value=input[name='username'], using=css selector}]\nCapabilities {acceptInsecureCerts: true, browserName: chrome, browserVersion: 129.0.6668.71, chrome: {chromedriverVersion: 129.0.6668.89 (951c0b97221f..., userDataDir: C:\\Users\\TAHIRU~1\\AppData\\L...}, fedcm:accounts: true, goog:chromeOptions: {debuggerAddress: localhost:55129}, networkConnectionEnabled: false, pageLoadStrategy: normal, platformName: windows, proxy: Proxy(), se:cdp: ws://localhost:55129/devtoo..., se:cdpVersion: 129.0.6668.71, setWindowRect: true, strictFileInteractability: false, timeouts: {implicit: 0, pageLoad: 300000, script: 30000}, unhandledPromptBehavior: accept, webauthn:extension:credBlob: true, webauthn:extension:largeBlob: true, webauthn:extension:minPinLength: true, webauthn:extension:prf: true, webauthn:virtualAuthenticators: true}\nSession ID: 1ec65155b1ffdf67fb252b55e61d39b4\r\n\tat java.base/jdk.internal.reflect.DirectConstructorHandleAccessor.newInstance(DirectConstructorHandleAccessor.java:62)\r\n\tat java.base/java.lang.reflect.Constructor.newInstanceWithCaller(Constructor.java:502)\r\n\tat java.base/java.lang.reflect.Constructor.newInstance(Constructor.java:486)\r\n\tat org.openqa.selenium.remote.ErrorCodec.decode(ErrorCodec.java:167)\r\n\tat org.openqa.selenium.remote.codec.w3c.W3CHttpResponseCodec.decode(W3CHttpResponseCodec.java:138)\r\n\tat org.openqa.selenium.remote.codec.w3c.W3CHttpResponseCodec.decode(W3CHttpResponseCodec.java:50)\r\n\tat org.openqa.selenium.remote.HttpCommandExecutor.execute(HttpCommandExecutor.java:190)\r\n\tat org.openqa.selenium.remote.service.DriverCommandExecutor.invokeExecute(DriverCommandExecutor.java:216)\r\n\tat org.openqa.selenium.remote.service.DriverCommandExecutor.execute(DriverCommandExecutor.java:174)\r\n\tat org.openqa.selenium.remote.RemoteWebDriver.execute(RemoteWebDriver.java:518)\r\n\tat org.openqa.selenium.remote.ElementLocation$ElementFinder$2.findElement(ElementLocation.java:165)\r\n\tat org.openqa.selenium.remote.ElementLocation.findElement(ElementLocation.java:59)\r\n\tat org.openqa.selenium.remote.RemoteWebDriver.findElement(RemoteWebDriver.java:355)\r\n\tat org.openqa.selenium.remote.RemoteWebDriver.findElement(RemoteWebDriver.java:349)\r\n\tat com.codeborne.selenide.impl.WebElementSelector.findElement(WebElementSelector.java:73)\r\n\tat com.codeborne.selenide.impl.WebElementSelector.findElement(WebElementSelector.java:46)\r\n\tat com.codeborne.selenide.impl.WebElementSelector.findElement(WebElementSelector.java:35)\r\n\tat com.codeborne.selenide.impl.ElementFinder.getWebElement(ElementFinder.java:122)\r\n\tat com.codeborne.selenide.impl.WebElementSource.checkConditionAndReturnElement(WebElementSource.java:115)\r\n\t... 37 more\r\n","flaky":false,"newFailed":false,"newBroken":false,"newPassed":false,"retriesCount":19,"retriesStatusChange":true,"beforeStages":[{"name":"setUp","time":{"start":1727948275206,"stop":1727948275206,"duration":0},"description":"","status":"passed","steps":[],"attachments":[],"parameters":[],"attachmentStep":false,"stepsCount":0,"shouldDisplayMessage":false,"attachmentsCount":0,"hasContent":false}],"afterStages":[],"labels":[{"name":"package","value":"tests.LoginFunctionality.LoginUnsuccessfulTest"},{"name":"testClass","value":"tests.LoginFunctionality.LoginUnsuccessfulTest"},{"name":"testMethod","value":"loginUnsuccessful"},{"name":"parentSuite","value":"All Test Suite"},{"name":"suite","value":"C:/Users/TahiruYussif/Projects/OrangeHRM_Automation"},{"name":"subSuite","value":"tests.LoginFunctionality.LoginUnsuccessfulTest"},{"name":"host","value":"AMALITECH-PC10166"},{"name":"thread","value":"17864@AMALITECH-PC10166.main(1)"},{"name":"framework","value":"testng"},{"name":"language","value":"java"},{"name":"resultFormat","value":"allure2"}],"parameters":[],"links":[],"hidden":false,"retry":false,"extra":{"severity":"normal","retries":[{"uid":"38a3ee385b301be","status":"failed","statusDetails":"Element not found {input[name='username']}\r\nExpected: editable\r\nScreenshot: file:/C:/Users/TahiruYussif/Projects/OrangeHRM_Automation/build/reports/tests/1727947637085.1.png\r\nPage source: file:/C:/Users/TahiruYussif/Projects/OrangeHRM_Automation/build/reports/tests/1727947637085.1.html\r\nTimeout: 10 s.\r\nCaused by: NoSuchElementException: no such element: Unable to locate element: {\"method\":\"css selector\",\"selector\":\"input[name='username']\"}","time":{"start":1727947625796,"stop":1727947637265,"duration":11469}},{"uid":"96c149255724efa2","status":"passed","time":{"start":1727947419323,"stop":1727947429191,"duration":9868}},{"uid":"3783d6a01092c12d","status":"failed","statusDetails":"Element not found {input[name='username']}\r\nExpected: editable\r\nScreenshot: file:/C:/Users/TahiruYussif/Projects/OrangeHRM_Automation/build/reports/tests/1727947170953.1.png\r\nPage source: file:/C:/Users/TahiruYussif/Projects/OrangeHRM_Automation/build/reports/tests/1727947170953.1.html\r\nTimeout: 10 s.\r\nCaused by: NoSuchElementException: no such element: Unable to locate element: {\"method\":\"css selector\",\"selector\":\"input[name='username']\"}","time":{"start":1727947159603,"stop":1727947171142,"duration":11539}},{"uid":"3c6427e5276e5f2c","status":"passed","time":{"start":1725837918618,"stop":1725837939723,"duration":21105}},{"uid":"a11fd210e79c2b2e","status":"broken","statusDetails":"timeout: Timed out receiving message from renderer: 27.915\n  (Session info: chrome=128.0.6613.120)\nBuild info: version: '4.19.1', revision: 'abe0ee07dc'\nSystem info: os.name: 'Windows 11', os.arch: 'amd64', os.version: '10.0', java.version: '22.0.1'\nDriver info: org.openqa.selenium.chrome.ChromeDriver\nCommand: [bcbd71ca7b8b6ef918ba6cd42c9d20a1, get {url=https://opensource-demo.orangehrmlive.com/}]\nselenide.url: https://opensource-demo.orangehrmlive.com/\nCapabilities {acceptInsecureCerts: true, browserName: chrome, browserVersion: 128.0.6613.120, chrome: {chromedriverVersion: 128.0.6613.119 (6e439cfca4d..., userDataDir: C:\\Users\\TAHIRU~1\\AppData\\L...}, fedcm:accounts: true, goog:chromeOptions: {debuggerAddress: localhost:51461}, networkConnectionEnabled: false, pageLoadStrategy: normal, platformName: windows, proxy: Proxy(), se:cdp: ws://localhost:51461/devtoo..., se:cdpVersion: 128.0.6613.120, setWindowRect: true, strictFileInteractability: false, timeouts: {implicit: 0, pageLoad: 300000, script: 30000}, unhandledPromptBehavior: accept, webauthn:extension:credBlob: true, webauthn:extension:largeBlob: true, webauthn:extension:minPinLength: true, webauthn:extension:prf: true, webauthn:virtualAuthenticators: true}\nselenide.baseUrl: http://localhost:8080\nSession ID: bcbd71ca7b8b6ef918ba6cd42c9d20a1","time":{"start":1725837879813,"stop":1725837911060,"duration":31247}},{"uid":"77dd5d4ca58103a3","status":"failed","statusDetails":"Element not found {input[name='username']}\r\nExpected: editable\r\nScreenshot: file:/C:/Users/TahiruYussif/Projects/OrangeHRM_Automation/build/reports/tests/1725837860165.0.png\r\nPage source: file:/C:/Users/TahiruYussif/Projects/OrangeHRM_Automation/build/reports/tests/1725837860165.0.html\r\nTimeout: 10 s.\r\nCaused by: NoSuchElementException: no such element: Unable to locate element: {\"method\":\"css selector\",\"selector\":\"input[name='username']\"}","time":{"start":1725837845577,"stop":1725837860337,"duration":14760}},{"uid":"98b91c3131dd7558","status":"broken","statusDetails":"timeout: Timed out receiving message from renderer: 28.613\n  (Session info: chrome=128.0.6613.120)\nBuild info: version: '4.19.1', revision: 'abe0ee07dc'\nSystem info: os.name: 'Windows 11', os.arch: 'amd64', os.version: '10.0', java.version: '22.0.1'\nDriver info: org.openqa.selenium.chrome.ChromeDriver\nCommand: [e8c675aaaf74e729a098c35801e3a0d5, get {url=https://opensource-demo.orangehrmlive.com/}]\nselenide.url: https://opensource-demo.orangehrmlive.com/\nCapabilities {acceptInsecureCerts: true, browserName: chrome, browserVersion: 128.0.6613.120, chrome: {chromedriverVersion: 128.0.6613.119 (6e439cfca4d..., userDataDir: C:\\Users\\TAHIRU~1\\AppData\\L...}, fedcm:accounts: true, goog:chromeOptions: {debuggerAddress: localhost:51362}, networkConnectionEnabled: false, pageLoadStrategy: normal, platformName: windows, proxy: Proxy(), se:cdp: ws://localhost:51362/devtoo..., se:cdpVersion: 128.0.6613.120, setWindowRect: true, strictFileInteractability: false, timeouts: {implicit: 0, pageLoad: 300000, script: 30000}, unhandledPromptBehavior: accept, webauthn:extension:credBlob: true, webauthn:extension:largeBlob: true, webauthn:extension:minPinLength: true, webauthn:extension:prf: true, webauthn:virtualAuthenticators: true}\nselenide.baseUrl: http://localhost:8080\nSession ID: e8c675aaaf74e729a098c35801e3a0d5","time":{"start":1725837761142,"stop":1725837791197,"duration":30055}},{"uid":"3a31c72ab71328aa","status":"passed","time":{"start":1725672057580,"stop":1725672067307,"duration":9727}},{"uid":"d3870c3d21cd03dc","status":"passed","time":{"start":1725671981134,"stop":1725671996466,"duration":15332}},{"uid":"82dd5f6f6d6132a9","status":"broken","statusDetails":"timeout: Timed out receiving message from renderer: 28.015\n  (Session info: chrome=128.0.6613.114)\nBuild info: version: '4.19.1', revision: 'abe0ee07dc'\nSystem info: os.name: 'Windows 11', os.arch: 'amd64', os.version: '10.0', java.version: '22.0.1'\nDriver info: org.openqa.selenium.chrome.ChromeDriver\nCommand: [b905e0f14731b99e3f916de35d70c859, get {url=https://opensource-demo.orangehrmlive.com/}]\nselenide.url: https://opensource-demo.orangehrmlive.com/\nCapabilities {acceptInsecureCerts: true, browserName: chrome, browserVersion: 128.0.6613.114, chrome: {chromedriverVersion: 128.0.6613.119 (6e439cfca4d..., userDataDir: C:\\Users\\TAHIRU~1\\AppData\\L...}, fedcm:accounts: true, goog:chromeOptions: {debuggerAddress: localhost:63911}, networkConnectionEnabled: false, pageLoadStrategy: normal, platformName: windows, proxy: Proxy(), se:cdp: ws://localhost:63911/devtoo..., se:cdpVersion: 128.0.6613.114, setWindowRect: true, strictFileInteractability: false, timeouts: {implicit: 0, pageLoad: 300000, script: 30000}, unhandledPromptBehavior: accept, webauthn:extension:credBlob: true, webauthn:extension:largeBlob: true, webauthn:extension:minPinLength: true, webauthn:extension:prf: true, webauthn:virtualAuthenticators: true}\nselenide.baseUrl: http://localhost:8080\nSession ID: b905e0f14731b99e3f916de35d70c859","time":{"start":1725671939934,"stop":1725671971847,"duration":31913}},{"uid":"5700d1dcfc451848","status":"broken","statusDetails":"timeout: Timed out receiving message from renderer: 23.817\n  (Session info: chrome=128.0.6613.114)\nBuild info: version: '4.19.1', revision: 'abe0ee07dc'\nSystem info: os.name: 'Windows 11', os.arch: 'amd64', os.version: '10.0', java.version: '22.0.1'\nDriver info: org.openqa.selenium.chrome.ChromeDriver\nCommand: [12265a7c28199ba0576d1db0b463972d, get {url=https://opensource-demo.orangehrmlive.com/}]\nselenide.url: https://opensource-demo.orangehrmlive.com/\nCapabilities {acceptInsecureCerts: true, browserName: chrome, browserVersion: 128.0.6613.114, chrome: {chromedriverVersion: 128.0.6613.119 (6e439cfca4d..., userDataDir: C:\\Users\\TAHIRU~1\\AppData\\L...}, fedcm:accounts: true, goog:chromeOptions: {debuggerAddress: localhost:63853}, networkConnectionEnabled: false, pageLoadStrategy: normal, platformName: windows, proxy: Proxy(), se:cdp: ws://localhost:63853/devtoo..., se:cdpVersion: 128.0.6613.114, setWindowRect: true, strictFileInteractability: false, timeouts: {implicit: 0, pageLoad: 300000, script: 30000}, unhandledPromptBehavior: accept, webauthn:extension:credBlob: true, webauthn:extension:largeBlob: true, webauthn:extension:minPinLength: true, webauthn:extension:prf: true, webauthn:virtualAuthenticators: true}\nselenide.baseUrl: http://localhost:8080\nSession ID: 12265a7c28199ba0576d1db0b463972d","time":{"start":1725671901088,"stop":1725671933024,"duration":31936}},{"uid":"fe2e2e73ec4b681d","status":"passed","time":{"start":1725671803530,"stop":1725671813169,"duration":9639}},{"uid":"30d0285a2d86c5f0","status":"failed","statusDetails":"Element not found {input[name='username']}\r\nExpected: editable\r\nPage source: file:/C:/Users/TahiruYussif/Projects/OrangeHRM_Automation/build/reports/tests/1725671797289.0.html\r\nTimeout: 10 s.\r\nCaused by: NoSuchWindowException: no such window: target window already closed","time":{"start":1725671749250,"stop":1725671797307,"duration":48057}},{"uid":"da8f75a9633827c","status":"passed","time":{"start":1725671609112,"stop":1725671639095,"duration":29983}},{"uid":"a36aeeafba6252e6","status":"passed","time":{"start":1725670577571,"stop":1725670600073,"duration":22502}},{"uid":"78b85369a4c2fdb1","status":"broken","statusDetails":"Cannot invoke \"java.lang.CharSequence.length()\" because \"this.text\" is null","time":{"start":1725670536918,"stop":1725670536997,"duration":79}},{"uid":"928d2baaf2ca3f0b","status":"broken","statusDetails":"Cannot invoke \"java.lang.CharSequence.length()\" because \"this.text\" is null","time":{"start":1725670461222,"stop":1725670461307,"duration":85}},{"uid":"26c57b3ffed06353","status":"broken","statusDetails":"Cannot invoke \"java.lang.CharSequence.length()\" because \"this.text\" is null","time":{"start":1725670395350,"stop":1725670395443,"duration":93}},{"uid":"fb4ce5acf5140b0","status":"broken","statusDetails":"Cannot invoke \"java.lang.CharSequence.length()\" because \"this.text\" is null","time":{"start":1725670273324,"stop":1725670273395,"duration":71}}],"categories":[{"name":"Product defects","matchedStatuses":[],"flaky":false}],"tags":[]},"source":"c20ff74627833ba3.json","parameterValues":[]}