{"uid":"eb94d23163db9651","name":"setUp","fullName":"tests.Leaves.Settings.LeavesType.setUp","historyId":"4cc307618ed4273068e1ab996405e523","time":{"start":1722934394547,"stop":1722934394552,"duration":5},"status":"failed","statusMessage":"Invalid element state [By.xpath: //button[text()=' Skip ']]: element click intercepted: Element <button data-v-2ad7093c=\"\" class=\"button with_border flex items-center justify-center gap-1\" data-cy=\"\">...</button> is not clickable at point (640, 549). Other element would receive the click: <button data-v-2ad7093c=\"\" class=\"button with_border flex items-center justify-center gap-1\" data-cy=\"\">...</button>\r\nScreenshot: file:/C:/Users/TahiruYussif/Projects/ARMS_SELENIUM_AUTOMATION/build/reports/tests/1722934394202.0.png\r\nPage source: file:/C:/Users/TahiruYussif/Projects/ARMS_SELENIUM_AUTOMATION/build/reports/tests/1722934394202.0.html\r\nTimeout: 10 s.\r\nCaused by: ElementClickInterceptedException: element click intercepted: Element <button data-v-2ad7093c=\"\" class=\"button with_border flex items-center justify-center gap-1\" data-cy=\"\">...</button> is not clickable at point (640, 549). Other element would receive the click: <button data-v-2ad7093c=\"\" class=\"button with_border flex items-center justify-center gap-1\" data-cy=\"\">...</button>","statusTrace":"Invalid element state [By.xpath: //button[text()=' Skip ']]: element click intercepted: Element <button data-v-2ad7093c=\"\" class=\"button with_border flex items-center justify-center gap-1\" data-cy=\"\">...</button> is not clickable at point (640, 549). Other element would receive the click: <button data-v-2ad7093c=\"\" class=\"button with_border flex items-center justify-center gap-1\" data-cy=\"\">...</button>\r\nScreenshot: file:/C:/Users/TahiruYussif/Projects/ARMS_SELENIUM_AUTOMATION/build/reports/tests/1722934394202.0.png\r\nPage source: file:/C:/Users/TahiruYussif/Projects/ARMS_SELENIUM_AUTOMATION/build/reports/tests/1722934394202.0.html\r\nTimeout: 10 s.\r\nCaused by: ElementClickInterceptedException: element click intercepted: Element <button data-v-2ad7093c=\"\" class=\"button with_border flex items-center justify-center gap-1\" data-cy=\"\">...</button> is not clickable at point (640, 549). Other element would receive the click: <button data-v-2ad7093c=\"\" class=\"button with_border flex items-center justify-center gap-1\" data-cy=\"\">...</button>\r\n\tat com.codeborne.selenide.impl.ExceptionWrapper.wrap(ExceptionWrapper.java:26)\r\n\tat com.codeborne.selenide.impl.SelenideElementProxy.dispatchAndRetry(SelenideElementProxy.java:156)\r\n\tat com.codeborne.selenide.impl.SelenideElementProxy.invoke(SelenideElementProxy.java:86)\r\n\tat jdk.proxy2/jdk.proxy2.$Proxy9.click(Unknown Source)\r\n\tat ArmsProject.pages.LoginPage.clickSkipButton(LoginPage.java:52)\r\n\tat ArmsProject.util.LoginBase.logIn(LoginBase.java:34)\r\n\tat ArmsProject.util.leaveBase.performLeaveHomePageTest(leaveBase.java:12)\r\n\tat tests.Leaves.Settings.LeavesType.setUp(LeavesType.java:21)\r\n\tat java.base/jdk.internal.reflect.DirectMethodHandleAccessor.invoke(DirectMethodHandleAccessor.java:103)\r\n\tat java.base/java.lang.reflect.Method.invoke(Method.java:580)\r\n\tat org.testng.internal.invokers.MethodInvocationHelper.invokeMethod(MethodInvocationHelper.java:141)\r\n\tat org.testng.internal.invokers.MethodInvocationHelper.invokeMethodConsideringTimeout(MethodInvocationHelper.java:71)\r\n\tat org.testng.internal.invokers.ConfigInvoker.invokeConfigurationMethod(ConfigInvoker.java:400)\r\n\tat org.testng.internal.invokers.ConfigInvoker.invokeConfigurations(ConfigInvoker.java:333)\r\n\tat org.testng.internal.invokers.TestInvoker.runConfigMethods(TestInvoker.java:833)\r\n\tat org.testng.internal.invokers.TestInvoker.invokeMethod(TestInvoker.java:600)\r\n\tat org.testng.internal.invokers.TestInvoker.invokeTestMethod(TestInvoker.java:230)\r\n\tat org.testng.internal.invokers.MethodRunner.runInSequence(MethodRunner.java:63)\r\n\tat org.testng.internal.invokers.TestInvoker$MethodInvocationAgent.invoke(TestInvoker.java:992)\r\n\tat org.testng.internal.invokers.TestInvoker.invokeTestMethods(TestInvoker.java:203)\r\n\tat org.testng.internal.invokers.TestMethodWorker.invokeTestMethods(TestMethodWorker.java:154)\r\n\tat org.testng.internal.invokers.TestMethodWorker.run(TestMethodWorker.java:134)\r\n\tat java.base/java.util.ArrayList.forEach(ArrayList.java:1597)\r\n\tat org.testng.TestRunner.privateRun(TestRunner.java:739)\r\n\tat org.testng.TestRunner.run(TestRunner.java:614)\r\n\tat org.testng.SuiteRunner.runTest(SuiteRunner.java:421)\r\n\tat org.testng.SuiteRunner.runSequentially(SuiteRunner.java:413)\r\n\tat org.testng.SuiteRunner.privateRun(SuiteRunner.java:373)\r\n\tat org.testng.SuiteRunner.run(SuiteRunner.java:312)\r\n\tat org.testng.SuiteRunnerWorker.runSuite(SuiteRunnerWorker.java:52)\r\n\tat org.testng.SuiteRunnerWorker.run(SuiteRunnerWorker.java:95)\r\n\tat org.testng.TestNG.runSuitesSequentially(TestNG.java:1274)\r\n\tat org.testng.TestNG.runSuitesLocally(TestNG.java:1208)\r\n\tat org.testng.TestNG.runSuites(TestNG.java:1112)\r\n\tat org.testng.TestNG.run(TestNG.java:1079)\r\n\tat com.intellij.rt.testng.IDEARemoteTestNG.run(IDEARemoteTestNG.java:65)\r\n\tat com.intellij.rt.testng.RemoteTestNGStarter.main(RemoteTestNGStarter.java:105)\r\nCaused by: org.openqa.selenium.ElementClickInterceptedException: element click intercepted: Element <button data-v-2ad7093c=\"\" class=\"button with_border flex items-center justify-center gap-1\" data-cy=\"\">...</button> is not clickable at point (640, 549). Other element would receive the click: <button data-v-2ad7093c=\"\" class=\"button with_border flex items-center justify-center gap-1\" data-cy=\"\">...</button>\n  (Session info: chrome=127.0.6533.89)\nBuild info: version: '4.19.1', revision: 'abe0ee07dc'\nSystem info: os.name: 'Windows 11', os.arch: 'amd64', os.version: '10.0', java.version: '22.0.1'\nDriver info: org.openqa.selenium.chrome.ChromeDriver\nCommand: [3d215b4b4a6cee3644d1be638bb4918e, clickElement {id=f.24F3B92AC5092BB9931662199BC8A4AE.d.F1387DFF5CEB4AFFA09FAA3931945C92.e.25}]\nCapabilities {acceptInsecureCerts: true, browserName: chrome, browserVersion: 127.0.6533.89, chrome: {chromedriverVersion: 127.0.6533.88 (a2d0cb026721..., userDataDir: C:\\Users\\TAHIRU~1\\AppData\\L...}, fedcm:accounts: true, goog:chromeOptions: {debuggerAddress: localhost:54666}, networkConnectionEnabled: false, pageLoadStrategy: normal, platformName: windows, proxy: Proxy(), se:cdp: ws://localhost:54666/devtoo..., se:cdpVersion: 127.0.6533.89, setWindowRect: true, strictFileInteractability: false, timeouts: {implicit: 0, pageLoad: 300000, script: 30000}, unhandledPromptBehavior: accept, webauthn:extension:credBlob: true, webauthn:extension:largeBlob: true, webauthn:extension:minPinLength: true, webauthn:extension:prf: true, webauthn:virtualAuthenticators: true}\nElement: [[ChromeDriver: chrome on windows (3d215b4b4a6cee3644d1be638bb4918e)] -> xpath: //button[text()=' Skip ']]\nSession ID: 3d215b4b4a6cee3644d1be638bb4918e\r\n\tat java.base/jdk.internal.reflect.DirectConstructorHandleAccessor.newInstance(DirectConstructorHandleAccessor.java:62)\r\n\tat java.base/java.lang.reflect.Constructor.newInstanceWithCaller(Constructor.java:502)\r\n\tat java.base/java.lang.reflect.Constructor.newInstance(Constructor.java:486)\r\n\tat org.openqa.selenium.remote.ErrorCodec.decode(ErrorCodec.java:167)\r\n\tat org.openqa.selenium.remote.codec.w3c.W3CHttpResponseCodec.decode(W3CHttpResponseCodec.java:138)\r\n\tat org.openqa.selenium.remote.codec.w3c.W3CHttpResponseCodec.decode(W3CHttpResponseCodec.java:50)\r\n\tat org.openqa.selenium.remote.HttpCommandExecutor.execute(HttpCommandExecutor.java:190)\r\n\tat org.openqa.selenium.remote.service.DriverCommandExecutor.invokeExecute(DriverCommandExecutor.java:216)\r\n\tat org.openqa.selenium.remote.service.DriverCommandExecutor.execute(DriverCommandExecutor.java:174)\r\n\tat org.openqa.selenium.remote.RemoteWebDriver.execute(RemoteWebDriver.java:518)\r\n\tat org.openqa.selenium.remote.RemoteWebElement.execute(RemoteWebElement.java:223)\r\n\tat org.openqa.selenium.remote.RemoteWebElement.click(RemoteWebElement.java:76)\r\n\tat com.codeborne.selenide.commands.Click.defaultClick(Click.java:106)\r\n\tat com.codeborne.selenide.commands.Click.doClick(Click.java:83)\r\n\tat com.codeborne.selenide.commands.Click.click(Click.java:59)\r\n\tat com.codeborne.selenide.commands.Click.execute(Click.java:34)\r\n\tat com.codeborne.selenide.commands.Click.execute(Click.java:26)\r\n\tat com.codeborne.selenide.commands.Commands.execute(Commands.java:162)\r\n\tat com.codeborne.selenide.impl.SelenideElementProxy.dispatchAndRetry(SelenideElementProxy.java:134)\r\n\t... 35 more\r\n","flaky":false,"newFailed":false,"newBroken":false,"newPassed":false,"retriesCount":0,"retriesStatusChange":false,"beforeStages":[],"afterStages":[{"name":"tearDown","time":{"start":1722934394586,"stop":1722934394587,"duration":1},"description":"","status":"broken","steps":[],"attachments":[],"parameters":[],"attachmentStep":false,"stepsCount":0,"shouldDisplayMessage":false,"attachmentsCount":0,"hasContent":false}],"labels":[{"name":"package","value":"tests.Leaves.Settings.LeavesType"},{"name":"testClass","value":"tests.Leaves.Settings.LeavesType"},{"name":"testMethod","value":"setUp"},{"name":"parentSuite","value":"Default Suite"},{"name":"suite","value":"ARMS_SELENIUM_AUTOMATION"},{"name":"subSuite","value":"tests.Leaves.Settings.LeavesType"},{"name":"host","value":"AMALITECH-PC10166"},{"name":"thread","value":"22192@AMALITECH-PC10166.main(1)"},{"name":"framework","value":"testng"},{"name":"language","value":"java"},{"name":"AS_ID","value":"-1"},{"name":"resultFormat","value":"allure2"}],"parameters":[],"links":[],"hidden":true,"retry":true,"extra":{"categories":[],"tags":[]},"source":"eb94d23163db9651.json","parameterValues":[]}